#
# There is insufficient memory for the Java Runtime Environment to continue.
# Native memory allocation (malloc) failed to allocate 1039696 bytes for Chunk::new
# Possible reasons:
#   The system is out of physical RAM or swap space
#   The process is running with CompressedOops enabled, and the Java Heap may be blocking the growth of the native heap
# Possible solutions:
#   Reduce memory load on the system
#   Increase physical memory or swap space
#   Check if swap backing store is full
#   Decrease Java heap size (-Xmx/-Xms)
#   Decrease number of Java threads
#   Decrease Java thread stack sizes (-Xss)
#   Set larger code cache with -XX:ReservedCodeCacheSize=
#   JVM is running with Zero Based Compressed Oops mode in which the Java heap is
#     placed in the first 32GB address space. The Java Heap base address is the
#     maximum limit for the native heap growth. Please use -XX:HeapBaseMinAddress
#     to set the Java Heap base and to place the Java Heap above 32GB virtual address.
# This output file may be truncated or incomplete.
#
#  Out of Memory Error (arena.cpp:184), pid=5220, tid=19468
#
# JRE version: Java(TM) SE Runtime Environment (19.0.2+7) (build 19.0.2+7-44)
# Java VM: Java HotSpot(TM) 64-Bit Server VM (19.0.2+7-44, mixed mode, sharing, tiered, compressed oops, compressed class ptrs, g1 gc, windows-amd64)
# No core dump will be written. Minidumps are not enabled by default on client versions of Windows
#

---------------  S U M M A R Y ------------

Command Line: -Dclassworlds.conf=F:\Portables\apache-maven-3.9.1\bin\m2.conf -Dmaven.home=F:\Portables\apache-maven-3.9.1 -Dlibrary.jansi.path=F:\Portables\apache-maven-3.9.1\lib\jansi-native -Dmaven.multiModuleProjectDirectory=F:\WorkingPlace\TpbFico\Research\kogito-quarkus-samples org.codehaus.plexus.classworlds.launcher.Launcher quarkus:dev

Host: Intel(R) Core(TM) i7-10700 CPU @ 2.90GHz, 16 cores, 23G,  Windows 10 , 64 bit Build 19041 (10.0.19041.2788)
Time: Thu May  4 18:00:14 2023 SE Asia Standard Time elapsed time: 17.444841 seconds (0d 0h 0m 17s)

---------------  T H R E A D  ---------------

Current thread (0x000001db2d776e10):  JavaThread "C2 CompilerThread0" daemon [_thread_in_native, id=19468, stack(0x00000010bcb00000,0x00000010bcc00000)]


Current CompileTask:
C2:  17444 7725   !   4       jdk.internal.loader.BuiltinClassLoader::loadClassOrNull (143 bytes)

Stack: [0x00000010bcb00000,0x00000010bcc00000]
Native frames: (J=compiled Java code, j=interpreted, Vv=VM code, C=native code)
V  [jvm.dll+0x6ee21a]
V  [jvm.dll+0x85765e]
V  [jvm.dll+0x85904e]
V  [jvm.dll+0x859703]
V  [jvm.dll+0x28298f]
V  [jvm.dll+0xc9adf]
V  [jvm.dll+0xc9e65]
V  [jvm.dll+0x2f7caf]
V  [jvm.dll+0x5f076b]
V  [jvm.dll+0x25590c]
V  [jvm.dll+0x24e1a7]
V  [jvm.dll+0x24b673]
V  [jvm.dll+0x1d6ce1]
V  [jvm.dll+0x25b25a]
V  [jvm.dll+0x2596e8]
V  [jvm.dll+0x807588]
V  [jvm.dll+0x80125a]
V  [jvm.dll+0x6ecf0b]
C  [ucrtbase.dll+0x21bb2]
C  [KERNEL32.DLL+0x17604]
C  [ntdll.dll+0x526a1]


---------------  P R O C E S S  ---------------

Threads class SMR info:
_java_thread_list=0x000001db3485ad50, length=13, elements={
0x000001db02d66dd0, 0x000001db2d7702e0, 0x000001db2d770ed0, 0x000001db2d771e80,
0x000001db2d773900, 0x000001db2d775380, 0x000001db2d776070, 0x000001db2d776e10,
0x000001db2d779790, 0x000001db2d780660, 0x000001db2d8c3fa0, 0x000001db2d8ca3c0,
0x000001db33b98650
}

Java Threads: ( => current thread )
  0x000001db02d66dd0 JavaThread "main" [_thread_in_native, id=14656, stack(0x00000010bbe00000,0x00000010bbf00000)]
  0x000001db2d7702e0 JavaThread "Reference Handler" daemon [_thread_blocked, id=11696, stack(0x00000010bc500000,0x00000010bc600000)]
  0x000001db2d770ed0 JavaThread "Finalizer" daemon [_thread_blocked, id=22132, stack(0x00000010bc600000,0x00000010bc700000)]
  0x000001db2d771e80 JavaThread "Signal Dispatcher" daemon [_thread_blocked, id=2740, stack(0x00000010bc700000,0x00000010bc800000)]
  0x000001db2d773900 JavaThread "Attach Listener" daemon [_thread_blocked, id=6220, stack(0x00000010bc800000,0x00000010bc900000)]
  0x000001db2d775380 JavaThread "Service Thread" daemon [_thread_blocked, id=3044, stack(0x00000010bc900000,0x00000010bca00000)]
  0x000001db2d776070 JavaThread "Monitor Deflation Thread" daemon [_thread_blocked, id=17520, stack(0x00000010bca00000,0x00000010bcb00000)]
=>0x000001db2d776e10 JavaThread "C2 CompilerThread0" daemon [_thread_in_native, id=19468, stack(0x00000010bcb00000,0x00000010bcc00000)]
  0x000001db2d779790 JavaThread "C1 CompilerThread0" daemon [_thread_blocked, id=8148, stack(0x00000010bcc00000,0x00000010bcd00000)]
  0x000001db2d780660 JavaThread "Sweeper thread" daemon [_thread_blocked, id=11556, stack(0x00000010bcd00000,0x00000010bce00000)]
  0x000001db2d8c3fa0 JavaThread "Notification Thread" daemon [_thread_blocked, id=23876, stack(0x00000010bcf00000,0x00000010bd000000)]
  0x000001db2d8ca3c0 JavaThread "Common-Cleaner" daemon [_thread_blocked, id=27332, stack(0x00000010bd100000,0x00000010bd200000)]
  0x000001db33b98650 JavaThread "C1 CompilerThread1" daemon [_thread_blocked, id=1652, stack(0x00000010bce00000,0x00000010bcf00000)]

Other Threads:
  0x000001db2d756cb0 VMThread "VM Thread" [stack: 0x00000010bc400000,0x00000010bc500000] [id=25964]
  0x000001db2d8c8d00 WatcherThread "VM Periodic Task Thread" [stack: 0x00000010bd000000,0x00000010bd100000] [id=20804]
  0x000001db02dc27c0 WorkerThread "GC Thread#0" [stack: 0x00000010bbf00000,0x00000010bc000000] [id=15692]
  0x000001db31ec5c80 WorkerThread "GC Thread#1" [stack: 0x00000010bd800000,0x00000010bd900000] [id=7636]
  0x000001db31ec4060 WorkerThread "GC Thread#2" [stack: 0x00000010bd900000,0x00000010bda00000] [id=11552]
  0x000001db31ec5140 WorkerThread "GC Thread#3" [stack: 0x00000010bda00000,0x00000010bdb00000] [id=20232]
  0x000001db31ec48d0 WorkerThread "GC Thread#4" [stack: 0x00000010bdb00000,0x00000010bdc00000] [id=1916]
  0x000001db31ec59b0 WorkerThread "GC Thread#5" [stack: 0x00000010bdc00000,0x00000010bdd00000] [id=14868]
  0x000001db31ec4ba0 WorkerThread "GC Thread#6" [stack: 0x00000010bdd00000,0x00000010bde00000] [id=26500]
  0x000001db31ec4e70 WorkerThread "GC Thread#7" [stack: 0x00000010bde00000,0x00000010bdf00000] [id=27612]
  0x000001db31ec5410 WorkerThread "GC Thread#8" [stack: 0x00000010bdf00000,0x00000010be000000] [id=23816]
  0x000001db33e7aa80 WorkerThread "GC Thread#9" [stack: 0x00000010be200000,0x00000010be300000] [id=20592]
  0x000001db33e7ad50 WorkerThread "GC Thread#10" [stack: 0x00000010be300000,0x00000010be400000] [id=12008]
  0x000001db33e7dff0 WorkerThread "GC Thread#11" [stack: 0x00000010be400000,0x00000010be500000] [id=19132]
  0x000001db33e7b2f0 WorkerThread "GC Thread#12" [stack: 0x00000010be500000,0x00000010be600000] [id=8572]
  0x000001db02dd1400 ConcurrentGCThread "G1 Main Marker" [stack: 0x00000010bc000000,0x00000010bc100000] [id=3452]
  0x000001db02dd1ed0 WorkerThread "G1 Conc#0" [stack: 0x00000010bc100000,0x00000010bc200000] [id=5292]
  0x000001db33e7be30 WorkerThread "G1 Conc#1" [stack: 0x00000010bd200000,0x00000010bd300000] [id=5796]
  0x000001db33e7d780 WorkerThread "G1 Conc#2" [stack: 0x00000010bd400000,0x00000010bd500000] [id=16752]
  0x000001db02deeab0 ConcurrentGCThread "G1 Refine#0" [stack: 0x00000010bc200000,0x00000010bc300000] [id=15188]
  0x000001db2a8129c0 ConcurrentGCThread "G1 Service" [stack: 0x00000010bc300000,0x00000010bc400000] [id=21284]

Threads with active compile tasks:
C2 CompilerThread0    17545 7725   !   4       jdk.internal.loader.BuiltinClassLoader::loadClassOrNull (143 bytes)

VM state: not at safepoint (normal execution)

VM Mutex/Monitor currently owned by a thread: None

Heap address: 0x0000000682800000, size: 6104 MB, Compressed Oops mode: Zero based, Oop shift amount: 3

CDS archive(s) mapped at: [0x0000000800000000-0x0000000800c40000-0x0000000800c40000), size 12845056, SharedBaseAddress: 0x0000000800000000, ArchiveRelocationMode: 0.
Compressed class space mapped at: 0x0000000801000000-0x0000000841000000, reserved size: 1073741824
Narrow klass base: 0x0000000800000000, Narrow klass shift: 0, Narrow klass range: 0x100000000

GC Precious Log:
 CardTable entry size: 512
 Card Set container configuration: InlinePtr #cards 4 size 8 Array Of Cards #cards 32 size 80 Howl #buckets 8 coarsen threshold 7372 Howl Bitmap #cards 1024 size 144 coarsen threshold 921 Card regions per heap region 1 cards per card region 8192
 CPUs: 16 total, 16 available
 Memory: 24400M
 Large Page Support: Disabled
 NUMA Support: Disabled
 Compressed Oops: Enabled (Zero based)
 Heap Region Size: 4M
 Heap Min Capacity: 8M
 Heap Initial Capacity: 384M
 Heap Max Capacity: 6104M
 Pre-touch: Disabled
 Parallel Workers: 13
 Concurrent Workers: 3
 Concurrent Refinement Workers: 13
 Periodic GC: Disabled

Heap:
 garbage-first heap   total 647168K, used 284962K [0x0000000682800000, 0x0000000800000000)
  region size 4096K, 33 young (135168K), 4 survivors (16384K)
 Metaspace       used 29264K, committed 29760K, reserved 1114112K
  class space    used 3153K, committed 3392K, reserved 1048576K

Heap Regions: E=young(eden), S=young(survivor), O=old, HS=humongous(starts), HC=humongous(continues), CS=collection set, F=free, OA=open archive, CA=closed archive, TAMS=top-at-mark-start (previous, next)
|   0|0x0000000682800000, 0x0000000682c00000, 0x0000000682c00000|100%| O|  |TAMS 0x0000000682c00000, 0x0000000682800000| Untracked 
|   1|0x0000000682c00000, 0x0000000683000000, 0x0000000683000000|100%| O|  |TAMS 0x0000000683000000, 0x0000000682c00000| Untracked 
|   2|0x0000000683000000, 0x0000000683400000, 0x0000000683400000|100%| O|  |TAMS 0x0000000683400000, 0x0000000683000000| Untracked 
|   3|0x0000000683400000, 0x0000000683800000, 0x0000000683800000|100%| O|  |TAMS 0x0000000683800000, 0x0000000683400000| Untracked 
|   4|0x0000000683800000, 0x0000000683c00000, 0x0000000683c00000|100%| O|  |TAMS 0x0000000683c00000, 0x0000000683800000| Untracked 
|   5|0x0000000683c00000, 0x0000000684000000, 0x0000000684000000|100%| O|  |TAMS 0x0000000684000000, 0x0000000683c00000| Untracked 
|   6|0x0000000684000000, 0x0000000684400000, 0x0000000684400000|100%| O|  |TAMS 0x0000000684400000, 0x0000000684000000| Untracked 
|   7|0x0000000684400000, 0x0000000684800000, 0x0000000684800000|100%| O|  |TAMS 0x0000000684800000, 0x0000000684400000| Untracked 
|   8|0x0000000684800000, 0x0000000684c00000, 0x0000000684c00000|100%| O|  |TAMS 0x0000000684c00000, 0x0000000684800000| Untracked 
|   9|0x0000000684c00000, 0x0000000685000000, 0x0000000685000000|100%| O|  |TAMS 0x0000000685000000, 0x0000000684c00000| Untracked 
|  10|0x0000000685000000, 0x0000000685400000, 0x0000000685400000|100%| O|  |TAMS 0x0000000685400000, 0x0000000685000000| Untracked 
|  11|0x0000000685400000, 0x0000000685800000, 0x0000000685800000|100%| O|  |TAMS 0x0000000685800000, 0x0000000685400000| Untracked 
|  12|0x0000000685800000, 0x0000000685c00000, 0x0000000685c00000|100%| O|  |TAMS 0x0000000685c00000, 0x0000000685800000| Untracked 
|  13|0x0000000685c00000, 0x0000000686000000, 0x0000000686000000|100%| O|  |TAMS 0x0000000685c00000, 0x0000000685c00000| Untracked 
|  14|0x0000000686000000, 0x0000000686400000, 0x0000000686400000|100%| O|  |TAMS 0x0000000686000000, 0x0000000686000000| Untracked 
|  15|0x0000000686400000, 0x0000000686800000, 0x0000000686800000|100%| O|  |TAMS 0x0000000686400000, 0x0000000686400000| Untracked 
|  16|0x0000000686800000, 0x0000000686c00000, 0x0000000686c00000|100%| O|  |TAMS 0x0000000686800000, 0x0000000686800000| Untracked 
|  17|0x0000000686c00000, 0x0000000687000000, 0x0000000687000000|100%| O|  |TAMS 0x0000000686c00000, 0x0000000686c00000| Untracked 
|  18|0x0000000687000000, 0x0000000687400000, 0x0000000687400000|100%| O|  |TAMS 0x0000000687000000, 0x0000000687000000| Untracked 
|  19|0x0000000687400000, 0x00000006877e4600, 0x0000000687800000| 97%| O|  |TAMS 0x0000000687400000, 0x0000000687400000| Untracked 
|  20|0x0000000687800000, 0x0000000687c00000, 0x0000000687c00000|100%| O|  |TAMS 0x0000000687800000, 0x0000000687800000| Untracked 
|  21|0x0000000687c00000, 0x0000000688000000, 0x0000000688000000|100%| O|  |TAMS 0x0000000687c00000, 0x0000000687c00000| Untracked 
|  22|0x0000000688000000, 0x0000000688400000, 0x0000000688400000|100%| O|  |TAMS 0x0000000688000000, 0x0000000688000000| Untracked 
|  23|0x0000000688400000, 0x0000000688800000, 0x0000000688800000|100%| O|  |TAMS 0x0000000688400000, 0x0000000688400000| Untracked 
|  24|0x0000000688800000, 0x0000000688c00000, 0x0000000688c00000|100%| O|  |TAMS 0x0000000688800000, 0x0000000688800000| Untracked 
|  25|0x0000000688c00000, 0x0000000689000000, 0x0000000689000000|100%| O|  |TAMS 0x0000000688c00000, 0x0000000688c00000| Untracked 
|  26|0x0000000689000000, 0x0000000689400000, 0x0000000689400000|100%| O|  |TAMS 0x0000000689000000, 0x0000000689000000| Untracked 
|  27|0x0000000689400000, 0x0000000689800000, 0x0000000689800000|100%| O|  |TAMS 0x0000000689400000, 0x0000000689400000| Untracked 
|  28|0x0000000689800000, 0x0000000689c00000, 0x0000000689c00000|100%| O|  |TAMS 0x0000000689800000, 0x0000000689800000| Untracked 
|  29|0x0000000689c00000, 0x000000068a000000, 0x000000068a000000|100%| O|  |TAMS 0x0000000689c00000, 0x0000000689c00000| Untracked 
|  30|0x000000068a000000, 0x000000068a400000, 0x000000068a400000|100%| O|  |TAMS 0x000000068a000000, 0x000000068a000000| Untracked 
|  31|0x000000068a400000, 0x000000068a800000, 0x000000068a800000|100%| O|  |TAMS 0x000000068a400000, 0x000000068a400000| Untracked 
|  32|0x000000068a800000, 0x000000068ac00000, 0x000000068ac00000|100%| O|  |TAMS 0x000000068a800000, 0x000000068a800000| Untracked 
|  33|0x000000068ac00000, 0x000000068b000000, 0x000000068b000000|100%| O|  |TAMS 0x000000068ac00000, 0x000000068ac00000| Untracked 
|  34|0x000000068b000000, 0x000000068b400000, 0x000000068b400000|100%| O|  |TAMS 0x000000068b000000, 0x000000068b000000| Untracked 
|  35|0x000000068b400000, 0x000000068b800000, 0x000000068b800000|100%| O|  |TAMS 0x000000068b400000, 0x000000068b400000| Untracked 
|  36|0x000000068b800000, 0x000000068bc00000, 0x000000068bc00000|100%| O|  |TAMS 0x000000068b800000, 0x000000068b800000| Untracked 
|  37|0x000000068bc00000, 0x000000068c000000, 0x000000068c000000|100%| O|  |TAMS 0x000000068bc00000, 0x000000068bc00000| Untracked 
|  38|0x000000068c000000, 0x000000068c264400, 0x000000068c400000| 59%| O|  |TAMS 0x000000068c000000, 0x000000068c000000| Untracked 
|  39|0x000000068c400000, 0x000000068c400000, 0x000000068c800000|  0%| F|  |TAMS 0x000000068c400000, 0x000000068c400000| Untracked 
|  40|0x000000068c800000, 0x000000068c800000, 0x000000068cc00000|  0%| F|  |TAMS 0x000000068c800000, 0x000000068c800000| Untracked 
|  41|0x000000068cc00000, 0x000000068cc00000, 0x000000068d000000|  0%| F|  |TAMS 0x000000068cc00000, 0x000000068cc00000| Untracked 
|  42|0x000000068d000000, 0x000000068d000000, 0x000000068d400000|  0%| F|  |TAMS 0x000000068d000000, 0x000000068d000000| Untracked 
|  43|0x000000068d400000, 0x000000068d400000, 0x000000068d800000|  0%| F|  |TAMS 0x000000068d400000, 0x000000068d400000| Untracked 
|  44|0x000000068d800000, 0x000000068d800000, 0x000000068dc00000|  0%| F|  |TAMS 0x000000068d800000, 0x000000068d800000| Untracked 
|  45|0x000000068dc00000, 0x000000068dc00000, 0x000000068e000000|  0%| F|  |TAMS 0x000000068dc00000, 0x000000068dc00000| Untracked 
|  46|0x000000068e000000, 0x000000068e000000, 0x000000068e400000|  0%| F|  |TAMS 0x000000068e000000, 0x000000068e000000| Untracked 
|  47|0x000000068e400000, 0x000000068e400000, 0x000000068e800000|  0%| F|  |TAMS 0x000000068e400000, 0x000000068e400000| Untracked 
|  48|0x000000068e800000, 0x000000068e800000, 0x000000068ec00000|  0%| F|  |TAMS 0x000000068e800000, 0x000000068e800000| Untracked 
|  49|0x000000068ec00000, 0x000000068ec00000, 0x000000068f000000|  0%| F|  |TAMS 0x000000068ec00000, 0x000000068ec00000| Untracked 
|  50|0x000000068f000000, 0x000000068f400000, 0x000000068f400000|100%| S|CS|TAMS 0x000000068f000000, 0x000000068f000000| Complete 
|  51|0x000000068f400000, 0x000000068f800000, 0x000000068f800000|100%| S|CS|TAMS 0x000000068f400000, 0x000000068f400000| Complete 
|  52|0x000000068f800000, 0x000000068fc00000, 0x000000068fc00000|100%| S|CS|TAMS 0x000000068f800000, 0x000000068f800000| Complete 
|  53|0x000000068fc00000, 0x0000000690000000, 0x0000000690000000|100%| S|CS|TAMS 0x000000068fc00000, 0x000000068fc00000| Complete 
|  54|0x0000000690000000, 0x0000000690000000, 0x0000000690400000|  0%| F|  |TAMS 0x0000000690000000, 0x0000000690000000| Untracked 
|  55|0x0000000690400000, 0x0000000690400000, 0x0000000690800000|  0%| F|  |TAMS 0x0000000690400000, 0x0000000690400000| Untracked 
|  56|0x0000000690800000, 0x0000000690800000, 0x0000000690c00000|  0%| F|  |TAMS 0x0000000690800000, 0x0000000690800000| Untracked 
|  57|0x0000000690c00000, 0x0000000690c00000, 0x0000000691000000|  0%| F|  |TAMS 0x0000000690c00000, 0x0000000690c00000| Untracked 
|  58|0x0000000691000000, 0x0000000691000000, 0x0000000691400000|  0%| F|  |TAMS 0x0000000691000000, 0x0000000691000000| Untracked 
|  59|0x0000000691400000, 0x0000000691400000, 0x0000000691800000|  0%| F|  |TAMS 0x0000000691400000, 0x0000000691400000| Untracked 
|  60|0x0000000691800000, 0x0000000691800000, 0x0000000691c00000|  0%| F|  |TAMS 0x0000000691800000, 0x0000000691800000| Untracked 
|  61|0x0000000691c00000, 0x0000000691c00000, 0x0000000692000000|  0%| F|  |TAMS 0x0000000691c00000, 0x0000000691c00000| Untracked 
|  62|0x0000000692000000, 0x0000000692000000, 0x0000000692400000|  0%| F|  |TAMS 0x0000000692000000, 0x0000000692000000| Untracked 
|  63|0x0000000692400000, 0x0000000692400000, 0x0000000692800000|  0%| F|  |TAMS 0x0000000692400000, 0x0000000692400000| Untracked 
|  64|0x0000000692800000, 0x0000000692800000, 0x0000000692c00000|  0%| F|  |TAMS 0x0000000692800000, 0x0000000692800000| Untracked 
|  65|0x0000000692c00000, 0x0000000692c00000, 0x0000000693000000|  0%| F|  |TAMS 0x0000000692c00000, 0x0000000692c00000| Untracked 
|  66|0x0000000693000000, 0x0000000693000000, 0x0000000693400000|  0%| F|  |TAMS 0x0000000693000000, 0x0000000693000000| Untracked 
|  67|0x0000000693400000, 0x0000000693400000, 0x0000000693800000|  0%| F|  |TAMS 0x0000000693400000, 0x0000000693400000| Untracked 
|  68|0x0000000693800000, 0x0000000693800000, 0x0000000693c00000|  0%| F|  |TAMS 0x0000000693800000, 0x0000000693800000| Untracked 
|  69|0x0000000693c00000, 0x0000000693c00000, 0x0000000694000000|  0%| F|  |TAMS 0x0000000693c00000, 0x0000000693c00000| Untracked 
|  70|0x0000000694000000, 0x0000000694000000, 0x0000000694400000|  0%| F|  |TAMS 0x0000000694000000, 0x0000000694000000| Untracked 
|  71|0x0000000694400000, 0x0000000694400000, 0x0000000694800000|  0%| F|  |TAMS 0x0000000694400000, 0x0000000694400000| Untracked 
|  72|0x0000000694800000, 0x0000000694800000, 0x0000000694c00000|  0%| F|  |TAMS 0x0000000694800000, 0x0000000694800000| Untracked 
|  73|0x0000000694c00000, 0x0000000694c00000, 0x0000000695000000|  0%| F|  |TAMS 0x0000000694c00000, 0x0000000694c00000| Untracked 
|  74|0x0000000695000000, 0x0000000695000000, 0x0000000695400000|  0%| F|  |TAMS 0x0000000695000000, 0x0000000695000000| Untracked 
|  75|0x0000000695400000, 0x0000000695400000, 0x0000000695800000|  0%| F|  |TAMS 0x0000000695400000, 0x0000000695400000| Untracked 
|  76|0x0000000695800000, 0x0000000695800000, 0x0000000695c00000|  0%| F|  |TAMS 0x0000000695800000, 0x0000000695800000| Untracked 
|  77|0x0000000695c00000, 0x0000000695c00000, 0x0000000696000000|  0%| F|  |TAMS 0x0000000695c00000, 0x0000000695c00000| Untracked 
|  78|0x0000000696000000, 0x0000000696000000, 0x0000000696400000|  0%| F|  |TAMS 0x0000000696000000, 0x0000000696000000| Untracked 
|  79|0x0000000696400000, 0x0000000696400000, 0x0000000696800000|  0%| F|  |TAMS 0x0000000696400000, 0x0000000696400000| Untracked 
|  80|0x0000000696800000, 0x0000000696800000, 0x0000000696c00000|  0%| F|  |TAMS 0x0000000696800000, 0x0000000696800000| Untracked 
|  81|0x0000000696c00000, 0x0000000696c00000, 0x0000000697000000|  0%| F|  |TAMS 0x0000000696c00000, 0x0000000696c00000| Untracked 
|  82|0x0000000697000000, 0x0000000697000000, 0x0000000697400000|  0%| F|  |TAMS 0x0000000697000000, 0x0000000697000000| Untracked 
|  83|0x0000000697400000, 0x0000000697400000, 0x0000000697800000|  0%| F|  |TAMS 0x0000000697400000, 0x0000000697400000| Untracked 
|  84|0x0000000697800000, 0x0000000697800000, 0x0000000697c00000|  0%| F|  |TAMS 0x0000000697800000, 0x0000000697800000| Untracked 
|  85|0x0000000697c00000, 0x0000000697c00000, 0x0000000698000000|  0%| F|  |TAMS 0x0000000697c00000, 0x0000000697c00000| Untracked 
|  86|0x0000000698000000, 0x0000000698000000, 0x0000000698400000|  0%| F|  |TAMS 0x0000000698000000, 0x0000000698000000| Untracked 
|  87|0x0000000698400000, 0x0000000698400000, 0x0000000698800000|  0%| F|  |TAMS 0x0000000698400000, 0x0000000698400000| Untracked 
|  88|0x0000000698800000, 0x0000000698800000, 0x0000000698c00000|  0%| F|  |TAMS 0x0000000698800000, 0x0000000698800000| Untracked 
|  89|0x0000000698c00000, 0x0000000698c00000, 0x0000000699000000|  0%| F|  |TAMS 0x0000000698c00000, 0x0000000698c00000| Untracked 
|  90|0x0000000699000000, 0x0000000699000000, 0x0000000699400000|  0%| F|  |TAMS 0x0000000699000000, 0x0000000699000000| Untracked 
|  91|0x0000000699400000, 0x0000000699400000, 0x0000000699800000|  0%| F|  |TAMS 0x0000000699400000, 0x0000000699400000| Untracked 
|  92|0x0000000699800000, 0x0000000699800000, 0x0000000699c00000|  0%| F|  |TAMS 0x0000000699800000, 0x0000000699800000| Untracked 
|  93|0x0000000699c00000, 0x0000000699c00000, 0x000000069a000000|  0%| F|  |TAMS 0x0000000699c00000, 0x0000000699c00000| Untracked 
|  94|0x000000069a000000, 0x000000069a000000, 0x000000069a400000|  0%| F|  |TAMS 0x000000069a000000, 0x000000069a000000| Untracked 
|  95|0x000000069a400000, 0x000000069a400000, 0x000000069a800000|  0%| F|  |TAMS 0x000000069a400000, 0x000000069a400000| Untracked 
|  96|0x000000069a800000, 0x000000069a800000, 0x000000069ac00000|  0%| F|  |TAMS 0x000000069a800000, 0x000000069a800000| Untracked 
|  97|0x000000069ac00000, 0x000000069ac00000, 0x000000069b000000|  0%| F|  |TAMS 0x000000069ac00000, 0x000000069ac00000| Untracked 
|  98|0x000000069b000000, 0x000000069b000000, 0x000000069b400000|  0%| F|  |TAMS 0x000000069b000000, 0x000000069b000000| Untracked 
|  99|0x000000069b400000, 0x000000069b400000, 0x000000069b800000|  0%| F|  |TAMS 0x000000069b400000, 0x000000069b400000| Untracked 
| 100|0x000000069b800000, 0x000000069b800000, 0x000000069bc00000|  0%| F|  |TAMS 0x000000069b800000, 0x000000069b800000| Untracked 
| 101|0x000000069bc00000, 0x000000069bc00000, 0x000000069c000000|  0%| F|  |TAMS 0x000000069bc00000, 0x000000069bc00000| Untracked 
| 102|0x000000069c000000, 0x000000069c000000, 0x000000069c400000|  0%| F|  |TAMS 0x000000069c000000, 0x000000069c000000| Untracked 
| 103|0x000000069c400000, 0x000000069c400000, 0x000000069c800000|  0%| F|  |TAMS 0x000000069c400000, 0x000000069c400000| Untracked 
| 104|0x000000069c800000, 0x000000069c800000, 0x000000069cc00000|  0%| F|  |TAMS 0x000000069c800000, 0x000000069c800000| Untracked 
| 105|0x000000069cc00000, 0x000000069cc00000, 0x000000069d000000|  0%| F|  |TAMS 0x000000069cc00000, 0x000000069cc00000| Untracked 
| 106|0x000000069d000000, 0x000000069d000000, 0x000000069d400000|  0%| F|  |TAMS 0x000000069d000000, 0x000000069d000000| Untracked 
| 107|0x000000069d400000, 0x000000069d400000, 0x000000069d800000|  0%| F|  |TAMS 0x000000069d400000, 0x000000069d400000| Untracked 
| 108|0x000000069d800000, 0x000000069d800000, 0x000000069dc00000|  0%| F|  |TAMS 0x000000069d800000, 0x000000069d800000| Untracked 
| 109|0x000000069dc00000, 0x000000069dc00000, 0x000000069e000000|  0%| F|  |TAMS 0x000000069dc00000, 0x000000069dc00000| Untracked 
| 110|0x000000069e000000, 0x000000069e000000, 0x000000069e400000|  0%| F|  |TAMS 0x000000069e000000, 0x000000069e000000| Untracked 
| 111|0x000000069e400000, 0x000000069e400000, 0x000000069e800000|  0%| F|  |TAMS 0x000000069e400000, 0x000000069e400000| Untracked 
| 112|0x000000069e800000, 0x000000069e800000, 0x000000069ec00000|  0%| F|  |TAMS 0x000000069e800000, 0x000000069e800000| Untracked 
| 113|0x000000069ec00000, 0x000000069ec00000, 0x000000069f000000|  0%| F|  |TAMS 0x000000069ec00000, 0x000000069ec00000| Untracked 
| 114|0x000000069f000000, 0x000000069f000000, 0x000000069f400000|  0%| F|  |TAMS 0x000000069f000000, 0x000000069f000000| Untracked 
| 115|0x000000069f400000, 0x000000069f400000, 0x000000069f800000|  0%| F|  |TAMS 0x000000069f400000, 0x000000069f400000| Untracked 
| 116|0x000000069f800000, 0x000000069f800000, 0x000000069fc00000|  0%| F|  |TAMS 0x000000069f800000, 0x000000069f800000| Untracked 
| 117|0x000000069fc00000, 0x000000069fc00000, 0x00000006a0000000|  0%| F|  |TAMS 0x000000069fc00000, 0x000000069fc00000| Untracked 
| 118|0x00000006a0000000, 0x00000006a0000000, 0x00000006a0400000|  0%| F|  |TAMS 0x00000006a0000000, 0x00000006a0000000| Untracked 
| 119|0x00000006a0400000, 0x00000006a0400000, 0x00000006a0800000|  0%| F|  |TAMS 0x00000006a0400000, 0x00000006a0400000| Untracked 
| 120|0x00000006a0800000, 0x00000006a0800000, 0x00000006a0c00000|  0%| F|  |TAMS 0x00000006a0800000, 0x00000006a0800000| Untracked 
| 121|0x00000006a0c00000, 0x00000006a0c00000, 0x00000006a1000000|  0%| F|  |TAMS 0x00000006a0c00000, 0x00000006a0c00000| Untracked 
| 122|0x00000006a1000000, 0x00000006a1000000, 0x00000006a1400000|  0%| F|  |TAMS 0x00000006a1000000, 0x00000006a1000000| Untracked 
| 123|0x00000006a1400000, 0x00000006a1400000, 0x00000006a1800000|  0%| F|  |TAMS 0x00000006a1400000, 0x00000006a1400000| Untracked 
| 124|0x00000006a1800000, 0x00000006a1800000, 0x00000006a1c00000|  0%| F|  |TAMS 0x00000006a1800000, 0x00000006a1800000| Untracked 
| 125|0x00000006a1c00000, 0x00000006a1c00000, 0x00000006a2000000|  0%| F|  |TAMS 0x00000006a1c00000, 0x00000006a1c00000| Untracked 
| 126|0x00000006a2000000, 0x00000006a2000000, 0x00000006a2400000|  0%| F|  |TAMS 0x00000006a2000000, 0x00000006a2000000| Untracked 
| 127|0x00000006a2400000, 0x00000006a2400000, 0x00000006a2800000|  0%| F|  |TAMS 0x00000006a2400000, 0x00000006a2400000| Untracked 
| 128|0x00000006a2800000, 0x00000006a2800000, 0x00000006a2c00000|  0%| F|  |TAMS 0x00000006a2800000, 0x00000006a2800000| Untracked 
| 129|0x00000006a2c00000, 0x00000006a2fad5c0, 0x00000006a3000000| 91%| E|  |TAMS 0x00000006a2c00000, 0x00000006a2c00000| Complete 
| 130|0x00000006a3000000, 0x00000006a3400000, 0x00000006a3400000|100%| E|CS|TAMS 0x00000006a3000000, 0x00000006a3000000| Complete 
| 131|0x00000006a3400000, 0x00000006a3800000, 0x00000006a3800000|100%| E|  |TAMS 0x00000006a3400000, 0x00000006a3400000| Complete 
| 132|0x00000006a3800000, 0x00000006a3c00000, 0x00000006a3c00000|100%| E|CS|TAMS 0x00000006a3800000, 0x00000006a3800000| Complete 
| 133|0x00000006a3c00000, 0x00000006a4000000, 0x00000006a4000000|100%| E|CS|TAMS 0x00000006a3c00000, 0x00000006a3c00000| Complete 
| 134|0x00000006a4000000, 0x00000006a4400000, 0x00000006a4400000|100%| E|CS|TAMS 0x00000006a4000000, 0x00000006a4000000| Complete 
| 135|0x00000006a4400000, 0x00000006a4800000, 0x00000006a4800000|100%| E|CS|TAMS 0x00000006a4400000, 0x00000006a4400000| Complete 
| 136|0x00000006a4800000, 0x00000006a4c00000, 0x00000006a4c00000|100%| E|CS|TAMS 0x00000006a4800000, 0x00000006a4800000| Complete 
| 137|0x00000006a4c00000, 0x00000006a5000000, 0x00000006a5000000|100%| E|CS|TAMS 0x00000006a4c00000, 0x00000006a4c00000| Complete 
| 138|0x00000006a5000000, 0x00000006a5400000, 0x00000006a5400000|100%| E|CS|TAMS 0x00000006a5000000, 0x00000006a5000000| Complete 
| 139|0x00000006a5400000, 0x00000006a5800000, 0x00000006a5800000|100%| E|CS|TAMS 0x00000006a5400000, 0x00000006a5400000| Complete 
| 140|0x00000006a5800000, 0x00000006a5c00000, 0x00000006a5c00000|100%| E|CS|TAMS 0x00000006a5800000, 0x00000006a5800000| Complete 
| 141|0x00000006a5c00000, 0x00000006a6000000, 0x00000006a6000000|100%| E|CS|TAMS 0x00000006a5c00000, 0x00000006a5c00000| Complete 
| 142|0x00000006a6000000, 0x00000006a6400000, 0x00000006a6400000|100%| E|CS|TAMS 0x00000006a6000000, 0x00000006a6000000| Complete 
| 143|0x00000006a6400000, 0x00000006a6800000, 0x00000006a6800000|100%| E|CS|TAMS 0x00000006a6400000, 0x00000006a6400000| Complete 
| 144|0x00000006a6800000, 0x00000006a6c00000, 0x00000006a6c00000|100%| E|CS|TAMS 0x00000006a6800000, 0x00000006a6800000| Complete 
| 145|0x00000006a6c00000, 0x00000006a7000000, 0x00000006a7000000|100%| E|CS|TAMS 0x00000006a6c00000, 0x00000006a6c00000| Complete 
| 146|0x00000006a7000000, 0x00000006a7400000, 0x00000006a7400000|100%| E|CS|TAMS 0x00000006a7000000, 0x00000006a7000000| Complete 
| 147|0x00000006a7400000, 0x00000006a7800000, 0x00000006a7800000|100%| E|CS|TAMS 0x00000006a7400000, 0x00000006a7400000| Complete 
| 148|0x00000006a7800000, 0x00000006a7c00000, 0x00000006a7c00000|100%| E|CS|TAMS 0x00000006a7800000, 0x00000006a7800000| Complete 
| 149|0x00000006a7c00000, 0x00000006a8000000, 0x00000006a8000000|100%| E|CS|TAMS 0x00000006a7c00000, 0x00000006a7c00000| Complete 
| 150|0x00000006a8000000, 0x00000006a8400000, 0x00000006a8400000|100%| E|CS|TAMS 0x00000006a8000000, 0x00000006a8000000| Complete 
| 151|0x00000006a8400000, 0x00000006a8800000, 0x00000006a8800000|100%| E|CS|TAMS 0x00000006a8400000, 0x00000006a8400000| Complete 
| 152|0x00000006a8800000, 0x00000006a8c00000, 0x00000006a8c00000|100%| E|CS|TAMS 0x00000006a8800000, 0x00000006a8800000| Complete 
| 153|0x00000006a8c00000, 0x00000006a9000000, 0x00000006a9000000|100%| E|CS|TAMS 0x00000006a8c00000, 0x00000006a8c00000| Complete 
| 154|0x00000006a9000000, 0x00000006a9400000, 0x00000006a9400000|100%| E|CS|TAMS 0x00000006a9000000, 0x00000006a9000000| Complete 
| 155|0x00000006a9400000, 0x00000006a9800000, 0x00000006a9800000|100%| E|CS|TAMS 0x00000006a9400000, 0x00000006a9400000| Complete 
| 156|0x00000006a9800000, 0x00000006a9c00000, 0x00000006a9c00000|100%| E|CS|TAMS 0x00000006a9800000, 0x00000006a9800000| Complete 
| 157|0x00000006a9c00000, 0x00000006aa000000, 0x00000006aa000000|100%| E|CS|TAMS 0x00000006a9c00000, 0x00000006a9c00000| Complete 

Card table byte_map: [0x000001db1d010000,0x000001db1dc00000] _byte_map_base: 0x000001db19bfc000

Marking Bits (Prev, Next): (CMBitMap*) 0x000001db02dc2c40, (CMBitMap*) 0x000001db02dc2c00
 Prev Bits: [0x000001db24750000, 0x000001db2a6b0000)
 Next Bits: [0x000001db1e7f0000, 0x000001db24750000)

Polling page: 0x000001db02df0000

Metaspace:

Usage:
  Non-class:     25.68 MB used.
      Class:      3.09 MB used.
       Both:     28.76 MB used.

Virtual space:
  Non-class space:       64.00 MB reserved,      25.94 MB ( 41%) committed,  1 nodes.
      Class space:        1.00 GB reserved,       3.31 MB ( <1%) committed,  1 nodes.
             Both:        1.06 GB reserved,      29.25 MB (  3%) committed. 

Chunk freelists:
   Non-Class:  1.72 MB
       Class:  678.00 KB
        Both:  2.38 MB

MaxMetaspaceSize: unlimited
CompressedClassSpaceSize: 1.00 GB
Initial GC threshold: 21.00 MB
Current GC threshold: 35.75 MB
CDS: on
MetaspaceReclaimPolicy: balanced
 - commit_granule_bytes: 65536.
 - commit_granule_words: 8192.
 - virtual_space_node_default_size: 8388608.
 - enlarge_chunks_in_place: 1.
 - new_chunks_are_fully_committed: 0.
 - uncommit_free_chunks: 1.
 - use_allocation_guard: 0.


Internal statistics:

num_allocs_failed_limit: 6.
num_arena_births: 354.
num_arena_deaths: 0.
num_vsnodes_births: 2.
num_vsnodes_deaths: 0.
num_space_committed: 468.
num_space_uncommitted: 0.
num_chunks_returned_to_freelist: 6.
num_chunks_taken_from_freelist: 1399.
num_chunk_merges: 6.
num_chunk_splits: 1012.
num_chunks_enlarged: 802.
num_inconsistent_stats: 0.

CodeHeap 'non-profiled nmethods': size=119168Kb used=5515Kb max_used=5515Kb free=113652Kb
 bounds [0x000001db14000000, 0x000001db14570000, 0x000001db1b460000]
CodeHeap 'profiled nmethods': size=119104Kb used=13156Kb max_used=13160Kb free=105948Kb
 bounds [0x000001db0c460000, 0x000001db0d140000, 0x000001db138b0000]
CodeHeap 'non-nmethods': size=7488Kb used=1869Kb max_used=3072Kb free=5618Kb
 bounds [0x000001db138b0000, 0x000001db13bd0000, 0x000001db14000000]
 total_blobs=6978 nmethods=6447 adapters=440
 compilation: enabled
              stopped_count=0, restarted_count=0
 full_count=0

Compilation events (20 events):
Event: 17.390 Thread 0x000001db33b98650 7710       3       java.lang.invoke.LambdaForm::editor (5 bytes)
Event: 17.390 Thread 0x000001db33b98650 nmethod 7710 0x000001db0c470590 code [0x000001db0c470760, 0x000001db0c470a88]
Event: 17.390 Thread 0x000001db33b98650 7711       3       java.lang.invoke.LambdaFormEditor::lambdaFormEditor (12 bytes)
Event: 17.391 Thread 0x000001db2d779790 nmethod 7709 0x000001db0c46fe10 code [0x000001db0c470000, 0x000001db0c470408]
Event: 17.391 Thread 0x000001db2d779790 7712       3       java.lang.invoke.LambdaFormEditor::<init> (10 bytes)
Event: 17.391 Thread 0x000001db33b98650 nmethod 7711 0x000001db0c46f890 code [0x000001db0c46fa40, 0x000001db0c46fce8]
Event: 17.391 Thread 0x000001db2d779790 nmethod 7712 0x000001db0c46f490 code [0x000001db0c46f640, 0x000001db0c46f7f8]
Event: 17.391 Thread 0x000001db2d779790 7715       3       sun.invoke.util.Wrapper::isDoubleWord (15 bytes)
Event: 17.391 Thread 0x000001db2d779790 nmethod 7715 0x000001db0c46f110 code [0x000001db0c46f2a0, 0x000001db0c46f418]
Event: 17.391 Thread 0x000001db33b98650 7720       3       java.lang.invoke.MemberName$Factory::resolveOrNull (54 bytes)
Event: 17.391 Thread 0x000001db33b98650 nmethod 7720 0x000001db0c46eb10 code [0x000001db0c46ece0, 0x000001db0c46efa8]
Event: 17.397 Thread 0x000001db2d776e10 7725   !   4       jdk.internal.loader.BuiltinClassLoader::loadClassOrNull (143 bytes)
Event: 17.403 Thread 0x000001db33b98650 7727       3       jdk.internal.jimage.ImageLocation::decompress (116 bytes)
Event: 17.403 Thread 0x000001db2d779790 7728       3       jdk.internal.jimage.ImageLocation::verify (38 bytes)
Event: 17.403 Thread 0x000001db2d779790 nmethod 7728 0x000001db0c46e090 code [0x000001db0c46e2a0, 0x000001db0c46e868]
Event: 17.403 Thread 0x000001db2d779790 7729   !   3       jdk.internal.jimage.BasicImageReader::getResourceBuffer (203 bytes)
Event: 17.403 Thread 0x000001db33b98650 nmethod 7727 0x000001db0c46cf10 code [0x000001db0c46d180, 0x000001db0c46dc38]
Event: 17.404 Thread 0x000001db2d779790 nmethod 7729 0x000001db0c52de90 code [0x000001db0c52e280, 0x000001db0c52fa48]
Event: 17.405 Thread 0x000001db33b98650 7730       3       java.lang.Class::getMethodsRecursive (99 bytes)
Event: 17.406 Thread 0x000001db33b98650 nmethod 7730 0x000001db0c46c410 code [0x000001db0c46c640, 0x000001db0c46cbe8]

GC Heap History (20 events):
Event: 0.773 GC heap before
{Heap before GC invocations=1 (full 0):
 garbage-first heap   total 393216K, used 20072K [0x0000000682800000, 0x0000000800000000)
  region size 4096K, 6 young (24576K), 1 survivors (4096K)
 Metaspace       used 7303K, committed 7488K, reserved 1114112K
  class space    used 821K, committed 896K, reserved 1048576K
}
Event: 0.775 GC heap after
{Heap after GC invocations=2 (full 0):
 garbage-first heap   total 393216K, used 4507K [0x0000000682800000, 0x0000000800000000)
  region size 4096K, 1 young (4096K), 1 survivors (4096K)
 Metaspace       used 7303K, committed 7488K, reserved 1114112K
  class space    used 821K, committed 896K, reserved 1048576K
}
Event: 1.768 GC heap before
{Heap before GC invocations=2 (full 0):
 garbage-first heap   total 393216K, used 61851K [0x0000000682800000, 0x0000000800000000)
  region size 4096K, 16 young (65536K), 1 survivors (4096K)
 Metaspace       used 15256K, committed 15552K, reserved 1114112K
  class space    used 1711K, committed 1856K, reserved 1048576K
}
Event: 1.772 GC heap after
{Heap after GC invocations=3 (full 0):
 garbage-first heap   total 393216K, used 10861K [0x0000000682800000, 0x0000000800000000)
  region size 4096K, 2 young (8192K), 2 survivors (8192K)
 Metaspace       used 15256K, committed 15552K, reserved 1114112K
  class space    used 1711K, committed 1856K, reserved 1048576K
}
Event: 3.832 GC heap before
{Heap before GC invocations=3 (full 0):
 garbage-first heap   total 393216K, used 203373K [0x0000000682800000, 0x0000000800000000)
  region size 4096K, 49 young (200704K), 2 survivors (8192K)
 Metaspace       used 17850K, committed 18176K, reserved 1114112K
  class space    used 1896K, committed 2048K, reserved 1048576K
}
Event: 3.848 GC heap after
{Heap after GC invocations=4 (full 0):
 garbage-first heap   total 393216K, used 35743K [0x0000000682800000, 0x0000000800000000)
  region size 4096K, 7 young (28672K), 7 survivors (28672K)
 Metaspace       used 17850K, committed 18176K, reserved 1114112K
  class space    used 1896K, committed 2048K, reserved 1048576K
}
Event: 4.659 GC heap before
{Heap before GC invocations=4 (full 0):
 garbage-first heap   total 393216K, used 191391K [0x0000000682800000, 0x0000000800000000)
  region size 4096K, 45 young (184320K), 7 survivors (28672K)
 Metaspace       used 17993K, committed 18240K, reserved 1114112K
  class space    used 1900K, committed 2048K, reserved 1048576K
}
Event: 4.679 GC heap after
{Heap after GC invocations=5 (full 0):
 garbage-first heap   total 393216K, used 58583K [0x0000000682800000, 0x0000000800000000)
  region size 4096K, 6 young (24576K), 6 survivors (24576K)
 Metaspace       used 17993K, committed 18240K, reserved 1114112K
  class space    used 1900K, committed 2048K, reserved 1048576K
}
Event: 6.280 GC heap before
{Heap before GC invocations=5 (full 0):
 garbage-first heap   total 393216K, used 210135K [0x0000000682800000, 0x0000000800000000)
  region size 4096K, 43 young (176128K), 6 survivors (24576K)
 Metaspace       used 18109K, committed 18432K, reserved 1114112K
  class space    used 1903K, committed 2048K, reserved 1048576K
}
Event: 6.298 GC heap after
{Heap after GC invocations=6 (full 0):
 garbage-first heap   total 393216K, used 81920K [0x0000000682800000, 0x0000000800000000)
  region size 4096K, 6 young (24576K), 6 survivors (24576K)
 Metaspace       used 18109K, committed 18432K, reserved 1114112K
  class space    used 1903K, committed 2048K, reserved 1048576K
}
Event: 7.652 GC heap before
{Heap before GC invocations=6 (full 0):
 garbage-first heap   total 393216K, used 131072K [0x0000000682800000, 0x0000000800000000)
  region size 4096K, 19 young (77824K), 6 survivors (24576K)
 Metaspace       used 21135K, committed 21504K, reserved 1114112K
  class space    used 2219K, committed 2432K, reserved 1048576K
}
Event: 7.660 GC heap after
{Heap after GC invocations=7 (full 0):
 garbage-first heap   total 393216K, used 87392K [0x0000000682800000, 0x0000000800000000)
  region size 4096K, 2 young (8192K), 2 survivors (8192K)
 Metaspace       used 21135K, committed 21504K, reserved 1114112K
  class space    used 2219K, committed 2432K, reserved 1048576K
}
Event: 11.250 GC heap before
{Heap before GC invocations=8 (full 0):
 garbage-first heap   total 315392K, used 263520K [0x0000000682800000, 0x0000000800000000)
  region size 4096K, 46 young (188416K), 2 survivors (8192K)
 Metaspace       used 21940K, committed 22272K, reserved 1114112K
  class space    used 2289K, committed 2432K, reserved 1048576K
}
Event: 11.263 GC heap after
{Heap after GC invocations=9 (full 0):
 garbage-first heap   total 315392K, used 124095K [0x0000000682800000, 0x0000000800000000)
  region size 4096K, 6 young (24576K), 6 survivors (24576K)
 Metaspace       used 21940K, committed 22272K, reserved 1114112K
  class space    used 2289K, committed 2432K, reserved 1048576K
}
Event: 11.273 GC heap before
{Heap before GC invocations=9 (full 0):
 garbage-first heap   total 315392K, used 128191K [0x0000000682800000, 0x0000000800000000)
  region size 4096K, 7 young (28672K), 6 survivors (24576K)
 Metaspace       used 21945K, committed 22272K, reserved 1114112K
  class space    used 2289K, committed 2432K, reserved 1048576K
}
Event: 11.283 GC heap after
{Heap after GC invocations=10 (full 0):
 garbage-first heap   total 315392K, used 127172K [0x0000000682800000, 0x0000000800000000)
  region size 4096K, 1 young (4096K), 1 survivors (4096K)
 Metaspace       used 21945K, committed 22272K, reserved 1114112K
  class space    used 2289K, committed 2432K, reserved 1048576K
}
Event: 11.544 GC heap before
{Heap before GC invocations=10 (full 0):
 garbage-first heap   total 315392K, used 233668K [0x0000000682800000, 0x0000000800000000)
  region size 4096K, 27 young (110592K), 1 survivors (4096K)
 Metaspace       used 21970K, committed 22336K, reserved 1114112K
  class space    used 2289K, committed 2432K, reserved 1048576K
}
Event: 11.550 GC heap after
{Heap after GC invocations=11 (full 0):
 garbage-first heap   total 315392K, used 143905K [0x0000000682800000, 0x0000000800000000)
  region size 4096K, 4 young (16384K), 4 survivors (16384K)
 Metaspace       used 21970K, committed 22336K, reserved 1114112K
  class space    used 2289K, committed 2432K, reserved 1048576K
}
Event: 13.348 GC heap before
{Heap before GC invocations=11 (full 0):
 garbage-first heap   total 315392K, used 234017K [0x0000000682800000, 0x0000000800000000)
  region size 4096K, 27 young (110592K), 4 survivors (16384K)
 Metaspace       used 22319K, committed 22656K, reserved 1114112K
  class space    used 2324K, committed 2496K, reserved 1048576K
}
Event: 13.363 GC heap after
{Heap after GC invocations=12 (full 0):
 garbage-first heap   total 647168K, used 174370K [0x0000000682800000, 0x0000000800000000)
  region size 4096K, 4 young (16384K), 4 survivors (16384K)
 Metaspace       used 22319K, committed 22656K, reserved 1114112K
  class space    used 2324K, committed 2496K, reserved 1048576K
}

Dll operation events (8 events):
Event: 0.010 Loaded shared library C:\Program Files\Java\jdk-19.0.2\bin\java.dll
Event: 0.021 Loaded shared library C:\Program Files\Java\jdk-19.0.2\bin\jsvml.dll
Event: 0.050 Loaded shared library C:\Program Files\Java\jdk-19.0.2\bin\net.dll
Event: 0.052 Loaded shared library C:\Program Files\Java\jdk-19.0.2\bin\nio.dll
Event: 0.061 Loaded shared library C:\Program Files\Java\jdk-19.0.2\bin\zip.dll
Event: 0.177 Loaded shared library C:\Program Files\Java\jdk-19.0.2\bin\jimage.dll
Event: 0.190 Loaded shared library F:\Portables\apache-maven-3.9.1\lib\jansi-native\Windows\x86_64\jansi.dll
Event: 0.200 Loaded shared library C:\Program Files\Java\jdk-19.0.2\bin\verify.dll

Deoptimization events (20 events):
Event: 17.384 Thread 0x000001db02d66dd0 Uncommon trap: trap_request=0xffffff45 fr.pc=0x000001db142e399c relative=0x00000000000018bc
Event: 17.384 Thread 0x000001db02d66dd0 Uncommon trap: reason=unstable_if action=reinterpret pc=0x000001db142e399c method=jdk.nio.zipfs.ZipFileSystem.getFileAttributes([B)Ljdk/nio/zipfs/ZipFileAttributes; @ 15 c2
Event: 17.384 Thread 0x000001db02d66dd0 DEOPT PACKING pc=0x000001db142e399c sp=0x00000010bbefd8b0
Event: 17.384 Thread 0x000001db02d66dd0 DEOPT UNPACKING pc=0x000001db13916da3 sp=0x00000010bbefd748 mode 2
Event: 17.397 Thread 0x000001db02d66dd0 Uncommon trap: trap_request=0xffffffde fr.pc=0x000001db143a3460 relative=0x0000000000000480
Event: 17.397 Thread 0x000001db02d66dd0 Uncommon trap: reason=class_check action=maybe_recompile pc=0x000001db143a3460 method=java.util.regex.Pattern.curly(Ljava/util/regex/Pattern$Node;I)Ljava/util/regex/Pattern$Node; @ 33 c2
Event: 17.397 Thread 0x000001db02d66dd0 DEOPT PACKING pc=0x000001db143a3460 sp=0x00000010bbefcb40
Event: 17.397 Thread 0x000001db02d66dd0 DEOPT UNPACKING pc=0x000001db13916da3 sp=0x00000010bbefcaf0 mode 2
Event: 17.397 Thread 0x000001db02d66dd0 Uncommon trap: trap_request=0xffffff45 fr.pc=0x000001db143a7968 relative=0x0000000000000808
Event: 17.397 Thread 0x000001db02d66dd0 Uncommon trap: reason=unstable_if action=reinterpret pc=0x000001db143a7968 method=java.util.regex.Pattern.group0()Ljava/util/regex/Pattern$Node; @ 686 c2
Event: 17.397 Thread 0x000001db02d66dd0 DEOPT PACKING pc=0x000001db143a7968 sp=0x00000010bbefcc10
Event: 17.397 Thread 0x000001db02d66dd0 DEOPT UNPACKING pc=0x000001db13916da3 sp=0x00000010bbefcb78 mode 2
Event: 17.397 Thread 0x000001db02d66dd0 Uncommon trap: trap_request=0xffffffc6 fr.pc=0x000001db14128d74 relative=0x00000000000000d4
Event: 17.397 Thread 0x000001db02d66dd0 Uncommon trap: reason=bimorphic_or_optimized_type_check action=maybe_recompile pc=0x000001db14128d74 method=java.util.regex.Pattern$CharProperty.study(Ljava/util/regex/Pattern$TreeInfo;)Z @ 25 c2
Event: 17.397 Thread 0x000001db02d66dd0 DEOPT PACKING pc=0x000001db14128d74 sp=0x00000010bbefcb50
Event: 17.397 Thread 0x000001db02d66dd0 DEOPT UNPACKING pc=0x000001db13916da3 sp=0x00000010bbefcad8 mode 2
Event: 17.397 Thread 0x000001db02d66dd0 Uncommon trap: trap_request=0xffffffc6 fr.pc=0x000001db14128d74 relative=0x00000000000000d4
Event: 17.397 Thread 0x000001db02d66dd0 Uncommon trap: reason=bimorphic_or_optimized_type_check action=maybe_recompile pc=0x000001db14128d74 method=java.util.regex.Pattern$CharProperty.study(Ljava/util/regex/Pattern$TreeInfo;)Z @ 25 c2
Event: 17.397 Thread 0x000001db02d66dd0 DEOPT PACKING pc=0x000001db14128d74 sp=0x00000010bbefcd40
Event: 17.397 Thread 0x000001db02d66dd0 DEOPT UNPACKING pc=0x000001db13916da3 sp=0x00000010bbefccd8 mode 2

Classes loaded (20 events):
Event: 14.887 Loading class java/util/ResourceBundle$3
Event: 14.887 Loading class java/util/ResourceBundle$3 done
Event: 14.890 Loading class java/util/ResourceBundle$BundleReference
Event: 14.890 Loading class java/util/ResourceBundle$BundleReference done
Event: 15.046 Loading class java/util/ServiceLoader$ProviderSpliterator
Event: 15.060 Loading class java/util/ServiceLoader$ProviderSpliterator done
Event: 15.779 Loading class sun/nio/fs/WindowsAclFileAttributeView
Event: 15.784 Loading class sun/nio/fs/AbstractAclFileAttributeView
Event: 15.784 Loading class java/nio/file/attribute/AclFileAttributeView
Event: 15.784 Loading class java/nio/file/attribute/AclFileAttributeView done
Event: 15.784 Loading class sun/nio/fs/AbstractAclFileAttributeView done
Event: 15.784 Loading class sun/nio/fs/WindowsAclFileAttributeView done
Event: 15.785 Loading class sun/nio/fs/WindowsSecurity
Event: 15.785 Loading class sun/nio/fs/WindowsSecurity done
Event: 15.785 Loading class sun/nio/fs/WindowsFileStore
Event: 15.786 Loading class sun/nio/fs/WindowsFileStore done
Event: 17.358 Loading class java/util/TreeMap$KeySpliterator
Event: 17.358 Loading class java/util/TreeMap$TreeMapSpliterator
Event: 17.358 Loading class java/util/TreeMap$TreeMapSpliterator done
Event: 17.358 Loading class java/util/TreeMap$KeySpliterator done

Classes unloaded (0 events):
No events

Classes redefined (0 events):
No events

Internal exceptions (20 events):
Event: 6.887 Thread 0x000001db02d66dd0 Exception <a 'sun/nio/fs/WindowsException'{0x00000006985f7778}> (0x00000006985f7778) 
thrown [s\open\src\hotspot\share\prims\jni.cpp, line 517]
Event: 6.887 Thread 0x000001db02d66dd0 Exception <a 'sun/nio/fs/WindowsException'{0x00000006985f79a0}> (0x00000006985f79a0) 
thrown [s\open\src\hotspot\share\prims\jni.cpp, line 517]
Event: 6.900 Thread 0x000001db02d66dd0 Exception <a 'sun/nio/fs/WindowsException'{0x00000006986a5d18}> (0x00000006986a5d18) 
thrown [s\open\src\hotspot\share\prims\jni.cpp, line 517]
Event: 6.900 Thread 0x000001db02d66dd0 Exception <a 'sun/nio/fs/WindowsException'{0x00000006986a61b0}> (0x00000006986a61b0) 
thrown [s\open\src\hotspot\share\prims\jni.cpp, line 517]
Event: 9.488 Thread 0x000001db02d66dd0 Implicit null exception at 0x000001db144a6cac to 0x000001db144a74ed
Event: 11.038 Thread 0x000001db02d66dd0 Exception <a 'java/lang/NoSuchMethodError'{0x000000068b874ac8}: 'java.lang.Object java.lang.invoke.DirectMethodHandle$Holder.invokeVirtual(java.lang.Object, java.lang.Object, int)'> (0x000000068b874ac8) 
thrown [s\open\src\hotspot\share\interpreter\linkResolver.cpp, line 774]
Event: 12.007 Thread 0x000001db02d66dd0 Exception <a 'java/lang/NoSuchMethodError'{0x0000000692f8bf10}: 'java.lang.Object java.lang.invoke.DirectMethodHandle$Holder.newInvokeSpecial(java.lang.Object, java.lang.Object, java.lang.Object, java.lang.Object, java.lang.Object, java.lang.Object)'> (0x0000000692f8bf10) 
thrown [s\open\src\hotspot\share\interpreter\linkResolver.cpp, line 774]
Event: 12.022 Thread 0x000001db02d66dd0 Exception <a 'java/lang/NoSuchMethodError'{0x000000069286a5c0}: 'java.lang.ClassLoader java.lang.ClassLoader.getPlatformClassLoader(java.lang.Class)'> (0x000000069286a5c0) 
thrown [s\open\src\hotspot\share\interpreter\linkResolver.cpp, line 774]
Event: 12.023 Thread 0x000001db02d66dd0 Exception <a 'java/lang/NoSuchMethodError'{0x000000069286f7d0}: 'java.lang.Object java.lang.invoke.DirectMethodHandle$Holder.invokeStatic(java.lang.Object, java.lang.Object, int)'> (0x000000069286f7d0) 
thrown [s\open\src\hotspot\share\interpreter\linkResolver.cpp, line 774]
Event: 12.023 Thread 0x000001db02d66dd0 Exception <a 'java/lang/NoSuchMethodError'{0x00000006928738b0}: 'void java.lang.invoke.DirectMethodHandle$Holder.invokeStatic(java.lang.Object, java.lang.Object, int, java.lang.Object)'> (0x00000006928738b0) 
thrown [s\open\src\hotspot\share\interpreter\linkResolver.cpp, line 774]
Event: 12.024 Thread 0x000001db02d66dd0 Exception <a 'java/lang/NoSuchMethodError'{0x000000069287b1e8}: 'void java.lang.invoke.DelegatingMethodHandle$Holder.delegate(java.lang.Object, java.lang.Object, int, java.lang.Object)'> (0x000000069287b1e8) 
thrown [s\open\src\hotspot\share\interpreter\linkResolver.cpp, line 774]
Event: 13.539 Thread 0x000001db02d66dd0 Exception <a 'java/lang/NoSuchMethodError'{0x00000006a5d1f490}: 'void java.lang.invoke.DelegatingMethodHandle$Holder.reinvoke_L(java.lang.Object, java.lang.Object, java.lang.Object, java.lang.Object, java.lang.Object, java.lang.Object, java.lang.Object, java.lang.Object, java.lang.Object, int)'> (0x00000006a5d1f490) 
thrown [s\open\src\hotspot\share\interpreter\linkResolver.cpp, line 774]
Event: 15.066 Thread 0x000001db02d66dd0 Exception <a 'java/lang/NoSuchMethodError'{0x00000006a4dbc428}: 'java.lang.Object java.lang.invoke.DirectMethodHandle$Holder.invokeVirtual(java.lang.Object, java.lang.Object, java.lang.Object)'> (0x00000006a4dbc428) 
thrown [s\open\src\hotspot\share\interpreter\linkResolver.cpp, line 774]
Event: 15.069 Thread 0x000001db02d66dd0 Exception <a 'java/lang/NoSuchMethodError'{0x00000006a4dc3ed0}: 'int java.lang.invoke.DirectMethodHandle$Holder.invokeInterface(java.lang.Object, java.lang.Object)'> (0x00000006a4dc3ed0) 
thrown [s\open\src\hotspot\share\interpreter\linkResolver.cpp, line 774]
Event: 16.722 Thread 0x000001db02d66dd0 Exception <a 'sun/nio/fs/WindowsException'{0x00000006a43d5ea8}> (0x00000006a43d5ea8) 
thrown [s\open\src\hotspot\share\prims\jni.cpp, line 517]
Event: 17.231 Thread 0x000001db02d66dd0 Exception <a 'java/lang/NoSuchMethodError'{0x00000006a389bc08}: 'int java.lang.invoke.DirectMethodHandle$Holder.invokeVirtual(java.lang.Object, java.lang.Object, java.lang.Object)'> (0x00000006a389bc08) 
thrown [s\open\src\hotspot\share\interpreter\linkResolver.cpp, line 774]
Event: 17.232 Thread 0x000001db02d66dd0 Exception <a 'java/lang/NoSuchMethodError'{0x00000006a38a2100}: 'void java.lang.invoke.DirectMethodHandle$Holder.invokeInterface(java.lang.Object, java.lang.Object, java.lang.Object)'> (0x00000006a38a2100) 
thrown [s\open\src\hotspot\share\interpreter\linkResolver.cpp, line 774]
Event: 17.233 Thread 0x000001db02d66dd0 Exception <a 'java/lang/NoSuchMethodError'{0x00000006a38adad8}: 'int java.lang.invoke.DirectMethodHandle$Holder.invokeStaticInit(java.lang.Object, java.lang.Object, java.lang.Object)'> (0x00000006a38adad8) 
thrown [s\open\src\hotspot\share\interpreter\linkResolver.cpp, line 774]
Event: 17.390 Thread 0x000001db02d66dd0 Exception <a 'sun/nio/fs/WindowsException'{0x00000006a2cd1f58}> (0x00000006a2cd1f58) 
thrown [s\open\src\hotspot\share\prims\jni.cpp, line 517]
Event: 17.390 Thread 0x000001db02d66dd0 Exception <a 'sun/nio/fs/WindowsException'{0x00000006a2cd2270}> (0x00000006a2cd2270) 
thrown [s\open\src\hotspot\share\prims\jni.cpp, line 517]

VM Operations (20 events):
Event: 12.026 Executing VM operation: HandshakeAllThreads
Event: 12.026 Executing VM operation: HandshakeAllThreads done
Event: 12.028 Executing VM operation: HandshakeAllThreads
Event: 12.028 Executing VM operation: HandshakeAllThreads done
Event: 13.035 Executing VM operation: Cleanup
Event: 13.036 Executing VM operation: Cleanup done
Event: 13.348 Executing VM operation: G1CollectForAllocation
Event: 13.363 Executing VM operation: G1CollectForAllocation done
Event: 13.535 Executing VM operation: HandshakeAllThreads
Event: 13.535 Executing VM operation: HandshakeAllThreads done
Event: 14.538 Executing VM operation: Cleanup
Event: 14.538 Executing VM operation: Cleanup done
Event: 14.878 Executing VM operation: HandshakeAllThreads
Event: 14.878 Executing VM operation: HandshakeAllThreads done
Event: 15.065 Executing VM operation: HandshakeAllThreads
Event: 15.065 Executing VM operation: HandshakeAllThreads done
Event: 16.075 Executing VM operation: Cleanup
Event: 16.076 Executing VM operation: Cleanup done
Event: 17.013 Executing VM operation: HandshakeAllThreads
Event: 17.013 Executing VM operation: HandshakeAllThreads done

Events (20 events):
Event: 13.304 Thread 0x000001db33b99170 Thread added: 0x000001db33b99170
Event: 13.313 Thread 0x000001db33b980c0 Thread added: 0x000001db33b980c0
Event: 13.326 Thread 0x000001db33b98be0 Thread added: 0x000001db33b98be0
Event: 13.326 Thread 0x000001db33b9a220 Thread added: 0x000001db33b9a220
Event: 13.328 Thread 0x000001db33b99c90 Thread added: 0x000001db33b99c90
Event: 13.328 Thread 0x000001db33b9ad40 Thread added: 0x000001db33b9ad40
Event: 13.328 Thread 0x000001db33b97b30 Thread added: 0x000001db33b97b30
Event: 13.934 Thread 0x000001db33b97b30 Thread exited: 0x000001db33b97b30
Event: 14.127 Thread 0x000001db33b9ad40 Thread exited: 0x000001db33b9ad40
Event: 14.127 Thread 0x000001db33b99c90 Thread exited: 0x000001db33b99c90
Event: 14.127 Thread 0x000001db33b9a220 Thread exited: 0x000001db33b9a220
Event: 14.542 Thread 0x000001db33b98be0 Thread exited: 0x000001db33b98be0
Event: 14.652 Thread 0x000001db33b980c0 Thread exited: 0x000001db33b980c0
Event: 14.677 Thread 0x000001db33b99170 Thread exited: 0x000001db33b99170
Event: 17.015 Thread 0x000001db2d780660 flushing nmethod 0x000001db0c6acf90
Event: 17.017 Thread 0x000001db2d780660 flushing nmethod 0x000001db0cdc9990
Event: 17.017 Thread 0x000001db2d780660 flushing nmethod 0x000001db0cdcd090
Event: 17.017 Thread 0x000001db2d780660 flushing nmethod 0x000001db0cdd6910
Event: 17.019 Thread 0x000001db2d780660 flushing nmethod 0x000001db0d10ce10
Event: 17.019 Thread 0x000001db2d780660 flushing nmethod 0x000001db0d123490


Dynamic libraries:
0x00007ff6c32e0000 - 0x00007ff6c32f0000 	C:\Program Files\Java\jdk-19.0.2\bin\java.exe
0x00007ffc20bd0000 - 0x00007ffc20dc8000 	C:\WINDOWS\SYSTEM32\ntdll.dll
0x00007ffc206b0000 - 0x00007ffc2076f000 	C:\WINDOWS\System32\KERNEL32.DLL
0x00007ffc1e7b0000 - 0x00007ffc1ea8a000 	C:\WINDOWS\System32\KERNELBASE.dll
0x0000000070210000 - 0x00000000702ac000 	C:\ProgramData\Symantec\Symantec Endpoint Protection\14.3.8289.5000.105\Data\Sysfer\x64\sysfer.dll
0x00007ffc1e6b0000 - 0x00007ffc1e7b0000 	C:\WINDOWS\System32\ucrtbase.dll
0x00007ffc09760000 - 0x00007ffc09778000 	C:\Program Files\Java\jdk-19.0.2\bin\jli.dll
0x00007ffc201d0000 - 0x00007ffc2027e000 	C:\WINDOWS\System32\ADVAPI32.dll
0x00007ffc20770000 - 0x00007ffc2080e000 	C:\WINDOWS\System32\msvcrt.dll
0x00007ffc09740000 - 0x00007ffc0975b000 	C:\Program Files\Java\jdk-19.0.2\bin\VCRUNTIME140.dll
0x00007ffc1f4d0000 - 0x00007ffc1f56c000 	C:\WINDOWS\System32\sechost.dll
0x00007ffc1ec40000 - 0x00007ffc1ed66000 	C:\WINDOWS\System32\RPCRT4.dll
0x00007ffc204a0000 - 0x00007ffc2063d000 	C:\WINDOWS\System32\USER32.dll
0x00007ffc1e3d0000 - 0x00007ffc1e3f2000 	C:\WINDOWS\System32\win32u.dll
0x00007ffc09c20000 - 0x00007ffc09eba000 	C:\WINDOWS\WinSxS\amd64_microsoft.windows.common-controls_6595b64144ccf1df_6.0.19041.1110_none_60b5254171f9507e\COMCTL32.dll
0x00007ffc20470000 - 0x00007ffc2049b000 	C:\WINDOWS\System32\GDI32.dll
0x00007ffc1eb20000 - 0x00007ffc1ec30000 	C:\WINDOWS\System32\gdi32full.dll
0x00007ffc1e330000 - 0x00007ffc1e3cd000 	C:\WINDOWS\System32\msvcp_win.dll
0x00007ffc18f30000 - 0x00007ffc18f3a000 	C:\WINDOWS\SYSTEM32\VERSION.dll
0x00007ffc1ff00000 - 0x00007ffc1ff30000 	C:\WINDOWS\System32\IMM32.DLL
0x00007ffc09940000 - 0x00007ffc0994c000 	C:\Program Files\Java\jdk-19.0.2\bin\vcruntime140_1.dll
0x00007ffbe2ff0000 - 0x00007ffbe307e000 	C:\Program Files\Java\jdk-19.0.2\bin\msvcp140.dll
0x00007ffba8aa0000 - 0x00007ffba9760000 	C:\Program Files\Java\jdk-19.0.2\bin\server\jvm.dll
0x00007ffc0ac80000 - 0x00007ffc0ac89000 	C:\WINDOWS\SYSTEM32\WSOCK32.dll
0x00007ffc20640000 - 0x00007ffc206ab000 	C:\WINDOWS\System32\WS2_32.dll
0x00007ffc0a330000 - 0x00007ffc0a357000 	C:\WINDOWS\SYSTEM32\WINMM.dll
0x00007ffc1c100000 - 0x00007ffc1c112000 	C:\WINDOWS\SYSTEM32\kernel.appcore.dll
0x00007ffc09840000 - 0x00007ffc0984a000 	C:\Program Files\Java\jdk-19.0.2\bin\jimage.dll
0x00007ffc085d0000 - 0x00007ffc087b4000 	C:\WINDOWS\SYSTEM32\DBGHELP.DLL
0x00007ffc083c0000 - 0x00007ffc083f4000 	C:\WINDOWS\SYSTEM32\dbgcore.DLL
0x00007ffc1ea90000 - 0x00007ffc1eb12000 	C:\WINDOWS\System32\bcryptPrimitives.dll
0x00007ffc09710000 - 0x00007ffc09736000 	C:\Program Files\Java\jdk-19.0.2\bin\java.dll
0x00007ffbe1b60000 - 0x00007ffbe1c37000 	C:\Program Files\Java\jdk-19.0.2\bin\jsvml.dll
0x00007ffc1ed80000 - 0x00007ffc1f4c4000 	C:\WINDOWS\System32\SHELL32.dll
0x00007ffc1c300000 - 0x00007ffc1ca93000 	C:\WINDOWS\SYSTEM32\windows.storage.dll
0x00007ffc1f9e0000 - 0x00007ffc1fd34000 	C:\WINDOWS\System32\combase.dll
0x00007ffc1dbf0000 - 0x00007ffc1dc1e000 	C:\WINDOWS\SYSTEM32\Wldp.dll
0x00007ffc20890000 - 0x00007ffc2093d000 	C:\WINDOWS\System32\SHCORE.dll
0x00007ffc20390000 - 0x00007ffc203e5000 	C:\WINDOWS\System32\shlwapi.dll
0x00007ffc1e220000 - 0x00007ffc1e23f000 	C:\WINDOWS\SYSTEM32\profapi.dll
0x00007ffc04bc0000 - 0x00007ffc04bd3000 	C:\Program Files\Java\jdk-19.0.2\bin\net.dll
0x00007ffc185a0000 - 0x00007ffc186aa000 	C:\WINDOWS\SYSTEM32\WINHTTP.dll
0x00007ffc1d960000 - 0x00007ffc1d9ca000 	C:\WINDOWS\system32\mswsock.dll
0x00007ffc04b10000 - 0x00007ffc04b26000 	C:\Program Files\Java\jdk-19.0.2\bin\nio.dll
0x00007ffc02e40000 - 0x00007ffc02e58000 	C:\Program Files\Java\jdk-19.0.2\bin\zip.dll
0x0000000069ac0000 - 0x0000000069ae4000 	F:\Portables\apache-maven-3.9.1\lib\jansi-native\Windows\x86_64\jansi.dll
0x00007ffc096e0000 - 0x00007ffc096f0000 	C:\Program Files\Java\jdk-19.0.2\bin\verify.dll
0x00007ffc1df50000 - 0x00007ffc1df68000 	C:\WINDOWS\SYSTEM32\CRYPTSP.dll
0x00007ffc1d2a0000 - 0x00007ffc1d2d4000 	C:\WINDOWS\system32\rsaenh.dll
0x00007ffc1e400000 - 0x00007ffc1e427000 	C:\WINDOWS\System32\bcrypt.dll
0x00007ffc1e1e0000 - 0x00007ffc1e20e000 	C:\WINDOWS\SYSTEM32\USERENV.dll
0x00007ffc1daf0000 - 0x00007ffc1dafc000 	C:\WINDOWS\SYSTEM32\CRYPTBASE.dll
0x00007ffc1d670000 - 0x00007ffc1d6ac000 	C:\WINDOWS\SYSTEM32\IPHLPAPI.DLL
0x00007ffc1ed70000 - 0x00007ffc1ed78000 	C:\WINDOWS\System32\NSI.dll
0x00007ffc19800000 - 0x00007ffc19817000 	C:\WINDOWS\SYSTEM32\dhcpcsvc6.DLL
0x00007ffc19790000 - 0x00007ffc197ad000 	C:\WINDOWS\SYSTEM32\dhcpcsvc.DLL
0x00007ffc1d6c0000 - 0x00007ffc1d78b000 	C:\WINDOWS\SYSTEM32\DNSAPI.dll

dbghelp: loaded successfully - version: 4.0.5 - missing functions: none
symbol engine: initialized successfully - sym options: 0x614 - pdb path: .;C:\Program Files\Java\jdk-19.0.2\bin;C:\WINDOWS\SYSTEM32;C:\ProgramData\Symantec\Symantec Endpoint Protection\14.3.8289.5000.105\Data\Sysfer\x64;C:\WINDOWS\WinSxS\amd64_microsoft.windows.common-controls_6595b64144ccf1df_6.0.19041.1110_none_60b5254171f9507e;C:\Program Files\Java\jdk-19.0.2\bin\server;F:\Portables\apache-maven-3.9.1\lib\jansi-native\Windows\x86_64

VM Arguments:
jvm_args: -Dclassworlds.conf=F:\Portables\apache-maven-3.9.1\bin\m2.conf -Dmaven.home=F:\Portables\apache-maven-3.9.1 -Dlibrary.jansi.path=F:\Portables\apache-maven-3.9.1\lib\jansi-native -Dmaven.multiModuleProjectDirectory=F:\WorkingPlace\TpbFico\Research\kogito-quarkus-samples 
java_command: org.codehaus.plexus.classworlds.launcher.Launcher quarkus:dev
java_class_path (initial): F:\Portables\apache-maven-3.9.1\boot\plexus-classworlds-2.6.0.jar
Launcher Type: SUN_STANDARD

[Global flags]
     intx CICompilerCount                          = 12                                        {product} {ergonomic}
     uint ConcGCThreads                            = 3                                         {product} {ergonomic}
     uint G1ConcRefinementThreads                  = 13                                        {product} {ergonomic}
   size_t G1HeapRegionSize                         = 4194304                                   {product} {ergonomic}
    uintx GCDrainStackTargetSize                   = 64                                        {product} {ergonomic}
   size_t InitialHeapSize                          = 402653184                                 {product} {ergonomic}
   size_t MarkStackSize                            = 4194304                                   {product} {ergonomic}
   size_t MaxHeapSize                              = 6400507904                                {product} {ergonomic}
   size_t MaxNewSize                               = 3837788160                                {product} {ergonomic}
   size_t MinHeapDeltaBytes                        = 4194304                                   {product} {ergonomic}
   size_t MinHeapSize                              = 8388608                                   {product} {ergonomic}
    uintx NonNMethodCodeHeapSize                   = 7602480                                {pd product} {ergonomic}
    uintx NonProfiledCodeHeapSize                  = 122027880                              {pd product} {ergonomic}
    uintx ProfiledCodeHeapSize                     = 122027880                              {pd product} {ergonomic}
    uintx ReservedCodeCacheSize                    = 251658240                              {pd product} {ergonomic}
     bool SegmentedCodeCache                       = true                                      {product} {ergonomic}
   size_t SoftMaxHeapSize                          = 6400507904                             {manageable} {ergonomic}
     bool UseCompressedClassPointers               = true                           {product lp64_product} {ergonomic}
     bool UseCompressedOops                        = true                           {product lp64_product} {ergonomic}
     bool UseG1GC                                  = true                                      {product} {ergonomic}
     bool UseLargePagesIndividualAllocation        = false                                  {pd product} {ergonomic}

Logging:
Log output configuration:
 #0: stdout all=warning uptime,level,tags foldmultilines=false
 #1: stderr all=off uptime,level,tags foldmultilines=false

Environment Variables:
JAVA_HOME=C:\Program Files\Java\jdk-19.0.2
PATH=F:\AtlProgramFiles\Python\Python311\Scripts\;F:\AtlProgramFiles\Python\Python311\;C:\WINDOWS\system32;C:\WINDOWS;C:\WINDOWS\System32\Wbem;C:\WINDOWS\System32\WindowsPowerShell\v1.0\;C:\WINDOWS\System32\OpenSSH\;F:\Portables\apache-maven-3.9.1\bin;C:\Program Files\Java\jdk-19.0.2\bin;C:\Program Files\Java\JavaSwitcher;C:\Program Files\Git\cmd;D:\Portables\Gradle\gradle-7.5.1\bin;C:\Program Files\nodejs\;C:\Program Files\PuTTY\;C:\Program Files\Docker\Docker\resources\bin;F:\Portables\cmder;C:\Program Files\dotnet\;C:\Program Files\Microsoft SQL Server\150\Tools\Binn\;C:\Program Files\Microsoft SQL Server\Client SDK\ODBC\170\Tools\Binn\;C:\Users\BuuHQ\scoop\shims;C:\Users\BuuHQ\AppData\Local\Microsoft\WindowsApps;C:\Program Files\JetBrains\IntelliJ IDEA 2022.2.3\bin;;C:\Program Files\Azure Data Studio\bin;C:\Users\BuuHQ\AppData\Roaming\npm;F:\AtlProgramFiles\Microsoft VS Code\bin;C:\Users\BuuHQ\.dotnet\tools
USERNAME=BuuHQ
LANG=en_US.UTF-8
OS=Windows_NT
PROCESSOR_IDENTIFIER=Intel64 Family 6 Model 165 Stepping 5, GenuineIntel
TMP=C:\Users\BuuHQ\AppData\Local\Temp
TEMP=C:\Users\BuuHQ\AppData\Local\Temp



---------------  S Y S T E M  ---------------

OS:
 Windows 10 , 64 bit Build 19041 (10.0.19041.2788)
OS uptime: 0 days 8:54 hours
Hyper-V role detected

CPU: total 16 (initial active 16) (8 cores per cpu, 2 threads per core) family 6 model 165 stepping 5 microcode 0xca, cx8, cmov, fxsr, ht, mmx, 3dnowpref, sse, sse2, sse3, ssse3, sse4.1, sse4.2, popcnt, lzcnt, tsc, tscinvbit, avx, avx2, aes, erms, clmul, bmi1, bmi2, adx, fma, vzeroupper, clflush, clflushopt, hv, rdtscp

Memory: 4k page, system-wide physical 24400M (1624M free)
TotalPageFile size 39650M (AvailPageFile size 39M)
current process WorkingSet (physical memory assigned to process): 575M, peak: 575M
current process commit charge ("private bytes"): 850M, peak: 864M

vm_info: Java HotSpot(TM) 64-Bit Server VM (19.0.2+7-44) for windows-amd64 JRE (19.0.2+7-44), built on 2022-11-30T18:02:09Z by "mach5one" with MS VC++ 17.1 (VS2022)

END.
