#
# There is insufficient memory for the Java Runtime Environment to continue.
# Native memory allocation (mmap) failed to map 29360128 bytes for G1 virtual space
# Possible reasons:
#   The system is out of physical RAM or swap space
#   The process is running with CompressedOops enabled, and the Java Heap may be blocking the growth of the native heap
# Possible solutions:
#   Reduce memory load on the system
#   Increase physical memory or swap space
#   Check if swap backing store is full
#   Decrease Java heap size (-Xmx/-Xms)
#   Decrease number of Java threads
#   Decrease Java thread stack sizes (-Xss)
#   Set larger code cache with -XX:ReservedCodeCacheSize=
#   JVM is running with Zero Based Compressed Oops mode in which the Java heap is
#     placed in the first 32GB address space. The Java Heap base address is the
#     maximum limit for the native heap growth. Please use -XX:HeapBaseMinAddress
#     to set the Java Heap base and to place the Java Heap above 32GB virtual address.
# This output file may be truncated or incomplete.
#
#  Out of Memory Error (os_windows.cpp:3541), pid=5796, tid=7944
#
# JRE version: Java(TM) SE Runtime Environment (17.0.5+9) (build 17.0.5+9-LTS-191)
# Java VM: Java HotSpot(TM) 64-Bit Server VM (17.0.5+9-LTS-191, mixed mode, emulated-client, sharing, tiered, compressed oops, compressed class ptrs, g1 gc, windows-amd64)
# No core dump will be written. Minidumps are not enabled by default on client versions of Windows
#

---------------  S U M M A R Y ------------

Command Line: -Dio.quarkus.force-color-support=true -Dquarkus-internal.serialized-app-model.path=F:\WorkingPlace\TpbFico\Research\kogito-quarkus-samples\target\quarkus\bootstrap\dev-app-model.dat -javaagent:C:\Users\BuuHQ\.m2\repository\io\quarkus\quarkus-class-change-agent\2.16.6.Final\quarkus-class-change-agent-2.16.6.Final.jar -XX:TieredStopAtLevel=1 -agentlib:jdwp=transport=dt_socket,address=localhost:5005,server=y,suspend=n -Djava.util.logging.manager=org.jboss.logmanager.LogManager F:\WorkingPlace\TpbFico\Research\kogito-quarkus-samples\target\dmn-rule-dev.jar

Host: Intel(R) Core(TM) i7-10700 CPU @ 2.90GHz, 16 cores, 23G,  Windows 10 , 64 bit Build 19041 (10.0.19041.2788)
Time: Fri May  5 16:44:17 2023 SE Asia Standard Time elapsed time: 17.778660 seconds (0d 0h 0m 17s)

---------------  T H R E A D  ---------------

Current thread (0x00000288fd13ff70):  VMThread "VM Thread" [stack: 0x000000ac35b00000,0x000000ac35c00000] [id=7944]

Stack: [0x000000ac35b00000,0x000000ac35c00000]
Native frames: (J=compiled Java code, j=interpreted, Vv=VM code, C=native code)
V  [jvm.dll+0x672eea]
V  [jvm.dll+0x7d2a04]
V  [jvm.dll+0x7d41ae]
V  [jvm.dll+0x7d4813]
V  [jvm.dll+0x242c15]
V  [jvm.dll+0x66fe09]
V  [jvm.dll+0x664682]
V  [jvm.dll+0x300e8b]
V  [jvm.dll+0x308426]
V  [jvm.dll+0x357ffe]
V  [jvm.dll+0x35822f]
V  [jvm.dll+0x2d80a8]
V  [jvm.dll+0x2d6374]
V  [jvm.dll+0x2d597c]
V  [jvm.dll+0x3193eb]
V  [jvm.dll+0x7d8ceb]
V  [jvm.dll+0x7d9a24]
V  [jvm.dll+0x7d9f3c]
V  [jvm.dll+0x7da314]
V  [jvm.dll+0x7da3e0]
V  [jvm.dll+0x782b4a]
V  [jvm.dll+0x671d75]
C  [ucrtbase.dll+0x21bb2]
C  [KERNEL32.DLL+0x17604]
C  [ntdll.dll+0x526a1]

VM_Operation (0x000000ac3f4fd680): G1CollectForAllocation, mode: safepoint, requested by thread 0x000002888947bc60


---------------  P R O C E S S  ---------------

Threads class SMR info:
_java_thread_list=0x000002888f106110, length=163, elements={
0x00000288e7d07330, 0x00000288fd143a60, 0x00000288fd1446d0, 0x00000288fd160020,
0x00000288fd160c90, 0x00000288fd162650, 0x00000288fd165430, 0x00000288fd167a00,
0x00000288fd170520, 0x0000028885fe1610, 0x0000028886ee6fa0, 0x0000028886ee8220,
0x0000028886eeca30, 0x0000028886112280, 0x0000028888a9afa0, 0x000002888963d930,
0x00000288894d9470, 0x00000288894d9940, 0x0000028888d92a00, 0x0000028888d95550,
0x0000028888d94bb0, 0x0000028888d92ed0, 0x0000028888d933a0, 0x0000028888d93870,
0x0000028888d95080, 0x0000028888d95a20, 0x0000028888d93d40, 0x0000028888d92060,
0x0000028888d92530, 0x0000028888d94210, 0x00000288893ee5e0, 0x00000288893ef450,
0x00000288893ebf60, 0x00000288893ed770, 0x00000288893eac20, 0x00000288893eeab0,
0x00000288893f1ad0, 0x00000288893eef80, 0x00000288893f0790, 0x00000288893edc40,
0x00000288893f1fa0, 0x00000288893f1130, 0x00000288893f1600, 0x00000288893efdf0,
0x00000288893f02c0, 0x00000288893eb0f0, 0x00000288893f2470, 0x00000288893ee110,
0x00000288893ef920, 0x00000288893eb5c0, 0x00000288893ec430, 0x00000288893ec900,
0x00000288893eba90, 0x00000288893f0c60, 0x00000288893ed2a0, 0x000002888990d290,
0x0000028889910c50, 0x0000028889911f90, 0x000002888990d760, 0x000002888990b5b0,
0x000002888990c420, 0x00000288899115f0, 0x0000028889911120, 0x000002888990ef70,
0x000002888990ba80, 0x000002888990ac10, 0x000002888990f440, 0x000002888990dc30,
0x0000028889910780, 0x0000028889911ac0, 0x000002888990a740, 0x000002888990cdc0,
0x000002888990f910, 0x000002888990fde0, 0x000002888990b0e0, 0x000002888990e100,
0x000002888990c8f0, 0x000002888990e5d0, 0x000002888990eaa0, 0x00000288899102b0,
0x00000288893ecdd0, 0x000002888990bf50, 0x000002888a887390, 0x000002888a884840,
0x000002888a881820, 0x000002888a886ec0, 0x000002888a883500, 0x000002888a887d30,
0x000002888a881350, 0x000002888a888200, 0x000002888a882b60, 0x000002888a884d10,
0x000002888a887860, 0x000002888a8886d0, 0x000002888a883ea0, 0x000002888a884370,
0x000002888a881cf0, 0x000002888a8851e0, 0x000002888a8856b0, 0x000002888a880e80,
0x000002888a886050, 0x000002888a8821c0, 0x000002888a885b80, 0x000002888a883030,
0x000002888a8839d0, 0x000002888a8869f0, 0x000002888f4dfac0, 0x000002888f4daed0,
0x000002888947d470, 0x000002888947f620, 0x000002888947d940, 0x000002888947faf0,
0x000002888947b2c0, 0x0000028889479f80, 0x000002888947a450, 0x0000028889480490,
0x000002888947cfa0, 0x000002888947c130, 0x000002888947ffc0, 0x000002888947e2e0,
0x00000288894795e0, 0x0000028889480960, 0x000002888947a920, 0x000002888947ec80,
0x000002888f4dd240, 0x000002888947b790, 0x0000028889479110, 0x000002888947bc60,
0x0000028889479ab0, 0x000002888947adf0, 0x000002888947c600, 0x000002888947cad0,
0x000002888947e7b0, 0x000002888947de10, 0x000002888947f150, 0x0000028889558430,
0x000002888955cc60, 0x000002888955e940, 0x0000028889558900, 0x0000028889558dd0,
0x000002888955c790, 0x0000028889557a90, 0x000002888955d130, 0x0000028889557f60,
0x000002888955bdf0, 0x000002888955a5e0, 0x00000288895575c0, 0x000002888955aab0,
0x000002888955c2c0, 0x000002888955a110, 0x000002888f4d9a90, 0x000002888955d600,
0x000002888f4dd750, 0x000002888f4ddc60, 0x000002888f4dc820, 0x00000288895592a0,
0x0000028889559770, 0x000002888955dad0, 0x000002888f4d9fa0, 0x000002888f4d9070,
0x000002888f4da9c0, 0x000002888955af80, 0x0000028889559c40
}

Java Threads: ( => current thread )
  0x00000288e7d07330 JavaThread "main" [_thread_blocked, id=3640, stack(0x000000ac35500000,0x000000ac35600000)]
  0x00000288fd143a60 JavaThread "Reference Handler" daemon [_thread_blocked, id=10604, stack(0x000000ac35c00000,0x000000ac35d00000)]
  0x00000288fd1446d0 JavaThread "Finalizer" daemon [_thread_blocked, id=10096, stack(0x000000ac35d00000,0x000000ac35e00000)]
  0x00000288fd160020 JavaThread "Signal Dispatcher" daemon [_thread_blocked, id=18848, stack(0x000000ac35e00000,0x000000ac35f00000)]
  0x00000288fd160c90 JavaThread "Attach Listener" daemon [_thread_blocked, id=17828, stack(0x000000ac35f00000,0x000000ac36000000)]
  0x00000288fd162650 JavaThread "Service Thread" daemon [_thread_blocked, id=17212, stack(0x000000ac36000000,0x000000ac36100000)]
  0x00000288fd165430 JavaThread "Monitor Deflation Thread" daemon [_thread_blocked, id=7296, stack(0x000000ac36100000,0x000000ac36200000)]
  0x00000288fd167a00 JavaThread "C1 CompilerThread0" daemon [_thread_blocked, id=17748, stack(0x000000ac36200000,0x000000ac36300000)]
  0x00000288fd170520 JavaThread "Sweeper thread" daemon [_thread_blocked, id=22988, stack(0x000000ac36300000,0x000000ac36400000)]
  0x0000028885fe1610 JavaThread "Common-Cleaner" daemon [_thread_blocked, id=2604, stack(0x000000ac36400000,0x000000ac36500000)]
  0x0000028886ee6fa0 JavaThread "JDWP Transport Listener: dt_socket" daemon [_thread_in_native, id=9632, stack(0x000000ac36a00000,0x000000ac36b00000)]
  0x0000028886ee8220 JavaThread "JDWP Event Helper Thread" daemon [_thread_blocked, id=7832, stack(0x000000ac36b00000,0x000000ac36c00000)]
  0x0000028886eeca30 JavaThread "Notification Thread" daemon [_thread_blocked, id=16804, stack(0x000000ac36c00000,0x000000ac36d00000)]
  0x0000028886112280 JavaThread "Quarkus Devmode keep alive thread" [_thread_blocked, id=4736, stack(0x000000ac37a00000,0x000000ac37b00000)]
  0x0000028888a9afa0 JavaThread "ForkJoinPool.commonPool-worker-1" daemon [_thread_blocked, id=15012, stack(0x000000ac38100000,0x000000ac38200000)]
  0x000002888963d930 JavaThread "build-1" [_thread_blocked, id=27304, stack(0x000000ac38200000,0x000000ac38300000)]
  0x00000288894d9470 JavaThread "build-2" [_thread_blocked, id=24108, stack(0x000000ac38300000,0x000000ac38400000)]
  0x00000288894d9940 JavaThread "build-3" [_thread_blocked, id=8812, stack(0x000000ac38400000,0x000000ac38500000)]
  0x0000028888d92a00 JavaThread "build-4" [_thread_blocked, id=24504, stack(0x000000ac38500000,0x000000ac38600000)]
  0x0000028888d95550 JavaThread "build-5" [_thread_blocked, id=10904, stack(0x000000ac38600000,0x000000ac38700000)]
  0x0000028888d94bb0 JavaThread "build-6" [_thread_blocked, id=13108, stack(0x000000ac38700000,0x000000ac38800000)]
  0x0000028888d92ed0 JavaThread "build-7" [_thread_blocked, id=23120, stack(0x000000ac38800000,0x000000ac38900000)]
  0x0000028888d933a0 JavaThread "build-8" [_thread_blocked, id=18640, stack(0x000000ac38900000,0x000000ac38a00000)]
  0x0000028888d93870 JavaThread "build-9" [_thread_blocked, id=20808, stack(0x000000ac38a00000,0x000000ac38b00000)]
  0x0000028888d95080 JavaThread "build-10" [_thread_blocked, id=9624, stack(0x000000ac38b00000,0x000000ac38c00000)]
  0x0000028888d95a20 JavaThread "build-11" [_thread_blocked, id=21188, stack(0x000000ac38c00000,0x000000ac38d00000)]
  0x0000028888d93d40 JavaThread "build-12" [_thread_blocked, id=21176, stack(0x000000ac38d00000,0x000000ac38e00000)]
  0x0000028888d92060 JavaThread "build-13" [_thread_blocked, id=26672, stack(0x000000ac38e00000,0x000000ac38f00000)]
  0x0000028888d92530 JavaThread "build-14" [_thread_blocked, id=26888, stack(0x000000ac38f00000,0x000000ac39000000)]
  0x0000028888d94210 JavaThread "build-15" [_thread_blocked, id=4856, stack(0x000000ac39000000,0x000000ac39100000)]
  0x00000288893ee5e0 JavaThread "build-16" [_thread_blocked, id=11080, stack(0x000000ac39100000,0x000000ac39200000)]
  0x00000288893ef450 JavaThread "build-17" [_thread_blocked, id=25844, stack(0x000000ac39200000,0x000000ac39300000)]
  0x00000288893ebf60 JavaThread "build-18" [_thread_blocked, id=23476, stack(0x000000ac39300000,0x000000ac39400000)]
  0x00000288893ed770 JavaThread "build-19" [_thread_blocked, id=21344, stack(0x000000ac39400000,0x000000ac39500000)]
  0x00000288893eac20 JavaThread "build-20" [_thread_blocked, id=19540, stack(0x000000ac39500000,0x000000ac39600000)]
  0x00000288893eeab0 JavaThread "build-21" [_thread_blocked, id=2184, stack(0x000000ac39600000,0x000000ac39700000)]
  0x00000288893f1ad0 JavaThread "build-22" [_thread_blocked, id=7776, stack(0x000000ac39700000,0x000000ac39800000)]
  0x00000288893eef80 JavaThread "build-23" [_thread_blocked, id=23696, stack(0x000000ac39800000,0x000000ac39900000)]
  0x00000288893f0790 JavaThread "build-24" [_thread_blocked, id=25808, stack(0x000000ac39900000,0x000000ac39a00000)]
  0x00000288893edc40 JavaThread "build-25" [_thread_blocked, id=27296, stack(0x000000ac39a00000,0x000000ac39b00000)]
  0x00000288893f1fa0 JavaThread "build-26" [_thread_blocked, id=19072, stack(0x000000ac39b00000,0x000000ac39c00000)]
  0x00000288893f1130 JavaThread "build-27" [_thread_blocked, id=14672, stack(0x000000ac39c00000,0x000000ac39d00000)]
  0x00000288893f1600 JavaThread "build-28" [_thread_blocked, id=22768, stack(0x000000ac39d00000,0x000000ac39e00000)]
  0x00000288893efdf0 JavaThread "build-29" [_thread_blocked, id=23116, stack(0x000000ac39e00000,0x000000ac39f00000)]
  0x00000288893f02c0 JavaThread "build-30" [_thread_blocked, id=23712, stack(0x000000ac39f00000,0x000000ac3a000000)]
  0x00000288893eb0f0 JavaThread "build-31" [_thread_blocked, id=6184, stack(0x000000ac3a000000,0x000000ac3a100000)]
  0x00000288893f2470 JavaThread "build-32" [_thread_blocked, id=25596, stack(0x000000ac3a100000,0x000000ac3a200000)]
  0x00000288893ee110 JavaThread "build-33" [_thread_blocked, id=24196, stack(0x000000ac3a200000,0x000000ac3a300000)]
  0x00000288893ef920 JavaThread "build-34" [_thread_blocked, id=9704, stack(0x000000ac3a300000,0x000000ac3a400000)]
  0x00000288893eb5c0 JavaThread "build-35" [_thread_blocked, id=26068, stack(0x000000ac3a400000,0x000000ac3a500000)]
  0x00000288893ec430 JavaThread "build-36" [_thread_blocked, id=19252, stack(0x000000ac3a500000,0x000000ac3a600000)]
  0x00000288893ec900 JavaThread "build-37" [_thread_blocked, id=18344, stack(0x000000ac3aa00000,0x000000ac3ab00000)]
  0x00000288893eba90 JavaThread "build-38" [_thread_blocked, id=24016, stack(0x000000ac3ab00000,0x000000ac3ac00000)]
  0x00000288893f0c60 JavaThread "build-39" [_thread_blocked, id=2624, stack(0x000000ac3ac00000,0x000000ac3ad00000)]
  0x00000288893ed2a0 JavaThread "build-40" [_thread_blocked, id=16068, stack(0x000000ac3ad00000,0x000000ac3ae00000)]
  0x000002888990d290 JavaThread "build-41" [_thread_blocked, id=26584, stack(0x000000ac3ae00000,0x000000ac3af00000)]
  0x0000028889910c50 JavaThread "build-42" [_thread_blocked, id=17032, stack(0x000000ac3af00000,0x000000ac3b000000)]
  0x0000028889911f90 JavaThread "build-43" [_thread_blocked, id=19536, stack(0x000000ac3b000000,0x000000ac3b100000)]
  0x000002888990d760 JavaThread "build-44" [_thread_blocked, id=15192, stack(0x000000ac3b100000,0x000000ac3b200000)]
  0x000002888990b5b0 JavaThread "build-45" [_thread_blocked, id=1296, stack(0x000000ac3b200000,0x000000ac3b300000)]
  0x000002888990c420 JavaThread "build-46" [_thread_blocked, id=19576, stack(0x000000ac3b300000,0x000000ac3b400000)]
  0x00000288899115f0 JavaThread "build-47" [_thread_blocked, id=24120, stack(0x000000ac3b400000,0x000000ac3b500000)]
  0x0000028889911120 JavaThread "build-48" [_thread_blocked, id=20688, stack(0x000000ac3b500000,0x000000ac3b600000)]
  0x000002888990ef70 JavaThread "build-49" [_thread_blocked, id=21180, stack(0x000000ac3b600000,0x000000ac3b700000)]
  0x000002888990ba80 JavaThread "build-50" [_thread_blocked, id=24840, stack(0x000000ac3b700000,0x000000ac3b800000)]
  0x000002888990ac10 JavaThread "build-51" [_thread_blocked, id=21572, stack(0x000000ac3b800000,0x000000ac3b900000)]
  0x000002888990f440 JavaThread "build-52" [_thread_blocked, id=15304, stack(0x000000ac3b900000,0x000000ac3ba00000)]
  0x000002888990dc30 JavaThread "build-53" [_thread_blocked, id=19196, stack(0x000000ac3ba00000,0x000000ac3bb00000)]
  0x0000028889910780 JavaThread "build-54" [_thread_blocked, id=18200, stack(0x000000ac3bb00000,0x000000ac3bc00000)]
  0x0000028889911ac0 JavaThread "build-55" [_thread_blocked, id=1804, stack(0x000000ac3bc00000,0x000000ac3bd00000)]
  0x000002888990a740 JavaThread "build-56" [_thread_blocked, id=24704, stack(0x000000ac3bd00000,0x000000ac3be00000)]
  0x000002888990cdc0 JavaThread "build-57" [_thread_blocked, id=900, stack(0x000000ac3be00000,0x000000ac3bf00000)]
  0x000002888990f910 JavaThread "build-58" [_thread_blocked, id=17240, stack(0x000000ac3bf00000,0x000000ac3c000000)]
  0x000002888990fde0 JavaThread "build-59" [_thread_blocked, id=26492, stack(0x000000ac3c000000,0x000000ac3c100000)]
  0x000002888990b0e0 JavaThread "build-60" [_thread_blocked, id=22652, stack(0x000000ac3c100000,0x000000ac3c200000)]
  0x000002888990e100 JavaThread "build-61" [_thread_blocked, id=14904, stack(0x000000ac3c300000,0x000000ac3c400000)]
  0x000002888990c8f0 JavaThread "build-62" [_thread_blocked, id=5520, stack(0x000000ac3c400000,0x000000ac3c500000)]
  0x000002888990e5d0 JavaThread "build-63" [_thread_blocked, id=20136, stack(0x000000ac3c700000,0x000000ac3c800000)]
  0x000002888990eaa0 JavaThread "build-64" [_thread_blocked, id=548, stack(0x000000ac3c800000,0x000000ac3c900000)]
  0x00000288899102b0 JavaThread "build-65" [_thread_blocked, id=23864, stack(0x000000ac3c900000,0x000000ac3ca00000)]
  0x00000288893ecdd0 JavaThread "WindowsStreamPump" daemon [_thread_in_native, id=6484, stack(0x000000ac3cd00000,0x000000ac3ce00000)]
  0x000002888990bf50 JavaThread "Aesh InputStream Reader" daemon [_thread_blocked, id=26908, stack(0x000000ac3ce00000,0x000000ac3cf00000)]
  0x000002888a887390 JavaThread "Thread-65" daemon [_thread_in_native, id=25344, stack(0x000000ac3d200000,0x000000ac3d300000)]
  0x000002888a884840 JavaThread "NIO IO Thread (created by Quarkus)" daemon [_thread_in_native, id=20352, stack(0x000000ac3d300000,0x000000ac3d400000)]
  0x000002888a881820 JavaThread "NIO IO Thread (created by Quarkus)" daemon [_thread_in_native, id=17000, stack(0x000000ac3d400000,0x000000ac3d500000)]
  0x000002888a886ec0 JavaThread "NIO IO Thread (created by Quarkus)" daemon [_thread_in_native, id=24984, stack(0x000000ac3d500000,0x000000ac3d600000)]
  0x000002888a883500 JavaThread "NIO IO Thread (created by Quarkus)" daemon [_thread_in_native, id=11708, stack(0x000000ac3d600000,0x000000ac3d700000)]
  0x000002888a887d30 JavaThread "NIO IO Thread (created by Quarkus)" daemon [_thread_in_native, id=23068, stack(0x000000ac3d700000,0x000000ac3d800000)]
  0x000002888a881350 JavaThread "NIO IO Thread (created by Quarkus)" daemon [_thread_in_native, id=23352, stack(0x000000ac3d800000,0x000000ac3d900000)]
  0x000002888a888200 JavaThread "NIO IO Thread (created by Quarkus)" daemon [_thread_in_native, id=24132, stack(0x000000ac3d900000,0x000000ac3da00000)]
  0x000002888a882b60 JavaThread "NIO IO Thread (created by Quarkus)" daemon [_thread_in_native, id=11796, stack(0x000000ac3da00000,0x000000ac3db00000)]
  0x000002888a884d10 JavaThread "NIO IO Thread (created by Quarkus)" daemon [_thread_in_native, id=7808, stack(0x000000ac3db00000,0x000000ac3dc00000)]
  0x000002888a887860 JavaThread "NIO IO Thread (created by Quarkus)" daemon [_thread_in_native, id=16052, stack(0x000000ac3dc00000,0x000000ac3dd00000)]
  0x000002888a8886d0 JavaThread "NIO IO Thread (created by Quarkus)" daemon [_thread_in_native, id=22940, stack(0x000000ac3dd00000,0x000000ac3de00000)]
  0x000002888a883ea0 JavaThread "NIO IO Thread (created by Quarkus)" daemon [_thread_in_native, id=8256, stack(0x000000ac3de00000,0x000000ac3df00000)]
  0x000002888a884370 JavaThread "NIO IO Thread (created by Quarkus)" daemon [_thread_in_native, id=25372, stack(0x000000ac3df00000,0x000000ac3e000000)]
  0x000002888a881cf0 JavaThread "NIO IO Thread (created by Quarkus)" daemon [_thread_in_native, id=17028, stack(0x000000ac3e000000,0x000000ac3e100000)]
  0x000002888a8851e0 JavaThread "NIO IO Thread (created by Quarkus)" daemon [_thread_in_native, id=15188, stack(0x000000ac3e100000,0x000000ac3e200000)]
  0x000002888a8856b0 JavaThread "NIO IO Thread (created by Quarkus)" daemon [_thread_in_native, id=5456, stack(0x000000ac3e200000,0x000000ac3e300000)]
  0x000002888a880e80 JavaThread "NIO IO Thread (created by Quarkus)" daemon [_thread_blocked, id=28020, stack(0x000000ac3d100000,0x000000ac3d200000)]
  0x000002888a886050 JavaThread "NIO IO Thread (created by Quarkus)" daemon [_thread_blocked, id=28024, stack(0x000000ac3e300000,0x000000ac3e400000)]
  0x000002888a8821c0 JavaThread "testcontainers-ryuk" daemon [_thread_blocked, id=28028, stack(0x000000ac3cc00000,0x000000ac3cd00000)]
  0x000002888a885b80 JavaThread "testcontainers-wait-0" daemon [_thread_blocked, id=28044, stack(0x000000ac3e500000,0x000000ac3e600000)]
  0x000002888a883030 JavaThread "testcontainers-wait-1" daemon [_thread_blocked, id=28048, stack(0x000000ac3e600000,0x000000ac3e700000)]
  0x000002888a8839d0 JavaThread "Thread-71" daemon [_thread_in_native, id=28060, stack(0x000000ac3e800000,0x000000ac3e900000)]
  0x000002888a8869f0 JavaThread "docker-java-stream-1127783914" daemon [_thread_blocked, id=28456, stack(0x000000ac3e700000,0x000000ac3e800000)]
  0x000002888f4dfac0 JavaThread "C1 CompilerThread1" daemon [_thread_blocked, id=28536, stack(0x000000ac36500000,0x000000ac36600000)]
  0x000002888f4daed0 JavaThread "C1 CompilerThread2" daemon [_thread_blocked, id=28596, stack(0x000000ac36600000,0x000000ac36700000)]
  0x000002888947d470 JavaThread "build-66" [_thread_blocked, id=28600, stack(0x000000ac36700000,0x000000ac36800000)]
  0x000002888947f620 JavaThread "build-67" [_thread_blocked, id=28604, stack(0x000000ac36800000,0x000000ac36900000)]
  0x000002888947d940 JavaThread "build-68" [_thread_blocked, id=28608, stack(0x000000ac36900000,0x000000ac36a00000)]
  0x000002888947faf0 JavaThread "build-69" [_thread_blocked, id=28612, stack(0x000000ac3c200000,0x000000ac3c300000)]
  0x000002888947b2c0 JavaThread "build-70" [_thread_blocked, id=28616, stack(0x000000ac3c500000,0x000000ac3c600000)]
  0x0000028889479f80 JavaThread "build-71" [_thread_blocked, id=28620, stack(0x000000ac3c600000,0x000000ac3c700000)]
  0x000002888947a450 JavaThread "build-72" [_thread_blocked, id=28624, stack(0x000000ac3ca00000,0x000000ac3cb00000)]
  0x0000028889480490 JavaThread "build-73" [_thread_blocked, id=28628, stack(0x000000ac3cb00000,0x000000ac3cc00000)]
  0x000002888947cfa0 JavaThread "build-74" [_thread_blocked, id=28632, stack(0x000000ac3e900000,0x000000ac3ea00000)]
  0x000002888947c130 JavaThread "build-75" [_thread_blocked, id=28636, stack(0x000000ac3ea00000,0x000000ac3eb00000)]
  0x000002888947ffc0 JavaThread "build-76" [_thread_blocked, id=28640, stack(0x000000ac3eb00000,0x000000ac3ec00000)]
  0x000002888947e2e0 JavaThread "build-77" [_thread_blocked, id=28644, stack(0x000000ac3ec00000,0x000000ac3ed00000)]
  0x00000288894795e0 JavaThread "build-78" [_thread_blocked, id=28648, stack(0x000000ac3ed00000,0x000000ac3ee00000)]
  0x0000028889480960 JavaThread "build-79" [_thread_blocked, id=28652, stack(0x000000ac3ee00000,0x000000ac3ef00000)]
  0x000002888947a920 JavaThread "build-80" [_thread_blocked, id=28656, stack(0x000000ac3ef00000,0x000000ac3f000000)]
  0x000002888947ec80 JavaThread "build-81" [_thread_blocked, id=28660, stack(0x000000ac3f000000,0x000000ac3f100000)]
  0x000002888f4dd240 JavaThread "C1 CompilerThread3" daemon [_thread_blocked, id=28664, stack(0x000000ac3f100000,0x000000ac3f200000)]
  0x000002888947b790 JavaThread "build-82" [_thread_blocked, id=28668, stack(0x000000ac3f200000,0x000000ac3f300000)]
  0x0000028889479110 JavaThread "build-83" [_thread_blocked, id=20428, stack(0x000000ac3f300000,0x000000ac3f400000)]
  0x000002888947bc60 JavaThread "build-84" [_thread_blocked, id=24356, stack(0x000000ac3f400000,0x000000ac3f500000)]
  0x0000028889479ab0 JavaThread "build-85" [_thread_blocked, id=27652, stack(0x000000ac3f500000,0x000000ac3f600000)]
  0x000002888947adf0 JavaThread "build-86" [_thread_blocked, id=24392, stack(0x000000ac3f600000,0x000000ac3f700000)]
  0x000002888947c600 JavaThread "build-87" [_thread_blocked, id=11096, stack(0x000000ac3f700000,0x000000ac3f800000)]
  0x000002888947cad0 JavaThread "build-88" [_thread_blocked, id=26980, stack(0x000000ac3f800000,0x000000ac3f900000)]
  0x000002888947e7b0 JavaThread "build-89" [_thread_blocked, id=21112, stack(0x000000ac3f900000,0x000000ac3fa00000)]
  0x000002888947de10 JavaThread "build-90" [_thread_blocked, id=26368, stack(0x000000ac3fa00000,0x000000ac3fb00000)]
  0x000002888947f150 JavaThread "build-91" [_thread_blocked, id=27788, stack(0x000000ac3fb00000,0x000000ac3fc00000)]
  0x0000028889558430 JavaThread "build-92" [_thread_blocked, id=27792, stack(0x000000ac3fc00000,0x000000ac3fd00000)]
  0x000002888955cc60 JavaThread "build-93" [_thread_blocked, id=27796, stack(0x000000ac3fd00000,0x000000ac3fe00000)]
  0x000002888955e940 JavaThread "build-94" [_thread_blocked, id=27800, stack(0x000000ac3fe00000,0x000000ac3ff00000)]
  0x0000028889558900 JavaThread "build-95" [_thread_blocked, id=27804, stack(0x000000ac3ff00000,0x000000ac40000000)]
  0x0000028889558dd0 JavaThread "build-96" [_thread_blocked, id=27776, stack(0x000000ac40000000,0x000000ac40100000)]
  0x000002888955c790 JavaThread "build-97" [_thread_blocked, id=27780, stack(0x000000ac40100000,0x000000ac40200000)]
  0x0000028889557a90 JavaThread "build-98" [_thread_blocked, id=27744, stack(0x000000ac40200000,0x000000ac40300000)]
  0x000002888955d130 JavaThread "build-99" [_thread_blocked, id=27748, stack(0x000000ac40300000,0x000000ac40400000)]
  0x0000028889557f60 JavaThread "build-100" [_thread_blocked, id=27752, stack(0x000000ac40400000,0x000000ac40500000)]
  0x000002888955bdf0 JavaThread "build-101" [_thread_blocked, id=27756, stack(0x000000ac40500000,0x000000ac40600000)]
  0x000002888955a5e0 JavaThread "build-102" [_thread_blocked, id=27760, stack(0x000000ac40600000,0x000000ac40700000)]
  0x00000288895575c0 JavaThread "build-103" [_thread_blocked, id=27736, stack(0x000000ac40700000,0x000000ac40800000)]
  0x000002888955aab0 JavaThread "build-104" [_thread_blocked, id=27700, stack(0x000000ac40800000,0x000000ac40900000)]
  0x000002888955c2c0 JavaThread "build-105" [_thread_blocked, id=27696, stack(0x000000ac40900000,0x000000ac40a00000)]
  0x000002888955a110 JavaThread "build-106" [_thread_blocked, id=10344, stack(0x000000ac40a00000,0x000000ac40b00000)]
  0x000002888f4d9a90 JavaThread "C1 CompilerThread4" daemon [_thread_blocked, id=27688, stack(0x000000ac40b00000,0x000000ac40c00000)]
  0x000002888955d600 JavaThread "build-107" [_thread_blocked, id=24164, stack(0x000000ac40c00000,0x000000ac40d00000)]
  0x000002888f4dd750 JavaThread "C1 CompilerThread5" daemon [_thread_blocked, id=27732, stack(0x000000ac40d00000,0x000000ac40e00000)]
  0x000002888f4ddc60 JavaThread "C1 CompilerThread6" daemon [_thread_blocked, id=22916, stack(0x000000ac40e00000,0x000000ac40f00000)]
  0x000002888f4dc820 JavaThread "C1 CompilerThread7" daemon [_thread_blocked, id=27692, stack(0x000000ac40f00000,0x000000ac41000000)]
  0x00000288895592a0 JavaThread "build-108" [_thread_blocked, id=2268, stack(0x000000ac41000000,0x000000ac41100000)]
  0x0000028889559770 JavaThread "build-109" [_thread_blocked, id=17080, stack(0x000000ac41100000,0x000000ac41200000)]
  0x000002888955dad0 JavaThread "build-110" [_thread_blocked, id=27848, stack(0x000000ac41200000,0x000000ac41300000)]
  0x000002888f4d9fa0 JavaThread "C1 CompilerThread8" daemon [_thread_blocked, id=27844, stack(0x000000ac41300000,0x000000ac41400000)]
  0x000002888f4d9070 JavaThread "C1 CompilerThread9" daemon [_thread_blocked, id=27852, stack(0x000000ac41400000,0x000000ac41500000)]
  0x000002888f4da9c0 JavaThread "C1 CompilerThread10" daemon [_thread_blocked, id=27836, stack(0x000000ac41500000,0x000000ac41600000)]
  0x000002888955af80 JavaThread "vertx-blocked-thread-checker" daemon [_thread_blocked, id=14456, stack(0x000000ac41600000,0x000000ac41700000)]
  0x0000028889559c40 JavaThread "Thread-120" daemon [_thread_in_native, id=6120, stack(0x000000ac41700000,0x000000ac41800000)]

Other Threads:
=>0x00000288fd13ff70 VMThread "VM Thread" [stack: 0x000000ac35b00000,0x000000ac35c00000] [id=7944]
  0x0000028886ee2e40 WatcherThread [stack: 0x000000ac36d00000,0x000000ac36e00000] [id=16088]
  0x00000288e7d90710 GCTaskThread "GC Thread#0" [stack: 0x000000ac35600000,0x000000ac35700000] [id=2056]
  0x0000028887197730 GCTaskThread "GC Thread#1" [stack: 0x000000ac36e00000,0x000000ac36f00000] [id=12372]
  0x0000028887196460 GCTaskThread "GC Thread#2" [stack: 0x000000ac36f00000,0x000000ac37000000] [id=11960]
  0x00000288871979e0 GCTaskThread "GC Thread#3" [stack: 0x000000ac37000000,0x000000ac37100000] [id=12492]
  0x0000028887196c70 GCTaskThread "GC Thread#4" [stack: 0x000000ac37100000,0x000000ac37200000] [id=11136]
  0x00000288871961b0 GCTaskThread "GC Thread#5" [stack: 0x000000ac37200000,0x000000ac37300000] [id=20516]
  0x0000028887196f20 GCTaskThread "GC Thread#6" [stack: 0x000000ac37300000,0x000000ac37400000] [id=15632]
  0x0000028887197c90 GCTaskThread "GC Thread#7" [stack: 0x000000ac37400000,0x000000ac37500000] [id=10500]
  0x0000028887196710 GCTaskThread "GC Thread#8" [stack: 0x000000ac37500000,0x000000ac37600000] [id=27368]
  0x0000028888d54df0 GCTaskThread "GC Thread#9" [stack: 0x000000ac3a600000,0x000000ac3a700000] [id=6252]
  0x0000028888d51ae0 GCTaskThread "GC Thread#10" [stack: 0x000000ac3a700000,0x000000ac3a800000] [id=20836]
  0x0000028888d522f0 GCTaskThread "GC Thread#11" [stack: 0x000000ac3a800000,0x000000ac3a900000] [id=19784]
  0x0000028888d535c0 GCTaskThread "GC Thread#12" [stack: 0x000000ac3a900000,0x000000ac3aa00000] [id=21868]
  0x00000288e7d9d410 ConcurrentGCThread "G1 Main Marker" [stack: 0x000000ac35700000,0x000000ac35800000] [id=22212]
  0x00000288e7d9e890 ConcurrentGCThread "G1 Conc#0" [stack: 0x000000ac35800000,0x000000ac35900000] [id=15336]
  0x0000028888d52b00 ConcurrentGCThread "G1 Conc#1" [stack: 0x000000ac3cf00000,0x000000ac3d000000] [id=15928]
  0x0000028888d54890 ConcurrentGCThread "G1 Conc#2" [stack: 0x000000ac3d000000,0x000000ac3d100000] [id=12792]
  0x00000288fd079a50 ConcurrentGCThread "G1 Refine#0" [stack: 0x000000ac35900000,0x000000ac35a00000] [id=26884]
  0x00000288881fa3a0 ConcurrentGCThread "G1 Refine#1" [stack: 0x000000ac37600000,0x000000ac37700000] [id=24364]
  0x00000288881e6710 ConcurrentGCThread "G1 Refine#2" [stack: 0x000000ac37700000,0x000000ac37800000] [id=25964]
  0x00000288881e7600 ConcurrentGCThread "G1 Refine#3" [stack: 0x000000ac37800000,0x000000ac37900000] [id=11472]
  0x00000288881e80f0 ConcurrentGCThread "G1 Refine#4" [stack: 0x000000ac37900000,0x000000ac37a00000] [id=21532]
  0x0000028888ad6750 ConcurrentGCThread "G1 Refine#5" [stack: 0x000000ac37b00000,0x000000ac37c00000] [id=21888]
  0x0000028888ad6a30 ConcurrentGCThread "G1 Refine#6" [stack: 0x000000ac37c00000,0x000000ac37d00000] [id=21340]
  0x0000028888abd400 ConcurrentGCThread "G1 Refine#7" [stack: 0x000000ac37d00000,0x000000ac37e00000] [id=22772]
  0x0000028888b10d40 ConcurrentGCThread "G1 Refine#8" [stack: 0x000000ac37e00000,0x000000ac37f00000] [id=3604]
  0x0000028888b06f90 ConcurrentGCThread "G1 Refine#9" [stack: 0x000000ac37f00000,0x000000ac38000000] [id=20764]
  0x0000028888b07270 ConcurrentGCThread "G1 Refine#10" [stack: 0x000000ac38000000,0x000000ac38100000] [id=22068]
  0x00000288fd07a370 ConcurrentGCThread "G1 Service" [stack: 0x000000ac35a00000,0x000000ac35b00000] [id=3928]

Threads with active compile tasks:
C1 CompilerThread0    17896 9927       1       net.bytebuddy.utility.Invoker$Dispatcher::invoke (7 bytes)
C1 CompilerThread1    17896 9924       1       net.bytebuddy.utility.dispatcher.JavaDispatcher$Dispatcher$ForNonStaticMethod::invoke (47 bytes)
C1 CompilerThread4    17896 9905       1       org.objectweb.asm.ClassReader::readMethod (1066 bytes)
C1 CompilerThread8    17896 9922       1       jdk.internal.reflect.ClassFileAssembler::emitShort (38 bytes)
C1 CompilerThread9    17896 9914   !   1       net.bytebuddy.utility.dispatcher.JavaDispatcher$ProxiedInvocationHandler::invoke (305 bytes)
C1 CompilerThread10    17897 9928   !   1       jdk.proxy3.$Proxy66::annotationType (29 bytes)

VM state: at safepoint (normal execution)

VM Mutex/Monitor currently owned by a thread:  ([mutex/lock_event])
[0x00000288e7d049b0] Threads_lock - owner thread: 0x00000288fd13ff70
[0x00000288e7d04890] Heap_lock - owner thread: 0x000002888947bc60

Heap address: 0x0000000682800000, size: 6104 MB, Compressed Oops mode: Zero based, Oop shift amount: 3

CDS archive(s) mapped at: [0x0000000800000000-0x0000000800bd0000-0x0000000800bd0000), size 12386304, SharedBaseAddress: 0x0000000800000000, ArchiveRelocationMode: 0.
Compressed class space mapped at: 0x0000000800c00000-0x0000000840c00000, reserved size: 1073741824
Narrow klass base: 0x0000000800000000, Narrow klass shift: 0, Narrow klass range: 0x100000000

GC Precious Log:
 CPUs: 16 total, 16 available
 Memory: 24400M
 Large Page Support: Disabled
 NUMA Support: Disabled
 Compressed Oops: Enabled (Zero based)
 Heap Region Size: 4M
 Heap Min Capacity: 8M
 Heap Initial Capacity: 384M
 Heap Max Capacity: 6104M
 Pre-touch: Disabled
 Parallel Workers: 13
 Concurrent Workers: 3
 Concurrent Refinement Workers: 13
 Periodic GC: Disabled

Heap:
 garbage-first heap   total 286720K, used 107940K [0x0000000682800000, 0x0000000800000000)
  region size 4096K, 2 young (8192K), 2 survivors (8192K)
 Metaspace       used 78189K, committed 78848K, reserved 1122304K
  class space    used 11528K, committed 11840K, reserved 1048576K

Heap Regions: E=young(eden), S=young(survivor), O=old, HS=humongous(starts), HC=humongous(continues), CS=collection set, F=free, OA=open archive, CA=closed archive, TAMS=top-at-mark-start (previous, next)
|   0|0x0000000682800000, 0x0000000682c00000, 0x0000000682c00000|100%| O|  |TAMS 0x0000000682c00000, 0x0000000682800000| Untracked 
|   1|0x0000000682c00000, 0x0000000683000000, 0x0000000683000000|100%| O|  |TAMS 0x0000000683000000, 0x0000000682c00000| Untracked 
|   2|0x0000000683000000, 0x0000000683400000, 0x0000000683400000|100%| O|  |TAMS 0x0000000683400000, 0x0000000683000000| Untracked 
|   3|0x0000000683400000, 0x0000000683800000, 0x0000000683800000|100%| O|  |TAMS 0x0000000683800000, 0x0000000683400000| Untracked 
|   4|0x0000000683800000, 0x0000000683c00000, 0x0000000683c00000|100%| O|  |TAMS 0x0000000683c00000, 0x0000000683800000| Untracked 
|   5|0x0000000683c00000, 0x0000000684000000, 0x0000000684000000|100%| O|  |TAMS 0x0000000684000000, 0x0000000683c00000| Untracked 
|   6|0x0000000684000000, 0x0000000684400000, 0x0000000684400000|100%| O|  |TAMS 0x0000000684400000, 0x0000000684000000| Untracked 
|   7|0x0000000684400000, 0x0000000684800000, 0x0000000684800000|100%| O|  |TAMS 0x0000000684800000, 0x0000000684400000| Untracked 
|   8|0x0000000684800000, 0x0000000684c00000, 0x0000000684c00000|100%| O|  |TAMS 0x0000000684c00000, 0x0000000684800000| Untracked 
|   9|0x0000000684c00000, 0x0000000685000000, 0x0000000685000000|100%| O|  |TAMS 0x0000000685000000, 0x0000000684c00000| Untracked 
|  10|0x0000000685000000, 0x0000000685400000, 0x0000000685400000|100%| O|  |TAMS 0x0000000685400000, 0x0000000685000000| Untracked 
|  11|0x0000000685400000, 0x0000000685800000, 0x0000000685800000|100%| O|  |TAMS 0x0000000685800000, 0x0000000685400000| Untracked 
|  12|0x0000000685800000, 0x0000000685c00000, 0x0000000685c00000|100%| O|  |TAMS 0x0000000685c00000, 0x0000000685800000| Untracked 
|  13|0x0000000685c00000, 0x0000000685f58600, 0x0000000686000000| 83%| O|  |TAMS 0x0000000685f58600, 0x0000000685c00000| Untracked 
|  14|0x0000000686000000, 0x0000000686400000, 0x0000000686400000|100%| O|  |TAMS 0x0000000686000000, 0x0000000686000000| Untracked 
|  15|0x0000000686400000, 0x0000000686800000, 0x0000000686800000|100%| O|  |TAMS 0x0000000686400000, 0x0000000686400000| Untracked 
|  16|0x0000000686800000, 0x0000000686c00000, 0x0000000686c00000|100%| O|  |TAMS 0x0000000686800000, 0x0000000686800000| Untracked 
|  17|0x0000000686c00000, 0x0000000687000000, 0x0000000687000000|100%| O|  |TAMS 0x0000000686c00000, 0x0000000686c00000| Untracked 
|  18|0x0000000687000000, 0x0000000687400000, 0x0000000687400000|100%| O|  |TAMS 0x0000000687000000, 0x0000000687000000| Untracked 
|  19|0x0000000687400000, 0x0000000687800000, 0x0000000687800000|100%| O|  |TAMS 0x0000000687400000, 0x0000000687400000| Untracked 
|  20|0x0000000687800000, 0x0000000687c00000, 0x0000000687c00000|100%| O|  |TAMS 0x0000000687800000, 0x0000000687800000| Untracked 
|  21|0x0000000687c00000, 0x0000000688000000, 0x0000000688000000|100%| O|  |TAMS 0x0000000687c00000, 0x0000000687c00000| Untracked 
|  22|0x0000000688000000, 0x0000000688400000, 0x0000000688400000|100%| O|  |TAMS 0x0000000688000000, 0x0000000688000000| Untracked 
|  23|0x0000000688400000, 0x0000000688800000, 0x0000000688800000|100%| O|  |TAMS 0x0000000688400000, 0x0000000688400000| Untracked 
|  24|0x0000000688800000, 0x0000000688c00000, 0x0000000688c00000|100%| O|  |TAMS 0x0000000688800000, 0x0000000688800000| Untracked 
|  25|0x0000000688c00000, 0x0000000688da8a00, 0x0000000689000000| 41%| O|  |TAMS 0x0000000688c00000, 0x0000000688c00000| Untracked 
|  26|0x0000000689000000, 0x0000000689000000, 0x0000000689400000|  0%| F|  |TAMS 0x0000000689000000, 0x0000000689000000| Untracked 
|  27|0x0000000689400000, 0x0000000689400000, 0x0000000689800000|  0%| F|  |TAMS 0x0000000689400000, 0x0000000689400000| Untracked 
|  28|0x0000000689800000, 0x0000000689800000, 0x0000000689c00000|  0%| F|  |TAMS 0x0000000689800000, 0x0000000689800000| Untracked 
|  29|0x0000000689c00000, 0x0000000689c00000, 0x000000068a000000|  0%| F|  |TAMS 0x0000000689c00000, 0x0000000689c00000| Untracked 
|  30|0x000000068a000000, 0x000000068a000000, 0x000000068a400000|  0%| F|  |TAMS 0x000000068a000000, 0x000000068a000000| Untracked 
|  31|0x000000068a400000, 0x000000068a400000, 0x000000068a800000|  0%| F|  |TAMS 0x000000068a400000, 0x000000068a400000| Untracked 
|  32|0x000000068a800000, 0x000000068a800000, 0x000000068ac00000|  0%| F|  |TAMS 0x000000068a800000, 0x000000068a800000| Untracked 
|  33|0x000000068ac00000, 0x000000068ac00000, 0x000000068b000000|  0%| F|  |TAMS 0x000000068ac00000, 0x000000068ac00000| Untracked 
|  34|0x000000068b000000, 0x000000068b000000, 0x000000068b400000|  0%| F|  |TAMS 0x000000068b000000, 0x000000068b000000| Untracked 
|  35|0x000000068b400000, 0x000000068b400000, 0x000000068b800000|  0%| F|  |TAMS 0x000000068b400000, 0x000000068b400000| Untracked 
|  36|0x000000068b800000, 0x000000068b800000, 0x000000068bc00000|  0%| F|  |TAMS 0x000000068b800000, 0x000000068b800000| Untracked 
|  37|0x000000068bc00000, 0x000000068bc00000, 0x000000068c000000|  0%| F|  |TAMS 0x000000068bc00000, 0x000000068bc00000| Untracked 
|  38|0x000000068c000000, 0x000000068c000000, 0x000000068c400000|  0%| F|  |TAMS 0x000000068c000000, 0x000000068c000000| Untracked 
|  39|0x000000068c400000, 0x000000068c400000, 0x000000068c800000|  0%| F|  |TAMS 0x000000068c400000, 0x000000068c400000| Untracked 
|  40|0x000000068c800000, 0x000000068c800000, 0x000000068cc00000|  0%| F|  |TAMS 0x000000068c800000, 0x000000068c800000| Untracked 
|  41|0x000000068cc00000, 0x000000068cc00000, 0x000000068d000000|  0%| F|  |TAMS 0x000000068cc00000, 0x000000068cc00000| Untracked 
|  42|0x000000068d000000, 0x000000068d000000, 0x000000068d400000|  0%| F|  |TAMS 0x000000068d000000, 0x000000068d000000| Untracked 
|  43|0x000000068d400000, 0x000000068d468180, 0x000000068d800000| 10%| S|CS|TAMS 0x000000068d400000, 0x000000068d400000| Complete 
|  44|0x000000068d800000, 0x000000068dc00000, 0x000000068dc00000|100%| S|CS|TAMS 0x000000068d800000, 0x000000068d800000| Complete 
|  45|0x000000068dc00000, 0x000000068dc00000, 0x000000068e000000|  0%| F|  |TAMS 0x000000068dc00000, 0x000000068dc00000| Untracked 
|  46|0x000000068e000000, 0x000000068e000000, 0x000000068e400000|  0%| F|  |TAMS 0x000000068e000000, 0x000000068e000000| Untracked 
|  47|0x000000068e400000, 0x000000068e400000, 0x000000068e800000|  0%| F|  |TAMS 0x000000068e400000, 0x000000068e400000| Untracked 
|  48|0x000000068e800000, 0x000000068e800000, 0x000000068ec00000|  0%| F|  |TAMS 0x000000068e800000, 0x000000068e800000| Untracked 
|  49|0x000000068ec00000, 0x000000068ec00000, 0x000000068f000000|  0%| F|  |TAMS 0x000000068ec00000, 0x000000068ec00000| Untracked 
|  50|0x000000068f000000, 0x000000068f000000, 0x000000068f400000|  0%| F|  |TAMS 0x000000068f000000, 0x000000068f000000| Untracked 
|  51|0x000000068f400000, 0x000000068f400000, 0x000000068f800000|  0%| F|  |TAMS 0x000000068f400000, 0x000000068f400000| Untracked 
|  52|0x000000068f800000, 0x000000068f800000, 0x000000068fc00000|  0%| F|  |TAMS 0x000000068f800000, 0x000000068f800000| Untracked 
|  53|0x000000068fc00000, 0x000000068fc00000, 0x0000000690000000|  0%| F|  |TAMS 0x000000068fc00000, 0x000000068fc00000| Untracked 
|  54|0x0000000690000000, 0x0000000690000000, 0x0000000690400000|  0%| F|  |TAMS 0x0000000690000000, 0x0000000690000000| Untracked 
|  55|0x0000000690400000, 0x0000000690400000, 0x0000000690800000|  0%| F|  |TAMS 0x0000000690400000, 0x0000000690400000| Untracked 
|  56|0x0000000690800000, 0x0000000690800000, 0x0000000690c00000|  0%| F|  |TAMS 0x0000000690800000, 0x0000000690800000| Untracked 
|  57|0x0000000690c00000, 0x0000000690c00000, 0x0000000691000000|  0%| F|  |TAMS 0x0000000690c00000, 0x0000000690c00000| Untracked 
|  58|0x0000000691000000, 0x0000000691000000, 0x0000000691400000|  0%| F|  |TAMS 0x0000000691000000, 0x0000000691000000| Untracked 
|  59|0x0000000691400000, 0x0000000691400000, 0x0000000691800000|  0%| F|  |TAMS 0x0000000691400000, 0x0000000691400000| Untracked 
|  60|0x0000000691800000, 0x0000000691800000, 0x0000000691c00000|  0%| F|  |TAMS 0x0000000691800000, 0x0000000691800000| Untracked 
|  61|0x0000000691c00000, 0x0000000691c00000, 0x0000000692000000|  0%| F|  |TAMS 0x0000000691c00000, 0x0000000691c00000| Untracked 
|  62|0x0000000692000000, 0x0000000692000000, 0x0000000692400000|  0%| F|  |TAMS 0x0000000692000000, 0x0000000692000000| Untracked 
|  70|0x0000000694000000, 0x0000000694000000, 0x0000000694400000|  0%| F|  |TAMS 0x0000000694000000, 0x0000000694000000| Untracked 
|  71|0x0000000694400000, 0x0000000694400000, 0x0000000694800000|  0%| F|  |TAMS 0x0000000694400000, 0x0000000694400000| Untracked 
|  72|0x0000000694800000, 0x0000000694800000, 0x0000000694c00000|  0%| F|  |TAMS 0x0000000694800000, 0x0000000694800000| Untracked 
|  73|0x0000000694c00000, 0x0000000694c00000, 0x0000000695000000|  0%| F|  |TAMS 0x0000000694c00000, 0x0000000694c00000| Untracked 
|  93|0x0000000699c00000, 0x0000000699c00000, 0x000000069a000000|  0%| F|  |TAMS 0x0000000699c00000, 0x0000000699c00000| Untracked 
|  94|0x000000069a000000, 0x000000069a000000, 0x000000069a400000|  0%| F|  |TAMS 0x000000069a000000, 0x000000069a000000| Untracked 
|  95|0x000000069a400000, 0x000000069a400000, 0x000000069a800000|  0%| F|  |TAMS 0x000000069a400000, 0x000000069a400000| Untracked 

Card table byte_map: [0x00000288f57d0000,0x00000288f63c0000] _byte_map_base: 0x00000288f23bc000

Marking Bits (Prev, Next): (CMBitMap*) 0x00000288e7d90c60, (CMBitMap*) 0x00000288e7d90c20
 Prev Bits: [0x0000028880000000, 0x0000028885f60000)
 Next Bits: [0x00000288f6fb0000, 0x00000288fcf10000)

Polling page: 0x00000288e7e40000

Metaspace:

Usage:
  Non-class:     65.10 MB used.
      Class:     11.26 MB used.
       Both:     76.36 MB used.

Virtual space:
  Non-class space:       72.00 MB reserved,      65.44 MB ( 91%) committed,  9 nodes.
      Class space:        1.00 GB reserved,      11.56 MB (  1%) committed,  1 nodes.
             Both:        1.07 GB reserved,      77.00 MB (  7%) committed. 

Chunk freelists:
   Non-Class:  2.31 MB
       Class:  331.00 KB
        Both:  2.63 MB

MaxMetaspaceSize: unlimited
CompressedClassSpaceSize: 1.00 GB
Initial GC threshold: 21.00 MB
Current GC threshold: 101.81 MB
CDS: on
MetaspaceReclaimPolicy: balanced
 - commit_granule_bytes: 65536.
 - commit_granule_words: 8192.
 - virtual_space_node_default_size: 1048576.
 - enlarge_chunks_in_place: 1.
 - new_chunks_are_fully_committed: 0.
 - uncommit_free_chunks: 1.
 - use_allocation_guard: 0.
 - handle_deallocations: 1.


Internal statistics:

num_allocs_failed_limit: 26.
num_arena_births: 860.
num_arena_deaths: 0.
num_vsnodes_births: 10.
num_vsnodes_deaths: 0.
num_space_committed: 1232.
num_space_uncommitted: 0.
num_chunks_returned_to_freelist: 26.
num_chunks_taken_from_freelist: 3891.
num_chunk_merges: 24.
num_chunk_splits: 2720.
num_chunks_enlarged: 1933.
num_purges: 0.
num_inconsistent_stats: 0.

CodeCache: size=49152Kb used=23952Kb max_used=23952Kb free=25199Kb
 bounds [0x00000288f0e10000, 0x00000288f2580000, 0x00000288f3e10000]
 total_blobs=10496 nmethods=9798 adapters=614
 compilation: enabled
              stopped_count=0, restarted_count=0
 full_count=0

Compilation events (20 events):
Event: 17.762 Thread 0x000002888f4da9c0 nmethod 9918 0x00000288f2570910 code [0x00000288f2570ae0, 0x00000288f2570d38]
Event: 17.762 Thread 0x000002888f4dd240 9919   !   1       jdk.proxy3.$Proxy67::annotationType (29 bytes)
Event: 17.762 Thread 0x000002888f4dc820 9920       1       jdk.internal.reflect.Label::add (23 bytes)
Event: 17.762 Thread 0x000002888f4daed0 9921       1       jdk.internal.reflect.Label$PatchInfo::<init> (26 bytes)
Event: 17.762 Thread 0x000002888f4d9fa0 9922       1       jdk.internal.reflect.ClassFileAssembler::emitShort (38 bytes)
Event: 17.762 Thread 0x000002888f4dd750 9923       1       net.bytebuddy.description.method.ParameterList$ForLoadedExecutable::size (13 bytes)
Event: 17.762 Thread 0x000002888f4dfac0 9924       1       net.bytebuddy.utility.dispatcher.JavaDispatcher$Dispatcher$ForNonStaticMethod::invoke (47 bytes)
Event: 17.762 Thread 0x000002888f4ddc60 9925   !   1       net.bytebuddy.description.method.$Proxy57::getParameterCount (39 bytes)
Event: 17.762 Thread 0x000002888f4da9c0 9926       1       net.bytebuddy.utility.dispatcher.JavaDispatcher::access$100 (4 bytes)
Event: 17.762 Thread 0x00000288fd167a00 9927       1       net.bytebuddy.utility.Invoker$Dispatcher::invoke (7 bytes)
Event: 17.762 Thread 0x000002888f4daed0 nmethod 9921 0x00000288f2570e90 code [0x00000288f2571020, 0x00000288f2571138]
Event: 17.763 Thread 0x000002888f4da9c0 nmethod 9926 0x00000288f2571b90 code [0x00000288f2571d20, 0x00000288f2571dd8]
Event: 17.763 Thread 0x000002888f4dd240 nmethod 9919 0x00000288f2571190 code [0x00000288f2571360, 0x00000288f25715b8]
Event: 17.763 Thread 0x000002888f4dc820 nmethod 9920 0x00000288f2571710 code [0x00000288f25718c0, 0x00000288f2571aa8]
Event: 17.763 Thread 0x000002888f4dd750 nmethod 9923 0x00000288f2571e90 code [0x00000288f2572020, 0x00000288f2572108]
Event: 17.763 Thread 0x000002888f4da9c0 9928   !   1       jdk.proxy3.$Proxy66::annotationType (29 bytes)
Event: 17.763 Thread 0x000002888f4ddc60 nmethod 9925 0x00000288f2572190 code [0x00000288f2572360, 0x00000288f25727d8]
Event: 17.763 Thread 0x000002888f4d9fa0 nmethod 9922 0x00000288f2572a90 code [0x00000288f2572c40, 0x00000288f2572ef8]
Event: 17.763 Thread 0x00000288fd167a00 nmethod 9927 0x00000288f2573190 code [0x00000288f2573360, 0x00000288f2573578]
Event: 17.763 Thread 0x000002888f4dfac0 nmethod 9924 0x00000288f2573a10 code [0x00000288f2573be0, 0x00000288f2573fc8]

GC Heap History (20 events):
Event: 1.533 GC heap after
{Heap after GC invocations=2 (full 0):
 garbage-first heap   total 393216K, used 18455K [0x0000000682800000, 0x0000000800000000)
  region size 4096K, 1 young (4096K), 1 survivors (4096K)
 Metaspace       used 3095K, committed 3328K, reserved 1056768K
  class space    used 356K, committed 448K, reserved 1048576K
}
Event: 2.143 GC heap before
{Heap before GC invocations=2 (full 0):
 garbage-first heap   total 393216K, used 43031K [0x0000000682800000, 0x0000000800000000)
  region size 4096K, 7 young (28672K), 1 survivors (4096K)
 Metaspace       used 3317K, committed 3520K, reserved 1056768K
  class space    used 399K, committed 512K, reserved 1048576K
}
Event: 2.149 GC heap after
{Heap after GC invocations=3 (full 0):
 garbage-first heap   total 393216K, used 31104K [0x0000000682800000, 0x0000000800000000)
  region size 4096K, 1 young (4096K), 1 survivors (4096K)
 Metaspace       used 3317K, committed 3520K, reserved 1056768K
  class space    used 399K, committed 512K, reserved 1048576K
}
Event: 2.241 GC heap before
{Heap before GC invocations=3 (full 0):
 garbage-first heap   total 393216K, used 63872K [0x0000000682800000, 0x0000000800000000)
  region size 4096K, 9 young (36864K), 1 survivors (4096K)
 Metaspace       used 3317K, committed 3520K, reserved 1056768K
  class space    used 399K, committed 512K, reserved 1048576K
}
Event: 2.247 GC heap after
{Heap after GC invocations=4 (full 0):
 garbage-first heap   total 393216K, used 39669K [0x0000000682800000, 0x0000000800000000)
  region size 4096K, 2 young (8192K), 2 survivors (8192K)
 Metaspace       used 3317K, committed 3520K, reserved 1056768K
  class space    used 399K, committed 512K, reserved 1048576K
}
Event: 2.565 GC heap before
{Heap before GC invocations=4 (full 0):
 garbage-first heap   total 393216K, used 97013K [0x0000000682800000, 0x0000000800000000)
  region size 4096K, 16 young (65536K), 2 survivors (8192K)
 Metaspace       used 4335K, committed 4544K, reserved 1056768K
  class space    used 533K, committed 640K, reserved 1048576K
}
Event: 2.580 GC heap after
{Heap after GC invocations=5 (full 0):
 garbage-first heap   total 393216K, used 55963K [0x0000000682800000, 0x0000000800000000)
  region size 4096K, 2 young (8192K), 2 survivors (8192K)
 Metaspace       used 4335K, committed 4544K, reserved 1056768K
  class space    used 533K, committed 640K, reserved 1048576K
}
Event: 3.507 GC heap before
{Heap before GC invocations=5 (full 0):
 garbage-first heap   total 393216K, used 129691K [0x0000000682800000, 0x0000000800000000)
  region size 4096K, 20 young (81920K), 2 survivors (8192K)
 Metaspace       used 13563K, committed 13824K, reserved 1064960K
  class space    used 1817K, committed 1920K, reserved 1048576K
}
Event: 3.515 GC heap after
{Heap after GC invocations=6 (full 0):
 garbage-first heap   total 393216K, used 63386K [0x0000000682800000, 0x0000000800000000)
  region size 4096K, 2 young (8192K), 2 survivors (8192K)
 Metaspace       used 13563K, committed 13824K, reserved 1064960K
  class space    used 1817K, committed 1920K, reserved 1048576K
}
Event: 3.833 GC heap before
{Heap before GC invocations=6 (full 0):
 garbage-first heap   total 393216K, used 141210K [0x0000000682800000, 0x0000000800000000)
  region size 4096K, 22 young (90112K), 2 survivors (8192K)
 Metaspace       used 21106K, committed 21504K, reserved 1073152K
  class space    used 2924K, committed 3136K, reserved 1048576K
}
Event: 3.840 GC heap after
{Heap after GC invocations=7 (full 0):
 garbage-first heap   total 393216K, used 69329K [0x0000000682800000, 0x0000000800000000)
  region size 4096K, 4 young (16384K), 4 survivors (16384K)
 Metaspace       used 21106K, committed 21504K, reserved 1073152K
  class space    used 2924K, committed 3136K, reserved 1048576K
}
Event: 4.231 GC heap before
{Heap before GC invocations=8 (full 0):
 garbage-first heap   total 286720K, used 167633K [0x0000000682800000, 0x0000000800000000)
  region size 4096K, 29 young (118784K), 4 survivors (16384K)
 Metaspace       used 37416K, committed 37888K, reserved 1089536K
  class space    used 5209K, committed 5440K, reserved 1048576K
}
Event: 4.239 GC heap after
{Heap after GC invocations=9 (full 0):
 garbage-first heap   total 286720K, used 73381K [0x0000000682800000, 0x0000000800000000)
  region size 4096K, 5 young (20480K), 5 survivors (20480K)
 Metaspace       used 37416K, committed 37888K, reserved 1089536K
  class space    used 5209K, committed 5440K, reserved 1048576K
}
Event: 8.052 GC heap before
{Heap before GC invocations=10 (full 0):
 garbage-first heap   total 286720K, used 212645K [0x0000000682800000, 0x0000000800000000)
  region size 4096K, 39 young (159744K), 5 survivors (20480K)
 Metaspace       used 61839K, committed 62336K, reserved 1105920K
  class space    used 8825K, committed 9024K, reserved 1048576K
}
Event: 8.066 GC heap after
{Heap after GC invocations=11 (full 0):
 garbage-first heap   total 286720K, used 84007K [0x0000000682800000, 0x0000000800000000)
  region size 4096K, 4 young (16384K), 4 survivors (16384K)
 Metaspace       used 61839K, committed 62336K, reserved 1105920K
  class space    used 8825K, committed 9024K, reserved 1048576K
}
Event: 16.936 GC heap before
{Heap before GC invocations=12 (full 0):
 garbage-first heap   total 286720K, used 206887K [0x0000000682800000, 0x0000000800000000)
  region size 4096K, 35 young (143360K), 4 survivors (16384K)
 Metaspace       used 64580K, committed 65088K, reserved 1105920K
  class space    used 9216K, committed 9472K, reserved 1048576K
}
Event: 16.948 GC heap after
{Heap after GC invocations=13 (full 0):
 garbage-first heap   total 286720K, used 99550K [0x0000000682800000, 0x0000000800000000)
  region size 4096K, 5 young (20480K), 5 survivors (20480K)
 Metaspace       used 64580K, committed 65088K, reserved 1105920K
  class space    used 9216K, committed 9472K, reserved 1048576K
}
Event: 17.478 GC heap before
{Heap before GC invocations=13 (full 0):
 garbage-first heap   total 286720K, used 210142K [0x0000000682800000, 0x0000000800000000)
  region size 4096K, 32 young (131072K), 5 survivors (20480K)
 Metaspace       used 70466K, committed 71104K, reserved 1114112K
  class space    used 10140K, committed 10432K, reserved 1048576K
}
Event: 17.489 GC heap after
{Heap after GC invocations=14 (full 0):
 garbage-first heap   total 286720K, used 110668K [0x0000000682800000, 0x0000000800000000)
  region size 4096K, 4 young (16384K), 4 survivors (16384K)
 Metaspace       used 70466K, committed 71104K, reserved 1114112K
  class space    used 10140K, committed 10432K, reserved 1048576K
}
Event: 17.764 GC heap before
{Heap before GC invocations=14 (full 0):
 garbage-first heap   total 286720K, used 208972K [0x0000000682800000, 0x0000000800000000)
  region size 4096K, 29 young (118784K), 4 survivors (16384K)
 Metaspace       used 78189K, committed 78848K, reserved 1122304K
  class space    used 11528K, committed 11840K, reserved 1048576K
}

Deoptimization events (20 events):
Event: 17.664 Thread 0x000002888990ac10 DEOPT PACKING pc=0x00000288f14c7574 sp=0x000000ac3b8fc9c0
Event: 17.664 Thread 0x000002888990ac10 DEOPT UNPACKING pc=0x00000288f0e62b43 sp=0x000000ac3b8fbe78 mode 1
Event: 17.664 Thread 0x000002888990ac10 DEOPT PACKING pc=0x00000288f151b85c sp=0x000000ac3b8fd3a0
Event: 17.664 Thread 0x000002888990ac10 DEOPT UNPACKING pc=0x00000288f0e62b43 sp=0x000000ac3b8fc890 mode 1
Event: 17.697 Thread 0x000002888990dc30 DEOPT PACKING pc=0x00000288f109c9bc sp=0x000000ac3bafc5a0
Event: 17.697 Thread 0x000002888990dc30 DEOPT UNPACKING pc=0x00000288f0e62b43 sp=0x000000ac3bafbb18 mode 0
Event: 17.724 Thread 0x000002888990dc30 DEOPT PACKING pc=0x00000288f13857c4 sp=0x000000ac3bafc640
Event: 17.724 Thread 0x000002888990dc30 DEOPT UNPACKING pc=0x00000288f0e62b43 sp=0x000000ac3bafbb00 mode 1
Event: 17.724 Thread 0x000002888990dc30 DEOPT PACKING pc=0x00000288f138a04c sp=0x000000ac3bafc6f0
Event: 17.724 Thread 0x000002888990dc30 DEOPT UNPACKING pc=0x00000288f0e62b43 sp=0x000000ac3bafbbd8 mode 1
Event: 17.724 Thread 0x000002888990dc30 DEOPT PACKING pc=0x00000288f1385e4c sp=0x000000ac3bafc7e0
Event: 17.724 Thread 0x000002888990dc30 DEOPT UNPACKING pc=0x00000288f0e62b43 sp=0x000000ac3bafbd00 mode 1
Event: 17.724 Thread 0x000002888990dc30 DEOPT PACKING pc=0x00000288f204828c sp=0x000000ac3bafc8d0
Event: 17.724 Thread 0x000002888990dc30 DEOPT UNPACKING pc=0x00000288f0e62b43 sp=0x000000ac3bafbdc0 mode 1
Event: 17.724 Thread 0x000002888990dc30 DEOPT PACKING pc=0x00000288f13bd91c sp=0x000000ac3bafc9a0
Event: 17.724 Thread 0x000002888990dc30 DEOPT UNPACKING pc=0x00000288f0e62b43 sp=0x000000ac3bafbe30 mode 1
Event: 17.724 Thread 0x000002888990dc30 DEOPT PACKING pc=0x00000288f1a539a4 sp=0x000000ac3bafca50
Event: 17.724 Thread 0x000002888990dc30 DEOPT UNPACKING pc=0x00000288f0e62b43 sp=0x000000ac3bafbfa0 mode 1
Event: 17.724 Thread 0x000002888990dc30 DEOPT PACKING pc=0x00000288f14624a4 sp=0x000000ac3bafcb70
Event: 17.724 Thread 0x000002888990dc30 DEOPT UNPACKING pc=0x00000288f0e62b43 sp=0x000000ac3bafc038 mode 1

Classes unloaded (0 events):
No events

Classes redefined (0 events):
No events

Internal exceptions (20 events):
Event: 17.536 Thread 0x00000288893eeab0 Exception <a 'java/lang/IncompatibleClassChangeError'{0x0000000690f229d0}: Found class java.lang.Object, but interface was expected> (0x0000000690f229d0) 
thrown [s\open\src\hotspot\share\interpreter\linkResolver.cpp, line 826]
Event: 17.536 Thread 0x00000288893eeab0 Exception <a 'java/lang/IncompatibleClassChangeError'{0x0000000690f2cd58}: Found class java.lang.Object, but interface was expected> (0x0000000690f2cd58) 
thrown [s\open\src\hotspot\share\interpreter\linkResolver.cpp, line 826]
Event: 17.536 Thread 0x00000288893eeab0 Exception <a 'java/lang/IncompatibleClassChangeError'{0x00000006908241d8}: Found class java.lang.Object, but interface was expected> (0x00000006908241d8) 
thrown [s\open\src\hotspot\share\interpreter\linkResolver.cpp, line 826]
Event: 17.537 Thread 0x00000288893eeab0 Exception <a 'java/lang/IncompatibleClassChangeError'{0x000000069082e070}: Found class java.lang.Object, but interface was expected> (0x000000069082e070) 
thrown [s\open\src\hotspot\share\interpreter\linkResolver.cpp, line 826]
Event: 17.537 Thread 0x00000288893eeab0 Exception <a 'java/lang/IncompatibleClassChangeError'{0x00000006908380f8}: Found class java.lang.Object, but interface was expected> (0x00000006908380f8) 
thrown [s\open\src\hotspot\share\interpreter\linkResolver.cpp, line 826]
Event: 17.537 Thread 0x00000288893eeab0 Exception <a 'java/lang/IncompatibleClassChangeError'{0x00000006908421b0}: Found class java.lang.Object, but interface was expected> (0x00000006908421b0) 
thrown [s\open\src\hotspot\share\interpreter\linkResolver.cpp, line 826]
Event: 17.538 Thread 0x00000288893eeab0 Exception <a 'java/lang/IncompatibleClassChangeError'{0x000000069084c0f0}: Found class java.lang.Object, but interface was expected> (0x000000069084c0f0) 
thrown [s\open\src\hotspot\share\interpreter\linkResolver.cpp, line 826]
Event: 17.541 Thread 0x00000288893eeab0 Exception <a 'java/lang/IncompatibleClassChangeError'{0x0000000690a55758}: Found class java.lang.Object, but interface was expected> (0x0000000690a55758) 
thrown [s\open\src\hotspot\share\interpreter\linkResolver.cpp, line 826]
Event: 17.541 Thread 0x00000288893eeab0 Exception <a 'java/lang/IncompatibleClassChangeError'{0x0000000690a5f748}: Found class java.lang.Object, but interface was expected> (0x0000000690a5f748) 
thrown [s\open\src\hotspot\share\interpreter\linkResolver.cpp, line 826]
Event: 17.546 Thread 0x00000288893eeab0 Exception <a 'java/lang/IncompatibleClassChangeError'{0x00000006907590c8}: Found class java.lang.Object, but interface was expected> (0x00000006907590c8) 
thrown [s\open\src\hotspot\share\interpreter\linkResolver.cpp, line 826]
Event: 17.548 Thread 0x00000288893eeab0 Exception <a 'java/lang/IncompatibleClassChangeError'{0x00000006907740a0}: Found class java.lang.Object, but interface was expected> (0x00000006907740a0) 
thrown [s\open\src\hotspot\share\interpreter\linkResolver.cpp, line 826]
Event: 17.595 Thread 0x000002888990dc30 Exception <a 'java/lang/NoSuchMethodError'{0x000000068f448978}: 'java.lang.Object java.lang.invoke.DirectMethodHandle$Holder.newInvokeSpecial(java.lang.Object, java.lang.Object, java.lang.Object, java.lang.Object, java.lang.Object, java.lang.Object, java.lang.Object, java.lang.Object, java.lang.Object, java.lang.Object, java.lang.Object, java.lang.Object)'> (0x000000068f448978) 
thrown [s\open\src\hotspot\share\interpreter\linkResolver.cpp, line 759]
Event: 17.595 Thread 0x000002888990dc30 Exception <a 'java/lang/NoSuchMethodError'{0x000000068f44dd00}: 'java.lang.Object java.lang.invoke.DirectMethodHandle$Holder.invokeSpecial(java.lang.Object, java.lang.Object, java.lang.Object, java.lang.Object, java.lang.Object, java.lang.Object, java.lang.Object, java.lang.Object, java.lang.Object, java.lang.Object, java.lang.Object, java.lang.Object, java.lang.Object)'> (0x000000068f44dd00) 
thrown [s\open\src\hotspot\share\interpreter\linkResolver.cpp, line 759]
Event: 17.595 Thread 0x000002888990dc30 Exception <a 'java/lang/NoSuchMethodError'{0x000000068f4527d8}: 'java.lang.Object java.lang.invoke.Invokers$Holder.linkToTargetMethod(java.lang.Object, java.lang.Object, java.lang.Object, java.lang.Object, java.lang.Object, java.lang.Object, java.lang.Object, java.lang.Object, java.lang.Object, java.lang.Object, java.lang.Object, java.lang.Object)'> (0x000000068f4527d8) 
thrown [s\open\src\hotspot\share\interpreter\linkResolver.cpp, line 759]
Event: 17.596 Thread 0x000002888990dc30 Exception <a 'java/lang/NoSuchMethodError'{0x000000068f48d110}: 'java.lang.Object java.lang.invoke.DirectMethodHandle$Holder.newInvokeSpecial(java.lang.Object, java.lang.Object, java.lang.Object, java.lang.Object, java.lang.Object, java.lang.Object, java.lang.Object, java.lang.Object, java.lang.Object, java.lang.Object, java.lang.Object)'> (0x000000068f48d110) 
thrown [s\open\src\hotspot\share\interpreter\linkResolver.cpp, line 759]
Event: 17.596 Thread 0x000002888990dc30 Exception <a 'java/lang/NoSuchMethodError'{0x000000068f4919d8}: 'java.lang.Object java.lang.invoke.DirectMethodHandle$Holder.invokeSpecial(java.lang.Object, java.lang.Object, java.lang.Object, java.lang.Object, java.lang.Object, java.lang.Object, java.lang.Object, java.lang.Object, java.lang.Object, java.lang.Object, java.lang.Object, java.lang.Object)'> (0x000000068f4919d8) 
thrown [s\open\src\hotspot\share\interpreter\linkResolver.cpp, line 759]
Event: 17.596 Thread 0x000002888990dc30 Exception <a 'java/lang/NoSuchMethodError'{0x000000068f495f78}: 'java.lang.Object java.lang.invoke.Invokers$Holder.linkToTargetMethod(java.lang.Object, java.lang.Object, java.lang.Object, java.lang.Object, java.lang.Object, java.lang.Object, java.lang.Object, java.lang.Object, java.lang.Object, java.lang.Object, java.lang.Object)'> (0x000000068f495f78) 
thrown [s\open\src\hotspot\share\interpreter\linkResolver.cpp, line 759]
Event: 17.598 Thread 0x000002888990dc30 Exception <a 'java/lang/IncompatibleClassChangeError'{0x000000068f522cf0}: Found class java.lang.Object, but interface was expected> (0x000000068f522cf0) 
thrown [s\open\src\hotspot\share\interpreter\linkResolver.cpp, line 826]
Event: 17.623 Thread 0x000002888990dc30 Exception <a 'java/lang/NoSuchMethodError'{0x000000068f38bde0}: 'java.lang.Object java.lang.invoke.DirectMethodHandle$Holder.invokeStaticInit(java.lang.Object, java.lang.Object, java.lang.Object, java.lang.Object)'> (0x000000068f38bde0) 
thrown [s\open\src\hotspot\share\interpreter\linkResolver.cpp, line 759]
Event: 17.724 Thread 0x000002888990dc30 Exception <a 'sun/nio/fs/WindowsException'{0x000000068e1c9ee8}> (0x000000068e1c9ee8) 
thrown [s\open\src\hotspot\share\prims\jni.cpp, line 516]

VM Operations (20 events):
Event: 17.491 Executing VM operation: HandshakeAllThreads done
Event: 17.503 Executing VM operation: HandshakeAllThreads
Event: 17.504 Executing VM operation: HandshakeAllThreads done
Event: 17.554 Executing VM operation: HandshakeAllThreads
Event: 17.554 Executing VM operation: HandshakeAllThreads done
Event: 17.564 Executing VM operation: HandshakeAllThreads
Event: 17.565 Executing VM operation: HandshakeAllThreads done
Event: 17.628 Executing VM operation: HandshakeAllThreads
Event: 17.629 Executing VM operation: HandshakeAllThreads done
Event: 17.664 Executing VM operation: HandshakeAllThreads
Event: 17.665 Executing VM operation: HandshakeAllThreads done
Event: 17.678 Executing VM operation: HandshakeAllThreads
Event: 17.678 Executing VM operation: HandshakeAllThreads done
Event: 17.685 Executing VM operation: HandshakeAllThreads
Event: 17.685 Executing VM operation: HandshakeAllThreads done
Event: 17.705 Executing VM operation: HandshakeAllThreads
Event: 17.705 Executing VM operation: HandshakeAllThreads done
Event: 17.737 Executing VM operation: ICBufferFull
Event: 17.737 Executing VM operation: ICBufferFull done
Event: 17.763 Executing VM operation: G1CollectForAllocation

Events (20 events):
Event: 17.732 loading class javax/naming/InvalidNameException
Event: 17.732 loading class javax/naming/InvalidNameException done
Event: 17.732 loading class javax/naming/directory/InvalidAttributeIdentifierException
Event: 17.732 loading class javax/naming/directory/InvalidAttributeIdentifierException done
Event: 17.732 loading class javax/naming/directory/Attribute
Event: 17.732 loading class javax/naming/directory/Attribute done
Event: 17.732 loading class javax/naming/directory/Attributes
Event: 17.732 loading class javax/naming/directory/Attributes done
Event: 17.733 loading class javax/naming/CompositeName
Event: 17.733 loading class javax/naming/CompositeName done
Event: 17.733 loading class javax/naming/NameImpl
Event: 17.733 loading class javax/naming/NameImpl done
Event: 17.734 loading class java/io/StreamCorruptedException
Event: 17.734 loading class java/io/StreamCorruptedException done
Event: 17.751 loading class java/util/concurrent/ConcurrentLinkedDeque$Node
Event: 17.751 loading class java/util/concurrent/ConcurrentLinkedDeque$Node done
Event: 17.762 loading class java/util/concurrent/ConcurrentLinkedDeque$Itr
Event: 17.762 loading class java/util/concurrent/ConcurrentLinkedDeque$AbstractItr
Event: 17.762 loading class java/util/concurrent/ConcurrentLinkedDeque$AbstractItr done
Event: 17.762 loading class java/util/concurrent/ConcurrentLinkedDeque$Itr done


Dynamic libraries:
0x00007ff62c7d0000 - 0x00007ff62c7e0000 	C:\Program Files\Java\jdk-17.0.5\bin\java.EXE
0x00007ffc20bd0000 - 0x00007ffc20dc8000 	C:\WINDOWS\SYSTEM32\ntdll.dll
0x00007ffc206b0000 - 0x00007ffc2076f000 	C:\WINDOWS\System32\KERNEL32.DLL
0x00007ffc1e7b0000 - 0x00007ffc1ea8a000 	C:\WINDOWS\System32\KERNELBASE.dll
0x0000000070210000 - 0x00000000702ac000 	C:\ProgramData\Symantec\Symantec Endpoint Protection\14.3.8289.5000.105\Data\Sysfer\x64\sysfer.dll
0x00007ffc1e6b0000 - 0x00007ffc1e7b0000 	C:\WINDOWS\System32\ucrtbase.dll
0x00007ffc0be80000 - 0x00007ffc0be9a000 	C:\Program Files\Java\jdk-17.0.5\bin\VCRUNTIME140.dll
0x00007ffc09950000 - 0x00007ffc09968000 	C:\Program Files\Java\jdk-17.0.5\bin\jli.dll
0x00007ffc201d0000 - 0x00007ffc2027e000 	C:\WINDOWS\System32\ADVAPI32.dll
0x00007ffc20770000 - 0x00007ffc2080e000 	C:\WINDOWS\System32\msvcrt.dll
0x00007ffc1f4d0000 - 0x00007ffc1f56c000 	C:\WINDOWS\System32\sechost.dll
0x00007ffc1ec40000 - 0x00007ffc1ed66000 	C:\WINDOWS\System32\RPCRT4.dll
0x00007ffc204a0000 - 0x00007ffc2063d000 	C:\WINDOWS\System32\USER32.dll
0x00007ffc1e3d0000 - 0x00007ffc1e3f2000 	C:\WINDOWS\System32\win32u.dll
0x00007ffc09c20000 - 0x00007ffc09eba000 	C:\WINDOWS\WinSxS\amd64_microsoft.windows.common-controls_6595b64144ccf1df_6.0.19041.1110_none_60b5254171f9507e\COMCTL32.dll
0x00007ffc20470000 - 0x00007ffc2049b000 	C:\WINDOWS\System32\GDI32.dll
0x00007ffc1eb20000 - 0x00007ffc1ec30000 	C:\WINDOWS\System32\gdi32full.dll
0x00007ffc1e330000 - 0x00007ffc1e3cd000 	C:\WINDOWS\System32\msvcp_win.dll
0x00007ffc18f30000 - 0x00007ffc18f3a000 	C:\WINDOWS\SYSTEM32\VERSION.dll
0x00007ffc1ff00000 - 0x00007ffc1ff30000 	C:\WINDOWS\System32\IMM32.DLL
0x00007ffc197d0000 - 0x00007ffc197dc000 	C:\Program Files\Java\jdk-17.0.5\bin\vcruntime140_1.dll
0x00007ffbfa700000 - 0x00007ffbfa78d000 	C:\Program Files\Java\jdk-17.0.5\bin\msvcp140.dll
0x00007ffbdd3b0000 - 0x00007ffbddf72000 	C:\Program Files\Java\jdk-17.0.5\bin\server\jvm.dll
0x00007ffc1fe20000 - 0x00007ffc1fe28000 	C:\WINDOWS\System32\PSAPI.DLL
0x00007ffc0ac80000 - 0x00007ffc0ac89000 	C:\WINDOWS\SYSTEM32\WSOCK32.dll
0x00007ffc20640000 - 0x00007ffc206ab000 	C:\WINDOWS\System32\WS2_32.dll
0x00007ffc0a330000 - 0x00007ffc0a357000 	C:\WINDOWS\SYSTEM32\WINMM.dll
0x00007ffc1c100000 - 0x00007ffc1c112000 	C:\WINDOWS\SYSTEM32\kernel.appcore.dll
0x00007ffc13c10000 - 0x00007ffc13c1a000 	C:\Program Files\Java\jdk-17.0.5\bin\jimage.dll
0x00007ffc085d0000 - 0x00007ffc087b4000 	C:\WINDOWS\SYSTEM32\DBGHELP.DLL
0x00007ffc083c0000 - 0x00007ffc083f4000 	C:\WINDOWS\SYSTEM32\dbgcore.DLL
0x00007ffc1ea90000 - 0x00007ffc1eb12000 	C:\WINDOWS\System32\bcryptPrimitives.dll
0x00007ffc09930000 - 0x00007ffc0993e000 	C:\Program Files\Java\jdk-17.0.5\bin\instrument.dll
0x00007ffc094f0000 - 0x00007ffc09515000 	C:\Program Files\Java\jdk-17.0.5\bin\java.dll
0x00007ffc02e20000 - 0x00007ffc02e5b000 	C:\Program Files\Java\jdk-17.0.5\bin\jdwp.dll
0x00007ffbed170000 - 0x00007ffbed246000 	C:\Program Files\Java\jdk-17.0.5\bin\jsvml.dll
0x00007ffc1ed80000 - 0x00007ffc1f4c4000 	C:\WINDOWS\System32\SHELL32.dll
0x00007ffc1c300000 - 0x00007ffc1ca93000 	C:\WINDOWS\SYSTEM32\windows.storage.dll
0x00007ffc1f9e0000 - 0x00007ffc1fd34000 	C:\WINDOWS\System32\combase.dll
0x00007ffc1dbf0000 - 0x00007ffc1dc1e000 	C:\WINDOWS\SYSTEM32\Wldp.dll
0x00007ffc20890000 - 0x00007ffc2093d000 	C:\WINDOWS\System32\SHCORE.dll
0x00007ffc20390000 - 0x00007ffc203e5000 	C:\WINDOWS\System32\shlwapi.dll
0x00007ffc1e220000 - 0x00007ffc1e23f000 	C:\WINDOWS\SYSTEM32\profapi.dll
0x00007ffc09780000 - 0x00007ffc09798000 	C:\Program Files\Java\jdk-17.0.5\bin\zip.dll
0x00007ffc08a00000 - 0x00007ffc08a19000 	C:\Program Files\Java\jdk-17.0.5\bin\net.dll
0x00007ffc185a0000 - 0x00007ffc186aa000 	C:\WINDOWS\SYSTEM32\WINHTTP.dll
0x00007ffc1d960000 - 0x00007ffc1d9ca000 	C:\WINDOWS\system32\mswsock.dll
0x00007ffc085b0000 - 0x00007ffc085c6000 	C:\Program Files\Java\jdk-17.0.5\bin\nio.dll
0x00007ffc09920000 - 0x00007ffc0992c000 	C:\Program Files\Java\jdk-17.0.5\bin\dt_socket.dll
0x00007ffc1d670000 - 0x00007ffc1d6ac000 	C:\WINDOWS\SYSTEM32\IPHLPAPI.DLL
0x00007ffc1d6c0000 - 0x00007ffc1d78b000 	C:\WINDOWS\SYSTEM32\DNSAPI.dll
0x00007ffc1ed70000 - 0x00007ffc1ed78000 	C:\WINDOWS\System32\NSI.dll
0x00007ffc17e10000 - 0x00007ffc17e1a000 	C:\Windows\System32\rasadhlp.dll
0x00007ffc19820000 - 0x00007ffc198a0000 	C:\WINDOWS\System32\fwpuclnt.dll
0x00007ffc1e400000 - 0x00007ffc1e427000 	C:\WINDOWS\System32\bcrypt.dll
0x00007ffc099f0000 - 0x00007ffc09a00000 	C:\Program Files\Java\jdk-17.0.5\bin\verify.dll
0x00007ffc19ec0000 - 0x00007ffc19ec9000 	C:\Program Files\Java\jdk-17.0.5\bin\management.dll
0x00007ffc0b420000 - 0x00007ffc0b42b000 	C:\Program Files\Java\jdk-17.0.5\bin\management_ext.dll
0x00007ffc09910000 - 0x00007ffc0991a000 	F:\Portables\apache-maven-3.9.1\lib\jansi-native\jansi-1.18-93fa3188adb8407f81dad04d08abc8192e4e380d.dll
0x00007ffc1df50000 - 0x00007ffc1df68000 	C:\WINDOWS\SYSTEM32\CRYPTSP.dll
0x00007ffc1d2a0000 - 0x00007ffc1d2d4000 	C:\WINDOWS\system32\rsaenh.dll
0x00007ffc1e1e0000 - 0x00007ffc1e20e000 	C:\WINDOWS\SYSTEM32\USERENV.dll
0x00007ffc1daf0000 - 0x00007ffc1dafc000 	C:\WINDOWS\SYSTEM32\CRYPTBASE.dll
0x00007ffc19800000 - 0x00007ffc19817000 	C:\WINDOWS\SYSTEM32\dhcpcsvc6.DLL
0x00007ffc19790000 - 0x00007ffc197ad000 	C:\WINDOWS\SYSTEM32\dhcpcsvc.DLL
0x00007ffc09840000 - 0x00007ffc0984e000 	C:\Program Files\Java\jdk-17.0.5\bin\sunmscapi.dll
0x00007ffc1e4a0000 - 0x00007ffc1e5f6000 	C:\WINDOWS\System32\CRYPT32.dll
0x00007ffc1dc60000 - 0x00007ffc1dc88000 	C:\WINDOWS\SYSTEM32\ncrypt.dll
0x00007ffc1dc20000 - 0x00007ffc1dc5b000 	C:\WINDOWS\SYSTEM32\NTASN1.dll
0x00007ffc08c10000 - 0x00007ffc08c17000 	C:\WINDOWS\system32\wshunix.dll

dbghelp: loaded successfully - version: 4.0.5 - missing functions: none
symbol engine: initialized successfully - sym options: 0x614 - pdb path: .;C:\Program Files\Java\jdk-17.0.5\bin;C:\WINDOWS\SYSTEM32;C:\ProgramData\Symantec\Symantec Endpoint Protection\14.3.8289.5000.105\Data\Sysfer\x64;C:\WINDOWS\WinSxS\amd64_microsoft.windows.common-controls_6595b64144ccf1df_6.0.19041.1110_none_60b5254171f9507e;C:\Program Files\Java\jdk-17.0.5\bin\server;F:\Portables\apache-maven-3.9.1\lib\jansi-native

VM Arguments:
jvm_args: -Dio.quarkus.force-color-support=true -Dquarkus-internal.serialized-app-model.path=F:\WorkingPlace\TpbFico\Research\kogito-quarkus-samples\target\quarkus\bootstrap\dev-app-model.dat -javaagent:C:\Users\BuuHQ\.m2\repository\io\quarkus\quarkus-class-change-agent\2.16.6.Final\quarkus-class-change-agent-2.16.6.Final.jar -XX:TieredStopAtLevel=1 -agentlib:jdwp=transport=dt_socket,address=localhost:5005,server=y,suspend=n -Djava.util.logging.manager=org.jboss.logmanager.LogManager 
java_command: F:\WorkingPlace\TpbFico\Research\kogito-quarkus-samples\target\dmn-rule-dev.jar
java_class_path (initial): F:\WorkingPlace\TpbFico\Research\kogito-quarkus-samples\target\dmn-rule-dev.jar
Launcher Type: SUN_STANDARD

[Global flags]
     intx CICompilerCount                          = 12                                        {product} {ergonomic}
     uint ConcGCThreads                            = 3                                         {product} {ergonomic}
     uint G1ConcRefinementThreads                  = 13                                        {product} {ergonomic}
   size_t G1HeapRegionSize                         = 4194304                                   {product} {ergonomic}
    uintx GCDrainStackTargetSize                   = 64                                        {product} {ergonomic}
   size_t InitialHeapSize                          = 402653184                                 {product} {ergonomic}
   size_t MarkStackSize                            = 4194304                                   {product} {ergonomic}
   size_t MaxHeapSize                              = 6400507904                                {product} {ergonomic}
   size_t MaxNewSize                               = 3837788160                                {product} {ergonomic}
   size_t MinHeapDeltaBytes                        = 4194304                                   {product} {ergonomic}
   size_t MinHeapSize                              = 8388608                                   {product} {ergonomic}
    uintx NonProfiledCodeHeapSize                  = 0                                      {pd product} {ergonomic}
     bool ProfileInterpreter                       = false                                  {pd product} {command line}
    uintx ProfiledCodeHeapSize                     = 0                                      {pd product} {ergonomic}
   size_t SoftMaxHeapSize                          = 6400507904                             {manageable} {ergonomic}
     intx TieredStopAtLevel                        = 1                                         {product} {command line}
     bool UseCompressedClassPointers               = true                           {product lp64_product} {ergonomic}
     bool UseCompressedOops                        = true                           {product lp64_product} {ergonomic}
     bool UseG1GC                                  = true                                      {product} {ergonomic}
     bool UseLargePagesIndividualAllocation        = false                                  {pd product} {ergonomic}

Logging:
Log output configuration:
 #0: stdout all=warning uptime,level,tags
 #1: stderr all=off uptime,level,tags

Environment Variables:
JAVA_HOME=C:\Program Files\Java\jdk-17.0.5
PATH=F:\AtlProgramFiles\Python\Python311\Scripts\;F:\AtlProgramFiles\Python\Python311\;C:\WINDOWS\system32;C:\WINDOWS;C:\WINDOWS\System32\Wbem;C:\WINDOWS\System32\WindowsPowerShell\v1.0\;C:\WINDOWS\System32\OpenSSH\;F:\Portables\apache-maven-3.9.1\bin;C:\Program Files\Java\jdk-17.0.5\bin;C:\Program Files\Java\JavaSwitcher;C:\Program Files\Git\cmd;D:\Portables\Gradle\gradle-7.5.1\bin;C:\Program Files\nodejs\;C:\Program Files\PuTTY\;C:\Program Files\Docker\Docker\resources\bin;F:\Portables\cmder;C:\Program Files\dotnet\;C:\Program Files\Microsoft SQL Server\150\Tools\Binn\;C:\Program Files\Microsoft SQL Server\Client SDK\ODBC\170\Tools\Binn\;C:\Users\BuuHQ\scoop\shims;C:\Users\BuuHQ\AppData\Local\Microsoft\WindowsApps;C:\Program Files\JetBrains\IntelliJ IDEA 2022.2.3\bin;;C:\Program Files\Azure Data Studio\bin;C:\Users\BuuHQ\AppData\Roaming\npm;F:\AtlProgramFiles\Microsoft VS Code\bin;C:\Users\BuuHQ\.dotnet\tools
USERNAME=BuuHQ
LANG=en_US.UTF-8
OS=Windows_NT
PROCESSOR_IDENTIFIER=Intel64 Family 6 Model 165 Stepping 5, GenuineIntel



---------------  S Y S T E M  ---------------

OS:
 Windows 10 , 64 bit Build 19041 (10.0.19041.2788)
OS uptime: 1 days 7:38 hours
Hyper-V role detected

CPU: total 16 (initial active 16) (8 cores per cpu, 2 threads per core) family 6 model 165 stepping 5 microcode 0xca, cx8, cmov, fxsr, ht, mmx, 3dnowpref, sse, sse2, sse3, ssse3, sse4.1, sse4.2, popcnt, lzcnt, tsc, tscinvbit, avx, avx2, aes, erms, clmul, bmi1, bmi2, adx, fma, vzeroupper, clflush, clflushopt, hv

Memory: 4k page, system-wide physical 24400M (3110M free)
TotalPageFile size 39650M (AvailPageFile size 6M)
current process WorkingSet (physical memory assigned to process): 486M, peak: 486M
current process commit charge ("private bytes"): 572M, peak: 600M

vm_info: Java HotSpot(TM) 64-Bit Server VM (17.0.5+9-LTS-191) for windows-amd64 JRE (17.0.5+9-LTS-191), built on Sep 13 2022 17:31:43 by "mach5one" with MS VC++ 16.8 / 16.9 (VS2019)

END.
