#
# There is insufficient memory for the Java Runtime Environment to continue.
# Native memory allocation (mmap) failed to map 402653184 bytes for G1 virtual space
# Possible reasons:
#   The system is out of physical RAM or swap space
#   The process is running with CompressedOops enabled, and the Java Heap may be blocking the growth of the native heap
# Possible solutions:
#   Reduce memory load on the system
#   Increase physical memory or swap space
#   Check if swap backing store is full
#   Decrease Java heap size (-Xmx/-Xms)
#   Decrease number of Java threads
#   Decrease Java thread stack sizes (-Xss)
#   Set larger code cache with -XX:ReservedCodeCacheSize=
#   JVM is running with Zero Based Compressed Oops mode in which the Java heap is
#     placed in the first 32GB address space. The Java Heap base address is the
#     maximum limit for the native heap growth. Please use -XX:HeapBaseMinAddress
#     to set the Java Heap base and to place the Java Heap above 32GB virtual address.
# This output file may be truncated or incomplete.
#
#  Out of Memory Error (os_windows.cpp:3541), pid=1844, tid=5396
#
# JRE version:  (17.0.5+9) (build )
# Java VM: Java HotSpot(TM) 64-Bit Server VM (17.0.5+9-LTS-191, mixed mode, sharing, tiered, compressed oops, compressed class ptrs, g1 gc, windows-amd64)
# No core dump will be written. Minidumps are not enabled by default on client versions of Windows
#

---------------  S U M M A R Y ------------

Command Line: 

Host: Intel(R) Core(TM) i7-10700 CPU @ 2.90GHz, 16 cores, 23G,  Windows 10 , 64 bit Build 19041 (10.0.19041.2788)
Time: Thu May  4 14:52:29 2023 SE Asia Standard Time elapsed time: 0.028185 seconds (0d 0h 0m 0s)

---------------  T H R E A D  ---------------

Current thread (0x000002341d5121c0):  JavaThread "Unknown thread" [_thread_in_vm, id=5396, stack(0x0000009a92d00000,0x0000009a92e00000)]

Stack: [0x0000009a92d00000,0x0000009a92e00000]
Native frames: (J=compiled Java code, j=interpreted, Vv=VM code, C=native code)
V  [jvm.dll+0x672eea]
V  [jvm.dll+0x7d2a04]
V  [jvm.dll+0x7d41ae]
V  [jvm.dll+0x7d4813]
V  [jvm.dll+0x242c15]
V  [jvm.dll+0x66fe09]
V  [jvm.dll+0x664682]
V  [jvm.dll+0x300e8b]
V  [jvm.dll+0x308426]
V  [jvm.dll+0x357ffe]
V  [jvm.dll+0x35822f]
V  [jvm.dll+0x2d80a8]
V  [jvm.dll+0x2d9014]
V  [jvm.dll+0x7a44e1]
V  [jvm.dll+0x365df1]
V  [jvm.dll+0x7838fc]
V  [jvm.dll+0x3e873f]
V  [jvm.dll+0x3ea1e1]
C  [jli.dll+0x527b]
C  [ucrtbase.dll+0x21bb2]
C  [KERNEL32.DLL+0x17604]
C  [ntdll.dll+0x526a1]


---------------  P R O C E S S  ---------------

Threads class SMR info:
_java_thread_list=0x00007ffba0f5a8d8, length=0, elements={
}

Java Threads: ( => current thread )

Other Threads:
  0x000002341d59c550 GCTaskThread "GC Thread#0" [stack: 0x0000009a92e00000,0x0000009a92f00000] [id=25944]
  0x000002341d5a9350 ConcurrentGCThread "G1 Main Marker" [stack: 0x0000009a92f00000,0x0000009a93000000] [id=7240]
  0x000002341d5a9d60 ConcurrentGCThread "G1 Conc#0" [stack: 0x0000009a93000000,0x0000009a93100000] [id=1432]

[error occurred during error reporting (printing all threads), id 0xc0000005, EXCEPTION_ACCESS_VIOLATION (0xc0000005) at pc=0x00007ffba07a8a97]

VM state: not at safepoint (not fully initialized)

VM Mutex/Monitor currently owned by a thread:  ([mutex/lock_event])
[0x000002341d50d4b0] Heap_lock - owner thread: 0x000002341d5121c0

Heap address: 0x0000000682800000, size: 6104 MB, Compressed Oops mode: Zero based, Oop shift amount: 3

CDS archive(s) mapped at: [0x0000000000000000-0x0000000000000000-0x0000000000000000), size 0, SharedBaseAddress: 0x0000000800000000, ArchiveRelocationMode: 0.
Narrow klass base: 0x0000000000000000, Narrow klass shift: 0, Narrow klass range: 0x0

GC Precious Log:
<Empty>

Heap:
 garbage-first heap   total 0K, used 0K [0x0000000682800000, 0x0000000800000000)
  region size 4096K, 0 young (0K), 0 survivors (0K)

[error occurred during error reporting (printing heap information), id 0xc0000005, EXCEPTION_ACCESS_VIOLATION (0xc0000005) at pc=0x00007ffba0b8c399]

GC Heap History (0 events):
No events

Deoptimization events (0 events):
No events

Classes unloaded (0 events):
No events

Classes redefined (0 events):
No events

Internal exceptions (0 events):
No events

VM Operations (0 events):
No events

Events (1 events):
Event: 0.010 Loaded shared library C:\Program Files\Java\jdk-17.0.5\bin\java.dll


Dynamic libraries:
0x00007ff771a80000 - 0x00007ff771a90000 	C:\Program Files\Java\jdk-17.0.5\bin\java.exe
0x00007ffc20bd0000 - 0x00007ffc20dc8000 	C:\WINDOWS\SYSTEM32\ntdll.dll
0x00007ffc206b0000 - 0x00007ffc2076f000 	C:\WINDOWS\System32\KERNEL32.DLL
0x00007ffc1e7b0000 - 0x00007ffc1ea8a000 	C:\WINDOWS\System32\KERNELBASE.dll
0x0000000070210000 - 0x00000000702ac000 	C:\ProgramData\Symantec\Symantec Endpoint Protection\14.3.8289.5000.105\Data\Sysfer\x64\sysfer.dll
0x00007ffc1e6b0000 - 0x00007ffc1e7b0000 	C:\WINDOWS\System32\ucrtbase.dll
0x00007ffc13ca0000 - 0x00007ffc13cb8000 	C:\Program Files\Java\jdk-17.0.5\bin\jli.dll
0x00007ffc201d0000 - 0x00007ffc2027e000 	C:\WINDOWS\System32\ADVAPI32.dll
0x00007ffc1adf0000 - 0x00007ffc1ae0a000 	C:\Program Files\Java\jdk-17.0.5\bin\VCRUNTIME140.dll
0x00007ffc20770000 - 0x00007ffc2080e000 	C:\WINDOWS\System32\msvcrt.dll
0x00007ffc1f4d0000 - 0x00007ffc1f56c000 	C:\WINDOWS\System32\sechost.dll
0x00007ffc1ec40000 - 0x00007ffc1ed66000 	C:\WINDOWS\System32\RPCRT4.dll
0x00007ffc204a0000 - 0x00007ffc2063d000 	C:\WINDOWS\System32\USER32.dll
0x00007ffc1e3d0000 - 0x00007ffc1e3f2000 	C:\WINDOWS\System32\win32u.dll
0x00007ffc09c20000 - 0x00007ffc09eba000 	C:\WINDOWS\WinSxS\amd64_microsoft.windows.common-controls_6595b64144ccf1df_6.0.19041.1110_none_60b5254171f9507e\COMCTL32.dll
0x00007ffc20470000 - 0x00007ffc2049b000 	C:\WINDOWS\System32\GDI32.dll
0x00007ffc1eb20000 - 0x00007ffc1ec30000 	C:\WINDOWS\System32\gdi32full.dll
0x00007ffc1e330000 - 0x00007ffc1e3cd000 	C:\WINDOWS\System32\msvcp_win.dll
0x00007ffc18f30000 - 0x00007ffc18f3a000 	C:\WINDOWS\SYSTEM32\VERSION.dll
0x00007ffc1ff00000 - 0x00007ffc1ff30000 	C:\WINDOWS\System32\IMM32.DLL
0x00007ffc1aed0000 - 0x00007ffc1aedc000 	C:\Program Files\Java\jdk-17.0.5\bin\vcruntime140_1.dll
0x00007ffc08ac0000 - 0x00007ffc08b4d000 	C:\Program Files\Java\jdk-17.0.5\bin\msvcp140.dll
0x00007ffba04c0000 - 0x00007ffba1082000 	C:\Program Files\Java\jdk-17.0.5\bin\server\jvm.dll
0x00007ffc1fe20000 - 0x00007ffc1fe28000 	C:\WINDOWS\System32\PSAPI.DLL
0x00007ffc0ac80000 - 0x00007ffc0ac89000 	C:\WINDOWS\SYSTEM32\WSOCK32.dll
0x00007ffc20640000 - 0x00007ffc206ab000 	C:\WINDOWS\System32\WS2_32.dll
0x00007ffc0a330000 - 0x00007ffc0a357000 	C:\WINDOWS\SYSTEM32\WINMM.dll
0x00007ffc1c100000 - 0x00007ffc1c112000 	C:\WINDOWS\SYSTEM32\kernel.appcore.dll
0x00007ffc197d0000 - 0x00007ffc197da000 	C:\Program Files\Java\jdk-17.0.5\bin\jimage.dll
0x00007ffc085d0000 - 0x00007ffc087b4000 	C:\WINDOWS\SYSTEM32\DBGHELP.DLL
0x00007ffc083c0000 - 0x00007ffc083f4000 	C:\WINDOWS\SYSTEM32\dbgcore.DLL
0x00007ffc1ea90000 - 0x00007ffc1eb12000 	C:\WINDOWS\System32\bcryptPrimitives.dll
0x00007ffc06c90000 - 0x00007ffc06cb5000 	C:\Program Files\Java\jdk-17.0.5\bin\java.dll

dbghelp: loaded successfully - version: 4.0.5 - missing functions: none
symbol engine: initialized successfully - sym options: 0x614 - pdb path: .;C:\Program Files\Java\jdk-17.0.5\bin;C:\WINDOWS\SYSTEM32;C:\ProgramData\Symantec\Symantec Endpoint Protection\14.3.8289.5000.105\Data\Sysfer\x64;C:\WINDOWS\WinSxS\amd64_microsoft.windows.common-controls_6595b64144ccf1df_6.0.19041.1110_none_60b5254171f9507e;C:\Program Files\Java\jdk-17.0.5\bin\server

VM Arguments:
java_command: <unknown>
java_class_path (initial): <not set>
Launcher Type: SUN_STANDARD

[Global flags]
     intx CICompilerCount                          = 12                                        {product} {ergonomic}
     uint ConcGCThreads                            = 3                                         {product} {ergonomic}
     uint G1ConcRefinementThreads                  = 13                                        {product} {ergonomic}
   size_t G1HeapRegionSize                         = 4194304                                   {product} {ergonomic}
    uintx GCDrainStackTargetSize                   = 64                                        {product} {ergonomic}
   size_t InitialHeapSize                          = 402653184                                 {product} {ergonomic}
   size_t MarkStackSize                            = 4194304                                   {product} {ergonomic}
   size_t MaxHeapSize                              = 6400507904                                {product} {ergonomic}
   size_t MinHeapDeltaBytes                        = 4194304                                   {product} {ergonomic}
   size_t MinHeapSize                              = 8388608                                   {product} {ergonomic}
    uintx NonNMethodCodeHeapSize                   = 7602480                                {pd product} {ergonomic}
    uintx NonProfiledCodeHeapSize                  = 122027880                              {pd product} {ergonomic}
    uintx ProfiledCodeHeapSize                     = 122027880                              {pd product} {ergonomic}
    uintx ReservedCodeCacheSize                    = 251658240                              {pd product} {ergonomic}
     bool SegmentedCodeCache                       = true                                      {product} {ergonomic}
   size_t SoftMaxHeapSize                          = 6400507904                             {manageable} {ergonomic}
     bool UseCompressedClassPointers               = true                           {product lp64_product} {ergonomic}
     bool UseCompressedOops                        = true                           {product lp64_product} {ergonomic}
     bool UseG1GC                                  = true                                      {product} {ergonomic}
     bool UseLargePagesIndividualAllocation        = false                                  {pd product} {ergonomic}

Logging:
Log output configuration:
 #0: stdout all=warning uptime,level,tags
 #1: stderr all=off uptime,level,tags

Environment Variables:
JAVA_HOME=C:\Program Files\Java\jdk-17.0.5
PATH=F:\AtlProgramFiles\Python\Python311\Scripts\;F:\AtlProgramFiles\Python\Python311\;C:\WINDOWS\system32;C:\WINDOWS;C:\WINDOWS\System32\Wbem;C:\WINDOWS\System32\WindowsPowerShell\v1.0\;C:\WINDOWS\System32\OpenSSH\;F:\Portables\apache-maven-3.9.1\bin;C:\Program Files\Java\jdk-17.0.5\bin;C:\Program Files\Java\JavaSwitcher;C:\Program Files\Git\cmd;D:\Portables\Gradle\gradle-7.5.1\bin;C:\Program Files\nodejs\;C:\Program Files\PuTTY\;C:\Program Files\Docker\Docker\resources\bin;F:\Portables\cmder;C:\Program Files\dotnet\;C:\Program Files\Microsoft SQL Server\150\Tools\Binn\;C:\Program Files\Microsoft SQL Server\Client SDK\ODBC\170\Tools\Binn\;C:\Users\BuuHQ\scoop\shims;C:\Users\BuuHQ\AppData\Local\Microsoft\WindowsApps;C:\Program Files\JetBrains\IntelliJ IDEA 2022.2.3\bin;;C:\Program Files\Azure Data Studio\bin;C:\Users\BuuHQ\AppData\Roaming\npm;F:\AtlProgramFiles\Microsoft VS Code\bin;C:\Users\BuuHQ\.dotnet\tools
USERNAME=BuuHQ
LANG=en_US.UTF-8
OS=Windows_NT
PROCESSOR_IDENTIFIER=Intel64 Family 6 Model 165 Stepping 5, GenuineIntel



---------------  S Y S T E M  ---------------

OS:
 Windows 10 , 64 bit Build 19041 (10.0.19041.2788)
OS uptime: 0 days 5:46 hours
Hyper-V role detected

CPU: total 16 (initial active 16) (8 cores per cpu, 2 threads per core) family 6 model 165 stepping 5 microcode 0xca, cx8, cmov, fxsr, ht, mmx, 3dnowpref, sse, sse2, sse3, ssse3, sse4.1, sse4.2, popcnt, lzcnt, tsc, tscinvbit, avx, avx2, aes, erms, clmul, bmi1, bmi2, adx, fma, vzeroupper, clflush, clflushopt, hv

Memory: 4k page, system-wide physical 24400M (3205M free)
TotalPageFile size 39650M (AvailPageFile size 39M)
current process WorkingSet (physical memory assigned to process): 11M, peak: 11M
current process commit charge ("private bytes"): 71M, peak: 455M

vm_info: Java HotSpot(TM) 64-Bit Server VM (17.0.5+9-LTS-191) for windows-amd64 JRE (17.0.5+9-LTS-191), built on Sep 13 2022 17:31:43 by "mach5one" with MS VC++ 16.8 / 16.9 (VS2019)

END.
