2023-04-28 11:55:13,138 tpfho-0472mn9 dmn-rule-dev.jar[11540] WARN  [io.qua.config] (Quarkus Main Thread) Unrecognized configuration key "kogito.data-index.url" was provided; it will be ignored; verify that the dependency extension for this configuration is set or that you did not make a typo
2023-04-28 11:55:13,138 tpfho-0472mn9 dmn-rule-dev.jar[11540] WARN  [io.qua.config] (Quarkus Main Thread) Unrecognized configuration key "kogito.generate.rest.decisions" was provided; it will be ignored; verify that the dependency extension for this configuration is set or that you did not make a typo
2023-04-28 11:55:13,667 tpfho-0472mn9 dmn-rule-dev.jar[11540] INFO  [org.kie.kog.qua.wor.dep.dev.DataIndexInMemoryContainer] (docker-java-stream--1674139072) STDOUT: __  ____  __  _____   ___  __ ____  ______ 
2023-04-28 11:55:13,667 tpfho-0472mn9 dmn-rule-dev.jar[11540] INFO  [org.kie.kog.qua.wor.dep.dev.DataIndexInMemoryContainer] (docker-java-stream--1674139072) STDOUT:  --/ __ \/ / / / _ | / _ \/ //_/ / / / __/ 
2023-04-28 11:55:13,667 tpfho-0472mn9 dmn-rule-dev.jar[11540] INFO  [org.kie.kog.qua.wor.dep.dev.DataIndexInMemoryContainer] (docker-java-stream--1674139072) STDOUT:  -/ /_/ / /_/ / __ |/ , _/ ,< / /_/ /\ \   
2023-04-28 11:55:13,667 tpfho-0472mn9 dmn-rule-dev.jar[11540] INFO  [org.kie.kog.qua.wor.dep.dev.DataIndexInMemoryContainer] (docker-java-stream--1674139072) STDOUT: --\___\_\____/_/ |_/_/|_/_/|_|\____/___/   
2023-04-28 11:55:13,667 tpfho-0472mn9 dmn-rule-dev.jar[11540] INFO  [org.kie.kog.qua.wor.dep.dev.DataIndexInMemoryContainer] (docker-java-stream--1674139072) STDOUT: 2023-04-28 04:55:09,820 INFO  [io.zon.tes.db.pos.emb.EmbeddedPostgres] (main) Detected a Linux x86_64 system
2023-04-28 11:55:13,667 tpfho-0472mn9 dmn-rule-dev.jar[11540] INFO  [org.kie.kog.qua.wor.dep.dev.DataIndexInMemoryContainer] (docker-java-stream--1674139072) STDOUT: 2023-04-28 04:55:09,834 INFO  [io.zon.tes.db.pos.emb.DefaultPostgresBinaryResolver] (main) Detected distribution: 'Red Hat Enterprise Linux'
2023-04-28 11:55:13,667 tpfho-0472mn9 dmn-rule-dev.jar[11540] INFO  [org.kie.kog.qua.wor.dep.dev.DataIndexInMemoryContainer] (docker-java-stream--1674139072) STDOUT: 2023-04-28 04:55:09,836 INFO  [io.zon.tes.db.pos.emb.DefaultPostgresBinaryResolver] (main) System specific postgres binaries found: 'postgres-linux-x86_64.txz'
2023-04-28 11:55:13,668 tpfho-0472mn9 dmn-rule-dev.jar[11540] INFO  [org.kie.kog.qua.wor.dep.dev.DataIndexInMemoryContainer] (docker-java-stream--1674139072) STDOUT: 2023-04-28 04:55:09,877 INFO  [io.zon.tes.db.pos.emb.EmbeddedPostgres] (main) Extracting Postgres...
2023-04-28 11:55:13,668 tpfho-0472mn9 dmn-rule-dev.jar[11540] INFO  [org.kie.kog.qua.wor.dep.dev.DataIndexInMemoryContainer] (docker-java-stream--1674139072) STDOUT: 2023-04-28 04:55:11,189 INFO  [io.zon.tes.db.pos.emb.EmbeddedPostgres] (main) Postgres binaries at /tmp/embedded-pg/PG-6c49567cf90958c26c9657be00060fde
2023-04-28 11:55:13,668 tpfho-0472mn9 dmn-rule-dev.jar[11540] INFO  [org.kie.kog.qua.wor.dep.dev.DataIndexInMemoryContainer] (docker-java-stream--1674139072) STDOUT: 2023-04-28 04:55:11,195 INFO  [io.zon.tes.db.pos.emb.EmbeddedPostgres] (initdb:pid(89)) The files belonging to this database system will be owned by user "kogito".
2023-04-28 11:55:13,668 tpfho-0472mn9 dmn-rule-dev.jar[11540] INFO  [org.kie.kog.qua.wor.dep.dev.DataIndexInMemoryContainer] (docker-java-stream--1674139072) STDOUT: 2023-04-28 04:55:11,195 INFO  [io.zon.tes.db.pos.emb.EmbeddedPostgres] (initdb:pid(89)) This user must also own the server process.
2023-04-28 11:55:13,668 tpfho-0472mn9 dmn-rule-dev.jar[11540] INFO  [org.kie.kog.qua.wor.dep.dev.DataIndexInMemoryContainer] (docker-java-stream--1674139072) STDOUT: 2023-04-28 04:55:11,195 INFO  [io.zon.tes.db.pos.emb.EmbeddedPostgres] (initdb:pid(89)) 
2023-04-28 11:55:13,668 tpfho-0472mn9 dmn-rule-dev.jar[11540] INFO  [org.kie.kog.qua.wor.dep.dev.DataIndexInMemoryContainer] (docker-java-stream--1674139072) STDOUT: 2023-04-28 04:55:11,195 INFO  [io.zon.tes.db.pos.emb.EmbeddedPostgres] (initdb:pid(89)) The database cluster will be initialized with locale "C".
2023-04-28 11:55:13,668 tpfho-0472mn9 dmn-rule-dev.jar[11540] INFO  [org.kie.kog.qua.wor.dep.dev.DataIndexInMemoryContainer] (docker-java-stream--1674139072) STDOUT: 2023-04-28 04:55:11,195 INFO  [io.zon.tes.db.pos.emb.EmbeddedPostgres] (initdb:pid(89)) The default text search configuration will be set to "english".
2023-04-28 11:55:13,668 tpfho-0472mn9 dmn-rule-dev.jar[11540] INFO  [org.kie.kog.qua.wor.dep.dev.DataIndexInMemoryContainer] (docker-java-stream--1674139072) STDOUT: 2023-04-28 04:55:11,195 INFO  [io.zon.tes.db.pos.emb.EmbeddedPostgres] (initdb:pid(89)) 
2023-04-28 11:55:13,668 tpfho-0472mn9 dmn-rule-dev.jar[11540] INFO  [org.kie.kog.qua.wor.dep.dev.DataIndexInMemoryContainer] (docker-java-stream--1674139072) STDOUT: 2023-04-28 04:55:11,195 INFO  [io.zon.tes.db.pos.emb.EmbeddedPostgres] (initdb:pid(89)) Data page checksums are disabled.
2023-04-28 11:55:13,668 tpfho-0472mn9 dmn-rule-dev.jar[11540] INFO  [org.kie.kog.qua.wor.dep.dev.DataIndexInMemoryContainer] (docker-java-stream--1674139072) STDOUT: 2023-04-28 04:55:11,195 INFO  [io.zon.tes.db.pos.emb.EmbeddedPostgres] (initdb:pid(89)) 
2023-04-28 11:55:13,668 tpfho-0472mn9 dmn-rule-dev.jar[11540] INFO  [org.kie.kog.qua.wor.dep.dev.DataIndexInMemoryContainer] (docker-java-stream--1674139072) STDOUT: 2023-04-28 04:55:11,195 INFO  [io.zon.tes.db.pos.emb.EmbeddedPostgres] (initdb:pid(89)) fixing permissions on existing directory /tmp/epg6630660874541813957 ... ok
2023-04-28 11:55:13,669 tpfho-0472mn9 dmn-rule-dev.jar[11540] INFO  [org.kie.kog.qua.wor.dep.dev.DataIndexInMemoryContainer] (docker-java-stream--1674139072) STDOUT: 2023-04-28 04:55:11,196 INFO  [io.zon.tes.db.pos.emb.EmbeddedPostgres] (initdb:pid(89)) creating subdirectories ... ok
2023-04-28 11:55:13,669 tpfho-0472mn9 dmn-rule-dev.jar[11540] INFO  [org.kie.kog.qua.wor.dep.dev.DataIndexInMemoryContainer] (docker-java-stream--1674139072) STDOUT: 2023-04-28 04:55:11,196 INFO  [io.zon.tes.db.pos.emb.EmbeddedPostgres] (initdb:pid(89)) selecting dynamic shared memory implementation ... posix
2023-04-28 11:55:13,669 tpfho-0472mn9 dmn-rule-dev.jar[11540] INFO  [org.kie.kog.qua.wor.dep.dev.DataIndexInMemoryContainer] (docker-java-stream--1674139072) STDOUT: 2023-04-28 04:55:11,201 INFO  [io.zon.tes.db.pos.emb.EmbeddedPostgres] (initdb:pid(89)) selecting default max_connections ... 100
2023-04-28 11:55:13,669 tpfho-0472mn9 dmn-rule-dev.jar[11540] INFO  [org.kie.kog.qua.wor.dep.dev.DataIndexInMemoryContainer] (docker-java-stream--1674139072) STDOUT: 2023-04-28 04:55:11,210 INFO  [io.zon.tes.db.pos.emb.EmbeddedPostgres] (initdb:pid(89)) selecting default shared_buffers ... 128MB
2023-04-28 11:55:13,669 tpfho-0472mn9 dmn-rule-dev.jar[11540] INFO  [org.kie.kog.qua.wor.dep.dev.DataIndexInMemoryContainer] (docker-java-stream--1674139072) STDOUT: 2023-04-28 04:55:11,271 INFO  [io.zon.tes.db.pos.emb.EmbeddedPostgres] (initdb:pid(89)) selecting default time zone ... UTC
2023-04-28 11:55:13,669 tpfho-0472mn9 dmn-rule-dev.jar[11540] INFO  [org.kie.kog.qua.wor.dep.dev.DataIndexInMemoryContainer] (docker-java-stream--1674139072) STDOUT: 2023-04-28 04:55:11,272 INFO  [io.zon.tes.db.pos.emb.EmbeddedPostgres] (initdb:pid(89)) creating configuration files ... ok
2023-04-28 11:55:13,669 tpfho-0472mn9 dmn-rule-dev.jar[11540] INFO  [org.kie.kog.qua.wor.dep.dev.DataIndexInMemoryContainer] (docker-java-stream--1674139072) STDOUT: 2023-04-28 04:55:11,364 INFO  [io.zon.tes.db.pos.emb.EmbeddedPostgres] (initdb:pid(89)) running bootstrap script ... ok
2023-04-28 11:55:13,669 tpfho-0472mn9 dmn-rule-dev.jar[11540] INFO  [org.kie.kog.qua.wor.dep.dev.DataIndexInMemoryContainer] (docker-java-stream--1674139072) STDOUT: 2023-04-28 04:55:11,721 INFO  [io.zon.tes.db.pos.emb.EmbeddedPostgres] (initdb:pid(89)) performing post-bootstrap initialization ... ok
2023-04-28 11:55:13,670 tpfho-0472mn9 dmn-rule-dev.jar[11540] INFO  [org.kie.kog.qua.wor.dep.dev.DataIndexInMemoryContainer] (docker-java-stream--1674139072) STDOUT: 2023-04-28 04:55:13,111 INFO  [io.zon.tes.db.pos.emb.EmbeddedPostgres] (initdb:pid(89)) syncing data to disk ... ok
2023-04-28 11:55:13,670 tpfho-0472mn9 dmn-rule-dev.jar[11540] INFO  [org.kie.kog.qua.wor.dep.dev.DataIndexInMemoryContainer] (docker-java-stream--1674139072) STDOUT: 2023-04-28 04:55:13,111 INFO  [io.zon.tes.db.pos.emb.EmbeddedPostgres] (initdb:pid(89)) 
2023-04-28 11:55:13,670 tpfho-0472mn9 dmn-rule-dev.jar[11540] INFO  [org.kie.kog.qua.wor.dep.dev.DataIndexInMemoryContainer] (docker-java-stream--1674139072) STDOUT: 2023-04-28 04:55:13,111 INFO  [io.zon.tes.db.pos.emb.EmbeddedPostgres] (initdb:pid(89)) Success. You can now start the database server using:
2023-04-28 11:55:13,670 tpfho-0472mn9 dmn-rule-dev.jar[11540] INFO  [org.kie.kog.qua.wor.dep.dev.DataIndexInMemoryContainer] (docker-java-stream--1674139072) STDOUT: 2023-04-28 04:55:13,111 INFO  [io.zon.tes.db.pos.emb.EmbeddedPostgres] (initdb:pid(89)) 
2023-04-28 11:55:13,670 tpfho-0472mn9 dmn-rule-dev.jar[11540] INFO  [org.kie.kog.qua.wor.dep.dev.DataIndexInMemoryContainer] (docker-java-stream--1674139072) STDOUT: 2023-04-28 04:55:13,111 INFO  [io.zon.tes.db.pos.emb.EmbeddedPostgres] (initdb:pid(89))     /tmp/embedded-pg/PG-6c49567cf90958c26c9657be00060fde/bin/pg_ctl -D /tmp/epg6630660874541813957 -l logfile start
2023-04-28 11:55:13,670 tpfho-0472mn9 dmn-rule-dev.jar[11540] INFO  [org.kie.kog.qua.wor.dep.dev.DataIndexInMemoryContainer] (docker-java-stream--1674139072) STDOUT: 2023-04-28 04:55:13,111 INFO  [io.zon.tes.db.pos.emb.EmbeddedPostgres] (initdb:pid(89)) 
2023-04-28 11:55:13,670 tpfho-0472mn9 dmn-rule-dev.jar[11540] INFO  [org.kie.kog.qua.wor.dep.dev.DataIndexInMemoryContainer] (docker-java-stream--1674139072) STDOUT: 2023-04-28 04:55:13,112 INFO  [io.zon.tes.db.pos.emb.EmbeddedPostgres] (main) e4e743ec-ae37-451d-acaa-a1ee2cfadc65 initdb completed in 00:00:01.921
2023-04-28 11:55:13,671 tpfho-0472mn9 dmn-rule-dev.jar[11540] INFO  [org.kie.kog.qua.wor.dep.dev.DataIndexInMemoryContainer] (docker-java-stream--1674139072) STDOUT: 2023-04-28 04:55:13,114 INFO  [io.zon.tes.db.pos.emb.EmbeddedPostgres] (main) e4e743ec-ae37-451d-acaa-a1ee2cfadc65 postmaster started as Process[pid=100, exitValue="not exited"] on port 43949.  Waiting up to PT10S for server startup to finish.
2023-04-28 11:55:13,671 tpfho-0472mn9 dmn-rule-dev.jar[11540] INFO  [org.kie.kog.qua.wor.dep.dev.DataIndexInMemoryContainer] (docker-java-stream--1674139072) STDOUT: 2023-04-28 04:55:13,128 INFO  [io.zon.tes.db.pos.emb.EmbeddedPostgres] (postgres:pid(100)) waiting for server to start....2023-04-28 04:55:13.128 UTC [103] LOG:  starting PostgreSQL 14.6 on x86_64-pc-linux-gnu, compiled by gcc (Ubuntu 4.8.4-2ubuntu1~14.04.4) 4.8.4, 64-bit
2023-04-28 11:55:13,671 tpfho-0472mn9 dmn-rule-dev.jar[11540] INFO  [org.kie.kog.qua.wor.dep.dev.DataIndexInMemoryContainer] (docker-java-stream--1674139072) STDOUT: 2023-04-28 04:55:13,129 INFO  [io.zon.tes.db.pos.emb.EmbeddedPostgres] (postgres:pid(100)) 2023-04-28 04:55:13.129 UTC [103] LOG:  listening on IPv4 address "127.0.0.1", port 43949
2023-04-28 11:55:13,672 tpfho-0472mn9 dmn-rule-dev.jar[11540] INFO  [org.kie.kog.qua.wor.dep.dev.DataIndexInMemoryContainer] (docker-java-stream--1674139072) STDOUT: 2023-04-28 04:55:13,129 INFO  [io.zon.tes.db.pos.emb.EmbeddedPostgres] (postgres:pid(100)) 2023-04-28 04:55:13.129 UTC [103] LOG:  could not bind IPv6 address "::1": Cannot assign requested address
2023-04-28 11:55:13,672 tpfho-0472mn9 dmn-rule-dev.jar[11540] INFO  [org.kie.kog.qua.wor.dep.dev.DataIndexInMemoryContainer] (docker-java-stream--1674139072) STDOUT: 2023-04-28 04:55:13,129 INFO  [io.zon.tes.db.pos.emb.EmbeddedPostgres] (postgres:pid(100)) 2023-04-28 04:55:13.129 UTC [103] LOG:  listening on Unix socket "/tmp/.s.PGSQL.43949"
2023-04-28 11:55:13,673 tpfho-0472mn9 dmn-rule-dev.jar[11540] INFO  [org.kie.kog.qua.wor.dep.dev.DataIndexInMemoryContainer] (docker-java-stream--1674139072) STDOUT: 2023-04-28 04:55:13,130 INFO  [io.zon.tes.db.pos.emb.EmbeddedPostgres] (postgres:pid(100)) 2023-04-28 04:55:13.130 UTC [104] LOG:  database system was shut down at 2023-04-28 04:55:11 UTC
2023-04-28 11:55:13,673 tpfho-0472mn9 dmn-rule-dev.jar[11540] INFO  [org.kie.kog.qua.wor.dep.dev.DataIndexInMemoryContainer] (docker-java-stream--1674139072) STDOUT: 2023-04-28 04:55:13,131 INFO  [io.zon.tes.db.pos.emb.EmbeddedPostgres] (postgres:pid(100)) 2023-04-28 04:55:13.131 UTC [103] LOG:  database system is ready to accept connections
2023-04-28 11:55:13,673 tpfho-0472mn9 dmn-rule-dev.jar[11540] INFO  [org.kie.kog.qua.wor.dep.dev.DataIndexInMemoryContainer] (docker-java-stream--1674139072) STDOUT: 2023-04-28 04:55:13,217 INFO  [io.zon.tes.db.pos.emb.EmbeddedPostgres] (postgres:pid(100))  done
2023-04-28 11:55:13,673 tpfho-0472mn9 dmn-rule-dev.jar[11540] INFO  [org.kie.kog.qua.wor.dep.dev.DataIndexInMemoryContainer] (docker-java-stream--1674139072) STDOUT: 2023-04-28 04:55:13,217 INFO  [io.zon.tes.db.pos.emb.EmbeddedPostgres] (postgres:pid(100)) server started
2023-04-28 11:55:13,673 tpfho-0472mn9 dmn-rule-dev.jar[11540] INFO  [org.kie.kog.qua.wor.dep.dev.DataIndexInMemoryContainer] (docker-java-stream--1674139072) STDOUT: 2023-04-28 04:55:13,286 INFO  [io.zon.tes.db.pos.emb.EmbeddedPostgres] (main) e4e743ec-ae37-451d-acaa-a1ee2cfadc65 postmaster startup finished in 00:00:00.173
2023-04-28 11:55:13,675 tpfho-0472mn9 dmn-rule-dev.jar[11540] INFO  [org.kie.kog.qua.wor.dep.dev.DataIndexInMemoryContainer] (docker-java-stream--1674139072) STDOUT: 2023-04-28 04:55:13,286 INFO  [io.qua.emb.pos.EmbeddedPostgreSQLRecorder] (main) Embedded Postgres started at port "43949" with database "postgres", user "postgres" and password "postgres"
2023-04-28 11:55:13,675 tpfho-0472mn9 dmn-rule-dev.jar[11540] INFO  [org.kie.kog.qua.wor.dep.dev.DataIndexInMemoryContainer] (docker-java-stream--1674139072) STDOUT: 2023-04-28 04:55:13,580 WARN  [io.qua.run.con.ConfigRecorder] (main) Build time property cannot be changed at runtime:
2023-04-28 11:55:13,675 tpfho-0472mn9 dmn-rule-dev.jar[11540] INFO  [org.kie.kog.qua.wor.dep.dev.DataIndexInMemoryContainer] (docker-java-stream--1674139072) STDOUT:  - quarkus.platform.version is set to '2.16.6.Final' but it is build time fixed to '999-SNAPSHOT'. Did you change the property quarkus.platform.version after building the application?
2023-04-28 11:55:13,675 tpfho-0472mn9 dmn-rule-dev.jar[11540] INFO  [org.kie.kog.qua.wor.dep.dev.DataIndexInMemoryContainer] (docker-java-stream--1674139072) STDOUT: 2023-04-28 04:55:13,615 WARN  [io.qua.agr.run.AgroalConnectionConfigurer] (main) Agroal does not support detecting if a connection is still usable after an exception for database kind: postgresql
2023-04-28 11:55:14,278 tpfho-0472mn9 dmn-rule-dev.jar[11540] INFO  [org.kie.kog.qua.wor.dep.dev.DataIndexInMemoryContainer] (docker-java-stream--1674139072) STDOUT: 2023-04-28 04:55:14,276 INFO  [org.kie.kog.per.pro.ProtobufService] (main) Registering Kogito ProtoBuffer file: kogito-index.proto
2023-04-28 11:55:14,326 tpfho-0472mn9 dmn-rule-dev.jar[11540] INFO  [org.kie.kog.qua.wor.dep.dev.DataIndexInMemoryContainer] (docker-java-stream--1674139072) STDOUT: 2023-04-28 04:55:14,323 INFO  [org.kie.kog.per.pro.ProtobufService] (main) Registering Kogito ProtoBuffer file: kogito-types.proto
2023-04-28 11:55:14,421 tpfho-0472mn9 dmn-rule-dev.jar[11540] INFO  [org.kie.kog.qua.wor.dep.dev.DataIndexInMemoryContainer] (docker-java-stream--1674139072) STDOUT: 2023-04-28 04:55:14,418 INFO  [io.quarkus] (main) data-index-service-inmemory 1.36.1.Final on JVM (powered by Quarkus 2.16.4.Final) started in 5.562s. Listening on: http://0.0.0.0:8080
2023-04-28 11:55:14,495 tpfho-0472mn9 dmn-rule-dev.jar[11540] INFO  [org.hib.rea.pro.imp.ReactiveIntegrator] (JPA Startup Thread) HR000001: Hibernate Reactive
2023-04-28 11:55:14,555 tpfho-0472mn9 dmn-rule-dev.jar[11540] INFO  [org.kie.kog.qua.wor.dep.dev.DataIndexInMemoryContainer] (docker-java-stream--1674139072) STDOUT: 2023-04-28 04:55:14,418 INFO  [io.quarkus] (main) Profile http-events-support activated. 
2023-04-28 11:55:14,558 tpfho-0472mn9 dmn-rule-dev.jar[11540] INFO  [org.kie.kog.qua.wor.dep.dev.DataIndexInMemoryContainer] (docker-java-stream--1674139072) STDOUT: 2023-04-28 04:55:14,418 INFO  [io.quarkus] (main) Installed features: [agroal, cdi, embedded-postgres, hibernate-orm, hibernate-orm-panache, jdbc-postgresql, narayana-jta, oidc, reactive-routes, rest-client-reactive, rest-client-reactive-jackson, security, smallrye-context-propagation, smallrye-graphql-client, smallrye-health, smallrye-metrics, smallrye-reactive-messaging, smallrye-reactive-messaging-http, vertx, vertx-graphql]
2023-04-28 11:55:15,417 tpfho-0472mn9 dmn-rule-dev.jar[11540] INFO  [io.quarkus] (Quarkus Main Thread) dmn-rule 1.0.0-SNAPSHOT on JVM (powered by Quarkus 2.16.6.Final) started in 16.665s. Listening on: http://localhost:9081
2023-04-28 11:55:15,418 tpfho-0472mn9 dmn-rule-dev.jar[11540] INFO  [io.quarkus] (Quarkus Main Thread) Profile dev activated. Live Coding activated.
2023-04-28 11:55:15,419 tpfho-0472mn9 dmn-rule-dev.jar[11540] INFO  [io.quarkus] (Quarkus Main Thread) Installed features: [cdi, hibernate-orm, hibernate-reactive, hibernate-reactive-panache, hibernate-validator, kogito-decisions, kogito-predictions, kogito-processes, kogito-rules, reactive-pg-client, resteasy-reactive, resteasy-reactive-jackson, smallrye-context-propagation, smallrye-openapi, swagger-ui, vertx]
2023-04-28 11:55:18,573 tpfho-0472mn9 dmn-rule-dev.jar[11540] INFO  [kog.sam.per.PersonController] (vert.x-eventloop-thread-3) -------Reactive Person Db get all
2023-04-28 12:00:18,224 tpfho-0472mn9 dmn-rule-dev.jar[11540] WARNING [org.aes.rea.ter.imp.AbstractWindowsTerminal] (Shutdown thread) Failed to write out.
2023-04-28 12:00:18,224 tpfho-0472mn9 dmn-rule-dev.jar[11540] INFO  [io.quarkus] (Shutdown thread) dmn-rule stopped in 0.097s
